#-----------------------------------------------------------
# Vivado v2020.1 (64-bit)
# SW Build 2902540 on Wed May 27 19:54:35 MDT 2020
# IP Build 2902112 on Wed May 27 22:43:36 MDT 2020
# Start of session at: Mon Nov 20 01:37:18 2023
# Process ID: 56997
# Current directory: /home/jboateng/cpre_587_lab3/cpre_587_lab1/lab3/cpre487-587-lab3-main/hw/piped_mac/tb/tcl
# Command line: vivado
# Log file: /home/jboateng/cpre_587_lab3/cpre_587_lab1/lab3/cpre487-587-lab3-main/hw/piped_mac/tb/tcl/vivado.log
# Journal file: /home/jboateng/cpre_587_lab3/cpre_587_lab1/lab3/cpre487-587-lab3-main/hw/piped_mac/tb/tcl/vivado.jou
#-----------------------------------------------------------
start_gui
open_project /home/jboateng/cpre_587_lab3/cpre_587_lab1/lab3/cpre487-587-lab3-main/hw/piped_mac/vivado/tc_piped_mac/tc_piped_mac.xpr
Scanning sources...
Finished scanning sources
INFO: [IP_Flow 19-234] Refreshing IP repositories
INFO: [IP_Flow 19-1700] Loaded user IP repository '/home/jboateng/cpre_587_lab3/cpre_587_lab1/lab3/cpre487-587-lab3-main/hw/piped_mac'.
WARNING: [IP_Flow 19-3656] If you move the project, the path for repository '/home/jboateng/cpre_587_lab3/cpre_587_lab1/lab3/cpre487-587-lab3-main/hw/piped_mac' may become invalid. A better location for the repository would be in a path adjacent to the project. (Current project location is '/home/jboateng/cpre_587_lab3/cpre_587_lab1/lab3/cpre487-587-lab3-main/hw/piped_mac/vivado/tc_piped_mac'.)
INFO: [IP_Flow 19-2313] Loaded Vivado IP repository '/remote/Xilinx/2020.1/Vivado/2020.1/data/ip'.
WARNING: [IP_Flow 19-3899] Cannot get the environment domain name variable for the component vendor name. Setting the vendor name to 'user.org'.
open_project: Time (s): cpu = 00:00:13 ; elapsed = 00:00:11 . Memory (MB): peak = 7326.039 ; gain = 30.273 ; free physical = 5898 ; free virtual = 19609
update_compile_order -fileset sources_1
launch_simulation
Command: launch_simulation 
INFO: [Vivado 12-5682] Launching behavioral simulation in '/home/jboateng/cpre_587_lab3/cpre_587_lab1/lab3/cpre487-587-lab3-main/hw/piped_mac/vivado/tc_piped_mac/tc_piped_mac.sim/sim_1/behav/xsim'
INFO: [SIM-utils-51] Simulation object is 'sim_1'
INFO: [SIM-utils-54] Inspecting design source files for 'piped_mac' in fileset 'sim_1'...
INFO: [USF-XSim-97] Finding global include files...
INFO: [USF-XSim-98] Fetching design files from 'sim_1'...
INFO: [USF-XSim-2] XSim::Compile design
INFO: [USF-XSim-61] Executing 'COMPILE and ANALYZE' step in '/home/jboateng/cpre_587_lab3/cpre_587_lab1/lab3/cpre487-587-lab3-main/hw/piped_mac/vivado/tc_piped_mac/tc_piped_mac.sim/sim_1/behav/xsim'
xvhdl --incr --relax -prj piped_mac_vhdl.prj
INFO: [USF-XSim-69] 'compile' step finished in '1' seconds
INFO: [USF-XSim-3] XSim::Elaborate design
INFO: [USF-XSim-61] Executing 'ELABORATE' step in '/home/jboateng/cpre_587_lab3/cpre_587_lab1/lab3/cpre487-587-lab3-main/hw/piped_mac/vivado/tc_piped_mac/tc_piped_mac.sim/sim_1/behav/xsim'
xelab -wto fb616671c31c463490847cd35ff8347c --incr --debug typical --relax --mt 8 -L xil_defaultlib -L secureip --snapshot piped_mac_behav xil_defaultlib.piped_mac -log elaborate.log
Vivado Simulator 2020.1
Copyright 1986-1999, 2001-2020 Xilinx, Inc. All Rights Reserved.
Running: /remote/Xilinx/2020.1/Vivado/2020.1/bin/unwrapped/lnx64.o/xelab -wto fb616671c31c463490847cd35ff8347c --incr --debug typical --relax --mt 8 -L xil_defaultlib -L secureip --snapshot piped_mac_behav xil_defaultlib.piped_mac -log elaborate.log 
Using 8 slave threads.
Starting static elaboration
Completed static elaboration
INFO: [XSIM 43-4323] No Change in HDL. Linking previously generated obj files to create kernel
INFO: [USF-XSim-69] 'elaborate' step finished in '2' seconds
INFO: [USF-XSim-4] XSim::Simulate design
INFO: [USF-XSim-61] Executing 'SIMULATE' step in '/home/jboateng/cpre_587_lab3/cpre_587_lab1/lab3/cpre487-587-lab3-main/hw/piped_mac/vivado/tc_piped_mac/tc_piped_mac.sim/sim_1/behav/xsim'
INFO: [USF-XSim-98] *** Running xsim
   with args "piped_mac_behav -key {Behavioral:sim_1:Functional:piped_mac} -tclbatch {piped_mac.tcl} -log {simulate.log}"
INFO: [USF-XSim-8] Loading simulator feature
Vivado Simulator 2020.1
Time resolution is 1 ps
source piped_mac.tcl
# set curr_wave [current_wave_config]
# if { [string length $curr_wave] == 0 } {
#   if { [llength [get_objects]] > 0} {
#     add_wave /
#     set_property needs_save false [current_wave_config]
#   } else {
#      send_msg_id Add_Wave-1 WARNING "No top level signals found. Simulator will start without a wave window. If you want to open a wave window go to 'File->New Waveform Configuration' or type 'create_wave_config' in the TCL console."
#   }
# }
# run 1000ns
INFO: [USF-XSim-96] XSim completed. Design snapshot 'piped_mac_behav' loaded.
INFO: [USF-XSim-97] XSim simulation ran for 1000ns
launch_simulation: Time (s): cpu = 00:00:11 ; elapsed = 00:00:08 . Memory (MB): peak = 7459.145 ; gain = 99.824 ; free physical = 5835 ; free virtual = 19546
pwd
/home/jboateng/cpre_587_lab3/cpre_587_lab1/lab3/cpre487-587-lab3-main/hw/piped_mac/tb/tcl
ls
WARNING: [Common 17-259] Unknown Tcl command 'ls' sending command to the OS shell for execution. It is recommended to use 'exec' to send the command to the OS shell.
piped_mac1_tb.tcl
piped_mac2_tb.tcl
piped_mac_tb.tcl
vivado.jou
vivado.log
vivado_pid56997.str
source piped_mac2_tb.tcl
# relaunch_sim
Command: launch_simulation -simset sim_1 -mode behavioral
INFO: [Vivado 12-5682] Launching behavioral simulation in '/home/jboateng/cpre_587_lab3/cpre_587_lab1/lab3/cpre487-587-lab3-main/hw/piped_mac/vivado/tc_piped_mac/tc_piped_mac.sim/sim_1/behav/xsim'
INFO: [SIM-utils-51] Simulation object is 'sim_1'
INFO: [SIM-utils-54] Inspecting design source files for 'piped_mac' in fileset 'sim_1'...
INFO: [USF-XSim-97] Finding global include files...
INFO: [USF-XSim-98] Fetching design files from 'sim_1'...
INFO: [USF-XSim-2] XSim::Compile design
INFO: [USF-XSim-61] Executing 'COMPILE and ANALYZE' step in '/home/jboateng/cpre_587_lab3/cpre_587_lab1/lab3/cpre487-587-lab3-main/hw/piped_mac/vivado/tc_piped_mac/tc_piped_mac.sim/sim_1/behav/xsim'
xvhdl --incr --relax -prj piped_mac_vhdl.prj
INFO: [USF-XSim-69] 'compile' step finished in '2' seconds
Command: launch_simulation -simset sim_1 -mode behavioral
INFO: [Vivado 12-5682] Launching behavioral simulation in '/home/jboateng/cpre_587_lab3/cpre_587_lab1/lab3/cpre487-587-lab3-main/hw/piped_mac/vivado/tc_piped_mac/tc_piped_mac.sim/sim_1/behav/xsim'
INFO: [USF-XSim-3] XSim::Elaborate design
INFO: [USF-XSim-61] Executing 'ELABORATE' step in '/home/jboateng/cpre_587_lab3/cpre_587_lab1/lab3/cpre487-587-lab3-main/hw/piped_mac/vivado/tc_piped_mac/tc_piped_mac.sim/sim_1/behav/xsim'
xelab -wto fb616671c31c463490847cd35ff8347c --incr --debug typical --relax --mt 8 -L xil_defaultlib -L secureip --snapshot piped_mac_behav xil_defaultlib.piped_mac -log elaborate.log
Vivado Simulator 2020.1
Copyright 1986-1999, 2001-2020 Xilinx, Inc. All Rights Reserved.
Running: /remote/Xilinx/2020.1/Vivado/2020.1/bin/unwrapped/lnx64.o/xelab -wto fb616671c31c463490847cd35ff8347c --incr --debug typical --relax --mt 8 -L xil_defaultlib -L secureip --snapshot piped_mac_behav xil_defaultlib.piped_mac -log elaborate.log 
Using 8 slave threads.
Starting static elaboration
Completed static elaboration
INFO: [XSIM 43-4323] No Change in HDL. Linking previously generated obj files to create kernel
INFO: [USF-XSim-69] 'elaborate' step finished in '1' seconds
Vivado Simulator 2020.1
Time resolution is 1 ps
relaunch_sim: Time (s): cpu = 00:00:05 ; elapsed = 00:00:06 . Memory (MB): peak = 7459.145 ; gain = 0.000 ; free physical = 5843 ; free virtual = 19554
# add_force {/piped_mac/ACLK} -radix hex {0 0ns} {1 5000ps} -repeat_every 10000ps
# add_force {/piped_mac/ARESETN} -radix hex {0 0ns}
# run 30ns
# add_force {/piped_mac/ARESETN} -radix hex {1 0ns}
# add_force {/piped_mac/MO_AXIS_TREADY} -radix hex {1 0ns}
# add_force {/piped_mac/SD_AXIS_TVALID} -radix hex {1 0ns}
# add_force {/piped_mac/SD_AXIS_TLAST} -radix hex {0 0ns}
# add_force {/piped_mac/SD_AXIS_TID} -radix hex {2 0ns}
# add_force {/piped_mac/SD_AXIS_TDATA} -radix hex {1111111122222222 0ns}
# add_force {/piped_mac/SD_AXIS_TUSER} -radix hex {0 0ns}
# run 10ns
# add_force {/piped_mac/SD_AXIS_TLAST} -radix hex {1 0ns}
# add_force {/piped_mac/SD_AXIS_TDATA} -radix hex {1010101020202020 0ns}
# run 10ns
# add_force {/piped_mac/SD_AXIS_TLAST} -radix hex {0 0ns}
# add_force {/piped_mac/SD_AXIS_TVALID} -radix hex {0 0ns}
# run 50ns
close_sim
INFO: [Simtcl 6-16] Simulation closed
launch_simulation
Command: launch_simulation 
INFO: [Vivado 12-5682] Launching behavioral simulation in '/home/jboateng/cpre_587_lab3/cpre_587_lab1/lab3/cpre487-587-lab3-main/hw/piped_mac/vivado/tc_piped_mac/tc_piped_mac.sim/sim_1/behav/xsim'
INFO: [SIM-utils-51] Simulation object is 'sim_1'
INFO: [SIM-utils-54] Inspecting design source files for 'piped_mac' in fileset 'sim_1'...
INFO: [USF-XSim-97] Finding global include files...
INFO: [USF-XSim-98] Fetching design files from 'sim_1'...
INFO: [USF-XSim-2] XSim::Compile design
INFO: [USF-XSim-61] Executing 'COMPILE and ANALYZE' step in '/home/jboateng/cpre_587_lab3/cpre_587_lab1/lab3/cpre487-587-lab3-main/hw/piped_mac/vivado/tc_piped_mac/tc_piped_mac.sim/sim_1/behav/xsim'
xvhdl --incr --relax -prj piped_mac_vhdl.prj
INFO: [VRFC 10-163] Analyzing VHDL file "/home/jboateng/cpre_587_lab3/cpre_587_lab1/lab3/cpre487-587-lab3-main/hw/piped_mac/hdl/piped_mac.vhd" into library xil_defaultlib
INFO: [VRFC 10-3107] analyzing entity 'piped_mac'
INFO: [USF-XSim-69] 'compile' step finished in '1' seconds
INFO: [USF-XSim-3] XSim::Elaborate design
INFO: [USF-XSim-61] Executing 'ELABORATE' step in '/home/jboateng/cpre_587_lab3/cpre_587_lab1/lab3/cpre487-587-lab3-main/hw/piped_mac/vivado/tc_piped_mac/tc_piped_mac.sim/sim_1/behav/xsim'
xelab -wto fb616671c31c463490847cd35ff8347c --incr --debug typical --relax --mt 8 -L xil_defaultlib -L secureip --snapshot piped_mac_behav xil_defaultlib.piped_mac -log elaborate.log
Vivado Simulator 2020.1
Copyright 1986-1999, 2001-2020 Xilinx, Inc. All Rights Reserved.
Running: /remote/Xilinx/2020.1/Vivado/2020.1/bin/unwrapped/lnx64.o/xelab -wto fb616671c31c463490847cd35ff8347c --incr --debug typical --relax --mt 8 -L xil_defaultlib -L secureip --snapshot piped_mac_behav xil_defaultlib.piped_mac -log elaborate.log 
Using 8 slave threads.
Starting static elaboration
Completed static elaboration
Starting simulation data flow analysis
Completed simulation data flow analysis
Time Resolution for simulation is 1ps
Compiling package std.standard
Compiling package std.textio
Compiling package ieee.std_logic_1164
Compiling package ieee.numeric_std
Compiling architecture behavioral of entity xil_defaultlib.piped_mac
Built simulation snapshot piped_mac_behav
INFO: [USF-XSim-69] 'elaborate' step finished in '2' seconds
INFO: [USF-XSim-4] XSim::Simulate design
INFO: [USF-XSim-61] Executing 'SIMULATE' step in '/home/jboateng/cpre_587_lab3/cpre_587_lab1/lab3/cpre487-587-lab3-main/hw/piped_mac/vivado/tc_piped_mac/tc_piped_mac.sim/sim_1/behav/xsim'
INFO: [USF-XSim-98] *** Running xsim
   with args "piped_mac_behav -key {Behavioral:sim_1:Functional:piped_mac} -tclbatch {piped_mac.tcl} -log {simulate.log}"
INFO: [USF-XSim-8] Loading simulator feature
Vivado Simulator 2020.1
Time resolution is 1 ps
source piped_mac.tcl
# set curr_wave [current_wave_config]
# if { [string length $curr_wave] == 0 } {
#   if { [llength [get_objects]] > 0} {
#     add_wave /
#     set_property needs_save false [current_wave_config]
#   } else {
#      send_msg_id Add_Wave-1 WARNING "No top level signals found. Simulator will start without a wave window. If you want to open a wave window go to 'File->New Waveform Configuration' or type 'create_wave_config' in the TCL console."
#   }
# }
# run 1000ns
INFO: [USF-XSim-96] XSim completed. Design snapshot 'piped_mac_behav' loaded.
INFO: [USF-XSim-97] XSim simulation ran for 1000ns
launch_simulation: Time (s): cpu = 00:00:07 ; elapsed = 00:00:07 . Memory (MB): peak = 7470.879 ; gain = 11.734 ; free physical = 5804 ; free virtual = 19509
source piped_mac2_tb.tcl
# relaunch_sim
Command: launch_simulation -simset sim_1 -mode behavioral
INFO: [Vivado 12-5682] Launching behavioral simulation in '/home/jboateng/cpre_587_lab3/cpre_587_lab1/lab3/cpre487-587-lab3-main/hw/piped_mac/vivado/tc_piped_mac/tc_piped_mac.sim/sim_1/behav/xsim'
INFO: [SIM-utils-51] Simulation object is 'sim_1'
INFO: [SIM-utils-54] Inspecting design source files for 'piped_mac' in fileset 'sim_1'...
INFO: [USF-XSim-97] Finding global include files...
INFO: [USF-XSim-98] Fetching design files from 'sim_1'...
INFO: [USF-XSim-2] XSim::Compile design
INFO: [USF-XSim-61] Executing 'COMPILE and ANALYZE' step in '/home/jboateng/cpre_587_lab3/cpre_587_lab1/lab3/cpre487-587-lab3-main/hw/piped_mac/vivado/tc_piped_mac/tc_piped_mac.sim/sim_1/behav/xsim'
xvhdl --incr --relax -prj piped_mac_vhdl.prj
INFO: [USF-XSim-69] 'compile' step finished in '1' seconds
Command: launch_simulation -simset sim_1 -mode behavioral
INFO: [Vivado 12-5682] Launching behavioral simulation in '/home/jboateng/cpre_587_lab3/cpre_587_lab1/lab3/cpre487-587-lab3-main/hw/piped_mac/vivado/tc_piped_mac/tc_piped_mac.sim/sim_1/behav/xsim'
INFO: [USF-XSim-3] XSim::Elaborate design
INFO: [USF-XSim-61] Executing 'ELABORATE' step in '/home/jboateng/cpre_587_lab3/cpre_587_lab1/lab3/cpre487-587-lab3-main/hw/piped_mac/vivado/tc_piped_mac/tc_piped_mac.sim/sim_1/behav/xsim'
xelab -wto fb616671c31c463490847cd35ff8347c --incr --debug typical --relax --mt 8 -L xil_defaultlib -L secureip --snapshot piped_mac_behav xil_defaultlib.piped_mac -log elaborate.log
Vivado Simulator 2020.1
Copyright 1986-1999, 2001-2020 Xilinx, Inc. All Rights Reserved.
Running: /remote/Xilinx/2020.1/Vivado/2020.1/bin/unwrapped/lnx64.o/xelab -wto fb616671c31c463490847cd35ff8347c --incr --debug typical --relax --mt 8 -L xil_defaultlib -L secureip --snapshot piped_mac_behav xil_defaultlib.piped_mac -log elaborate.log 
Using 8 slave threads.
Starting static elaboration
Completed static elaboration
INFO: [XSIM 43-4323] No Change in HDL. Linking previously generated obj files to create kernel
INFO: [USF-XSim-69] 'elaborate' step finished in '1' seconds
Vivado Simulator 2020.1
Time resolution is 1 ps
relaunch_sim: Time (s): cpu = 00:00:05 ; elapsed = 00:00:06 . Memory (MB): peak = 7470.879 ; gain = 0.000 ; free physical = 5797 ; free virtual = 19501
# add_force {/piped_mac/ACLK} -radix hex {0 0ns} {1 5000ps} -repeat_every 10000ps
# add_force {/piped_mac/ARESETN} -radix hex {0 0ns}
# run 30ns
# add_force {/piped_mac/ARESETN} -radix hex {1 0ns}
# add_force {/piped_mac/MO_AXIS_TREADY} -radix hex {1 0ns}
# add_force {/piped_mac/SD_AXIS_TVALID} -radix hex {1 0ns}
# add_force {/piped_mac/SD_AXIS_TLAST} -radix hex {0 0ns}
# add_force {/piped_mac/SD_AXIS_TID} -radix hex {2 0ns}
# add_force {/piped_mac/SD_AXIS_TDATA} -radix hex {1111111122222222 0ns}
# add_force {/piped_mac/SD_AXIS_TUSER} -radix hex {0 0ns}
# run 10ns
# add_force {/piped_mac/SD_AXIS_TLAST} -radix hex {1 0ns}
# add_force {/piped_mac/SD_AXIS_TDATA} -radix hex {1010101020202020 0ns}
# run 10ns
# add_force {/piped_mac/SD_AXIS_TLAST} -radix hex {0 0ns}
# add_force {/piped_mac/SD_AXIS_TVALID} -radix hex {0 0ns}
# run 50ns
update_compile_order -fileset sources_1
close_sim
INFO: [Simtcl 6-16] Simulation closed
launch_simulation
Command: launch_simulation 
INFO: [Vivado 12-5682] Launching behavioral simulation in '/home/jboateng/cpre_587_lab3/cpre_587_lab1/lab3/cpre487-587-lab3-main/hw/piped_mac/vivado/tc_piped_mac/tc_piped_mac.sim/sim_1/behav/xsim'
INFO: [SIM-utils-51] Simulation object is 'sim_1'
INFO: [SIM-utils-54] Inspecting design source files for 'piped_mac' in fileset 'sim_1'...
INFO: [USF-XSim-97] Finding global include files...
INFO: [USF-XSim-98] Fetching design files from 'sim_1'...
INFO: [USF-XSim-2] XSim::Compile design
INFO: [USF-XSim-61] Executing 'COMPILE and ANALYZE' step in '/home/jboateng/cpre_587_lab3/cpre_587_lab1/lab3/cpre487-587-lab3-main/hw/piped_mac/vivado/tc_piped_mac/tc_piped_mac.sim/sim_1/behav/xsim'
INFO: [USF-XSim-69] 'compile' step finished in '1' seconds
INFO: [USF-XSim-3] XSim::Elaborate design
INFO: [USF-XSim-61] Executing 'ELABORATE' step in '/home/jboateng/cpre_587_lab3/cpre_587_lab1/lab3/cpre487-587-lab3-main/hw/piped_mac/vivado/tc_piped_mac/tc_piped_mac.sim/sim_1/behav/xsim'
xelab -wto fb616671c31c463490847cd35ff8347c --incr --debug typical --relax --mt 8 -L secureip --snapshot piped_mac_behav xil_defaultlib.piped_mac -log elaborate.log
Vivado Simulator 2020.1
Copyright 1986-1999, 2001-2020 Xilinx, Inc. All Rights Reserved.
Running: /remote/Xilinx/2020.1/Vivado/2020.1/bin/unwrapped/lnx64.o/xelab -wto fb616671c31c463490847cd35ff8347c --incr --debug typical --relax --mt 8 -L secureip --snapshot piped_mac_behav xil_defaultlib.piped_mac -log elaborate.log 
Using 8 slave threads.
Starting static elaboration
Completed static elaboration
Starting simulation data flow analysis
Completed simulation data flow analysis
Time Resolution for simulation is 1ps
Compiling package std.standard
Compiling package std.textio
Compiling package ieee.std_logic_1164
Compiling package ieee.numeric_std
Compiling architecture behavioral of entity xil_defaultlib.piped_mac
Built simulation snapshot piped_mac_behav
INFO: [USF-XSim-69] 'elaborate' step finished in '2' seconds
INFO: [USF-XSim-4] XSim::Simulate design
INFO: [USF-XSim-61] Executing 'SIMULATE' step in '/home/jboateng/cpre_587_lab3/cpre_587_lab1/lab3/cpre487-587-lab3-main/hw/piped_mac/vivado/tc_piped_mac/tc_piped_mac.sim/sim_1/behav/xsim'
INFO: [USF-XSim-98] *** Running xsim
   with args "piped_mac_behav -key {Behavioral:sim_1:Functional:piped_mac} -tclbatch {piped_mac.tcl} -log {simulate.log}"
INFO: [USF-XSim-8] Loading simulator feature
Vivado Simulator 2020.1
Time resolution is 1 ps
source piped_mac.tcl
# set curr_wave [current_wave_config]
# if { [string length $curr_wave] == 0 } {
#   if { [llength [get_objects]] > 0} {
#     add_wave /
#     set_property needs_save false [current_wave_config]
#   } else {
#      send_msg_id Add_Wave-1 WARNING "No top level signals found. Simulator will start without a wave window. If you want to open a wave window go to 'File->New Waveform Configuration' or type 'create_wave_config' in the TCL console."
#   }
# }
# run 1000ns
INFO: [USF-XSim-96] XSim completed. Design snapshot 'piped_mac_behav' loaded.
INFO: [USF-XSim-97] XSim simulation ran for 1000ns
launch_simulation: Time (s): cpu = 00:00:08 ; elapsed = 00:00:12 . Memory (MB): peak = 7518.902 ; gain = 34.020 ; free physical = 5846 ; free virtual = 19551
source piped_mac2_tb.tcl
# relaunch_sim
Command: launch_simulation -simset sim_1 -mode behavioral
INFO: [Vivado 12-5682] Launching behavioral simulation in '/home/jboateng/cpre_587_lab3/cpre_587_lab1/lab3/cpre487-587-lab3-main/hw/piped_mac/vivado/tc_piped_mac/tc_piped_mac.sim/sim_1/behav/xsim'
INFO: [SIM-utils-51] Simulation object is 'sim_1'
INFO: [SIM-utils-54] Inspecting design source files for 'piped_mac' in fileset 'sim_1'...
INFO: [USF-XSim-97] Finding global include files...
INFO: [USF-XSim-98] Fetching design files from 'sim_1'...
INFO: [USF-XSim-2] XSim::Compile design
INFO: [USF-XSim-61] Executing 'COMPILE and ANALYZE' step in '/home/jboateng/cpre_587_lab3/cpre_587_lab1/lab3/cpre487-587-lab3-main/hw/piped_mac/vivado/tc_piped_mac/tc_piped_mac.sim/sim_1/behav/xsim'
INFO: [USF-XSim-69] 'compile' step finished in '1' seconds
launch_simulation: Time (s): cpu = 00:00:04 ; elapsed = 00:00:07 . Memory (MB): peak = 7518.902 ; gain = 0.000 ; free physical = 5868 ; free virtual = 19573
Command: launch_simulation -simset sim_1 -mode behavioral
INFO: [Vivado 12-5682] Launching behavioral simulation in '/home/jboateng/cpre_587_lab3/cpre_587_lab1/lab3/cpre487-587-lab3-main/hw/piped_mac/vivado/tc_piped_mac/tc_piped_mac.sim/sim_1/behav/xsim'
INFO: [USF-XSim-3] XSim::Elaborate design
INFO: [USF-XSim-61] Executing 'ELABORATE' step in '/home/jboateng/cpre_587_lab3/cpre_587_lab1/lab3/cpre487-587-lab3-main/hw/piped_mac/vivado/tc_piped_mac/tc_piped_mac.sim/sim_1/behav/xsim'
xelab -wto fb616671c31c463490847cd35ff8347c --incr --debug typical --relax --mt 8 -L secureip --snapshot piped_mac_behav xil_defaultlib.piped_mac -log elaborate.log
Vivado Simulator 2020.1
Copyright 1986-1999, 2001-2020 Xilinx, Inc. All Rights Reserved.
Running: /remote/Xilinx/2020.1/Vivado/2020.1/bin/unwrapped/lnx64.o/xelab -wto fb616671c31c463490847cd35ff8347c --incr --debug typical --relax --mt 8 -L secureip --snapshot piped_mac_behav xil_defaultlib.piped_mac -log elaborate.log 
Using 8 slave threads.
Starting static elaboration
Completed static elaboration
INFO: [XSIM 43-4323] No Change in HDL. Linking previously generated obj files to create kernel
INFO: [USF-XSim-69] 'elaborate' step finished in '2' seconds
Vivado Simulator 2020.1
Time resolution is 1 ps
relaunch_sim: Time (s): cpu = 00:00:08 ; elapsed = 00:00:12 . Memory (MB): peak = 7518.902 ; gain = 0.000 ; free physical = 5866 ; free virtual = 19570
# add_force {/piped_mac/ACLK} -radix hex {0 0ns} {1 5000ps} -repeat_every 10000ps
# add_force {/piped_mac/ARESETN} -radix hex {0 0ns}
# run 30ns
# add_force {/piped_mac/ARESETN} -radix hex {1 0ns}
# add_force {/piped_mac/MO_AXIS_TREADY} -radix hex {1 0ns}
# add_force {/piped_mac/SD_AXIS_TVALID} -radix hex {1 0ns}
# add_force {/piped_mac/SD_AXIS_TLAST} -radix hex {0 0ns}
# add_force {/piped_mac/SD_AXIS_TID} -radix hex {2 0ns}
# add_force {/piped_mac/SD_AXIS_TDATA} -radix hex {1111111122222222 0ns}
# add_force {/piped_mac/SD_AXIS_TUSER} -radix hex {0 0ns}
# run 10ns
# add_force {/piped_mac/SD_AXIS_TLAST} -radix hex {1 0ns}
# add_force {/piped_mac/SD_AXIS_TDATA} -radix hex {1010101020202020 0ns}
# run 10ns
# add_force {/piped_mac/SD_AXIS_TLAST} -radix hex {0 0ns}
# add_force {/piped_mac/SD_AXIS_TVALID} -radix hex {0 0ns}
# run 50ns
source piped_mac1_tb.tcl
# relaunch_sim
Command: launch_simulation -simset sim_1 -mode behavioral
INFO: [Vivado 12-5682] Launching behavioral simulation in '/home/jboateng/cpre_587_lab3/cpre_587_lab1/lab3/cpre487-587-lab3-main/hw/piped_mac/vivado/tc_piped_mac/tc_piped_mac.sim/sim_1/behav/xsim'
INFO: [SIM-utils-51] Simulation object is 'sim_1'
INFO: [SIM-utils-54] Inspecting design source files for 'piped_mac' in fileset 'sim_1'...
INFO: [USF-XSim-97] Finding global include files...
INFO: [USF-XSim-98] Fetching design files from 'sim_1'...
INFO: [USF-XSim-2] XSim::Compile design
INFO: [USF-XSim-61] Executing 'COMPILE and ANALYZE' step in '/home/jboateng/cpre_587_lab3/cpre_587_lab1/lab3/cpre487-587-lab3-main/hw/piped_mac/vivado/tc_piped_mac/tc_piped_mac.sim/sim_1/behav/xsim'
INFO: [USF-XSim-69] 'compile' step finished in '1' seconds
launch_simulation: Time (s): cpu = 00:00:04 ; elapsed = 00:00:07 . Memory (MB): peak = 7518.902 ; gain = 0.000 ; free physical = 5807 ; free virtual = 19512
Command: launch_simulation -simset sim_1 -mode behavioral
INFO: [Vivado 12-5682] Launching behavioral simulation in '/home/jboateng/cpre_587_lab3/cpre_587_lab1/lab3/cpre487-587-lab3-main/hw/piped_mac/vivado/tc_piped_mac/tc_piped_mac.sim/sim_1/behav/xsim'
INFO: [USF-XSim-3] XSim::Elaborate design
INFO: [USF-XSim-61] Executing 'ELABORATE' step in '/home/jboateng/cpre_587_lab3/cpre_587_lab1/lab3/cpre487-587-lab3-main/hw/piped_mac/vivado/tc_piped_mac/tc_piped_mac.sim/sim_1/behav/xsim'
xelab -wto fb616671c31c463490847cd35ff8347c --incr --debug typical --relax --mt 8 -L secureip --snapshot piped_mac_behav xil_defaultlib.piped_mac -log elaborate.log
Vivado Simulator 2020.1
Copyright 1986-1999, 2001-2020 Xilinx, Inc. All Rights Reserved.
Running: /remote/Xilinx/2020.1/Vivado/2020.1/bin/unwrapped/lnx64.o/xelab -wto fb616671c31c463490847cd35ff8347c --incr --debug typical --relax --mt 8 -L secureip --snapshot piped_mac_behav xil_defaultlib.piped_mac -log elaborate.log 
Using 8 slave threads.
Starting static elaboration
Completed static elaboration
INFO: [XSIM 43-4323] No Change in HDL. Linking previously generated obj files to create kernel
INFO: [USF-XSim-69] 'elaborate' step finished in '2' seconds
Vivado Simulator 2020.1
Time resolution is 1 ps
relaunch_sim: Time (s): cpu = 00:00:07 ; elapsed = 00:00:12 . Memory (MB): peak = 7518.902 ; gain = 0.000 ; free physical = 5802 ; free virtual = 19506
# add_force {/piped_mac/ACLK} -radix hex {0 0ns} {1 5000ps} -repeat_every 10000ps
# add_force {/piped_mac/ARESETN} -radix hex {0 0ns}
# run 30ns
# add_force {/piped_mac/ARESETN} -radix hex {1 0ns}
# add_force {/piped_mac/MO_AXIS_TREADY} -radix hex {1 0ns}
# add_force {/piped_mac/SD_AXIS_TVALID} -radix hex {1 0ns}
# add_force {/piped_mac/SD_AXIS_TLAST} -radix hex {1 0ns}
# add_force {/piped_mac/SD_AXIS_TID} -radix hex {1 0ns}
# add_force {/piped_mac/SD_AXIS_TDATA} -radix hex {1111111122222222 0ns}
# add_force {/piped_mac/SD_AXIS_TUSER} -radix hex {0 0ns}
# run 10ns
# add_force {/piped_mac/SD_AXIS_TVALID} -radix hex {0 0ns}
# run 50ns
# add_force {/piped_mac/SD_AXIS_TVALID} -radix hex {1 0ns}
# add_force {/piped_mac/SD_AXIS_TLAST} -radix hex {0 0ns}
# add_force {/piped_mac/SD_AXIS_TID} -radix hex {2 0ns}
# add_force {/piped_mac/SD_AXIS_TDATA} -radix hex {1111111122222222 0ns}
# add_force {/piped_mac/SD_AXIS_TUSER} -radix hex {0 0ns}
# run 10ns
# add_force {/piped_mac/SD_AXIS_TLAST} -radix hex {1 0ns}
# add_force {/piped_mac/SD_AXIS_TDATA} -radix hex {1010101020202020 0ns}
# run 10ns
# add_force {/piped_mac/SD_AXIS_TLAST} -radix hex {0 0ns}
# add_force {/piped_mac/SD_AXIS_TVALID} -radix hex {0 0ns}
# run 50ns
# add_force {/piped_mac/SD_AXIS_TVALID} -radix hex {1 0ns}
# add_force {/piped_mac/SD_AXIS_TLAST} -radix hex {1 0ns}
# add_force {/piped_mac/SD_AXIS_TID} -radix hex {3 0ns}
# add_force {/piped_mac/SD_AXIS_TDATA} -radix hex {0000AAAA0000BBBB 0ns}
# add_force {/piped_mac/SD_AXIS_TUSER} -radix hex {0 0ns}
# run 10ns
# add_force {/piped_mac/SD_AXIS_TVALID} -radix hex {1 0ns}
# add_force {/piped_mac/SD_AXIS_TLAST} -radix hex {1 0ns}
# add_force {/piped_mac/SD_AXIS_TID} -radix hex {4 0ns}
# add_force {/piped_mac/SD_AXIS_TDATA} -radix hex {0000444400005555 0ns}
# add_force {/piped_mac/SD_AXIS_TUSER} -radix hex {0 0ns}
# run 10ns
# add_force {/piped_mac/SD_AXIS_TVALID} -radix hex {0 0ns}
# run 50ns
close_sim
INFO: [Simtcl 6-16] Simulation closed
launch_simulation
Command: launch_simulation 
INFO: [Vivado 12-5682] Launching behavioral simulation in '/home/jboateng/cpre_587_lab3/cpre_587_lab1/lab3/cpre487-587-lab3-main/hw/piped_mac/vivado/tc_piped_mac/tc_piped_mac.sim/sim_1/behav/xsim'
INFO: [SIM-utils-51] Simulation object is 'sim_1'
INFO: [SIM-utils-54] Inspecting design source files for 'piped_mac' in fileset 'sim_1'...
INFO: [USF-XSim-97] Finding global include files...
INFO: [USF-XSim-98] Fetching design files from 'sim_1'...
INFO: [USF-XSim-2] XSim::Compile design
INFO: [USF-XSim-61] Executing 'COMPILE and ANALYZE' step in '/home/jboateng/cpre_587_lab3/cpre_587_lab1/lab3/cpre487-587-lab3-main/hw/piped_mac/vivado/tc_piped_mac/tc_piped_mac.sim/sim_1/behav/xsim'
INFO: [USF-XSim-69] 'compile' step finished in '1' seconds
INFO: [USF-XSim-3] XSim::Elaborate design
INFO: [USF-XSim-61] Executing 'ELABORATE' step in '/home/jboateng/cpre_587_lab3/cpre_587_lab1/lab3/cpre487-587-lab3-main/hw/piped_mac/vivado/tc_piped_mac/tc_piped_mac.sim/sim_1/behav/xsim'
xelab -wto fb616671c31c463490847cd35ff8347c --incr --debug typical --relax --mt 8 -L secureip --snapshot piped_mac_behav xil_defaultlib.piped_mac -log elaborate.log
Vivado Simulator 2020.1
Copyright 1986-1999, 2001-2020 Xilinx, Inc. All Rights Reserved.
Running: /remote/Xilinx/2020.1/Vivado/2020.1/bin/unwrapped/lnx64.o/xelab -wto fb616671c31c463490847cd35ff8347c --incr --debug typical --relax --mt 8 -L secureip --snapshot piped_mac_behav xil_defaultlib.piped_mac -log elaborate.log 
Using 8 slave threads.
Starting static elaboration
Completed static elaboration
INFO: [XSIM 43-4323] No Change in HDL. Linking previously generated obj files to create kernel
INFO: [USF-XSim-69] 'elaborate' step finished in '1' seconds
INFO: [USF-XSim-4] XSim::Simulate design
INFO: [USF-XSim-61] Executing 'SIMULATE' step in '/home/jboateng/cpre_587_lab3/cpre_587_lab1/lab3/cpre487-587-lab3-main/hw/piped_mac/vivado/tc_piped_mac/tc_piped_mac.sim/sim_1/behav/xsim'
INFO: [USF-XSim-98] *** Running xsim
   with args "piped_mac_behav -key {Behavioral:sim_1:Functional:piped_mac} -tclbatch {piped_mac.tcl} -log {simulate.log}"
INFO: [USF-XSim-8] Loading simulator feature
Vivado Simulator 2020.1
Time resolution is 1 ps
source piped_mac.tcl
# set curr_wave [current_wave_config]
# if { [string length $curr_wave] == 0 } {
#   if { [llength [get_objects]] > 0} {
#     add_wave /
#     set_property needs_save false [current_wave_config]
#   } else {
#      send_msg_id Add_Wave-1 WARNING "No top level signals found. Simulator will start without a wave window. If you want to open a wave window go to 'File->New Waveform Configuration' or type 'create_wave_config' in the TCL console."
#   }
# }
# run 1000ns
INFO: [USF-XSim-96] XSim completed. Design snapshot 'piped_mac_behav' loaded.
INFO: [USF-XSim-97] XSim simulation ran for 1000ns
launch_simulation: Time (s): cpu = 00:00:08 ; elapsed = 00:00:11 . Memory (MB): peak = 7545.184 ; gain = 26.281 ; free physical = 5635 ; free virtual = 19370
source piped_mac2_tb.tcl
# relaunch_sim
Command: launch_simulation -simset sim_1 -mode behavioral
INFO: [Vivado 12-5682] Launching behavioral simulation in '/home/jboateng/cpre_587_lab3/cpre_587_lab1/lab3/cpre487-587-lab3-main/hw/piped_mac/vivado/tc_piped_mac/tc_piped_mac.sim/sim_1/behav/xsim'
INFO: [SIM-utils-51] Simulation object is 'sim_1'
INFO: [SIM-utils-54] Inspecting design source files for 'piped_mac' in fileset 'sim_1'...
INFO: [USF-XSim-97] Finding global include files...
INFO: [USF-XSim-98] Fetching design files from 'sim_1'...
INFO: [USF-XSim-2] XSim::Compile design
INFO: [USF-XSim-61] Executing 'COMPILE and ANALYZE' step in '/home/jboateng/cpre_587_lab3/cpre_587_lab1/lab3/cpre487-587-lab3-main/hw/piped_mac/vivado/tc_piped_mac/tc_piped_mac.sim/sim_1/behav/xsim'
INFO: [USF-XSim-69] 'compile' step finished in '1' seconds
launch_simulation: Time (s): cpu = 00:00:04 ; elapsed = 00:00:07 . Memory (MB): peak = 7545.184 ; gain = 0.000 ; free physical = 5646 ; free virtual = 19381
Command: launch_simulation -simset sim_1 -mode behavioral
INFO: [Vivado 12-5682] Launching behavioral simulation in '/home/jboateng/cpre_587_lab3/cpre_587_lab1/lab3/cpre487-587-lab3-main/hw/piped_mac/vivado/tc_piped_mac/tc_piped_mac.sim/sim_1/behav/xsim'
INFO: [USF-XSim-3] XSim::Elaborate design
INFO: [USF-XSim-61] Executing 'ELABORATE' step in '/home/jboateng/cpre_587_lab3/cpre_587_lab1/lab3/cpre487-587-lab3-main/hw/piped_mac/vivado/tc_piped_mac/tc_piped_mac.sim/sim_1/behav/xsim'
xelab -wto fb616671c31c463490847cd35ff8347c --incr --debug typical --relax --mt 8 -L secureip --snapshot piped_mac_behav xil_defaultlib.piped_mac -log elaborate.log
Vivado Simulator 2020.1
Copyright 1986-1999, 2001-2020 Xilinx, Inc. All Rights Reserved.
Running: /remote/Xilinx/2020.1/Vivado/2020.1/bin/unwrapped/lnx64.o/xelab -wto fb616671c31c463490847cd35ff8347c --incr --debug typical --relax --mt 8 -L secureip --snapshot piped_mac_behav xil_defaultlib.piped_mac -log elaborate.log 
Using 8 slave threads.
Starting static elaboration
Completed static elaboration
INFO: [XSIM 43-4323] No Change in HDL. Linking previously generated obj files to create kernel
INFO: [USF-XSim-69] 'elaborate' step finished in '1' seconds
Vivado Simulator 2020.1
Time resolution is 1 ps
relaunch_sim: Time (s): cpu = 00:00:07 ; elapsed = 00:00:11 . Memory (MB): peak = 7545.184 ; gain = 0.000 ; free physical = 5641 ; free virtual = 19377
# add_force {/piped_mac/ACLK} -radix hex {0 0ns} {1 5000ps} -repeat_every 10000ps
# add_force {/piped_mac/ARESETN} -radix hex {0 0ns}
# run 30ns
# add_force {/piped_mac/ARESETN} -radix hex {1 0ns}
# add_force {/piped_mac/MO_AXIS_TREADY} -radix hex {1 0ns}
# add_force {/piped_mac/SD_AXIS_TVALID} -radix hex {1 0ns}
# add_force {/piped_mac/SD_AXIS_TLAST} -radix hex {0 0ns}
# add_force {/piped_mac/SD_AXIS_TID} -radix hex {2 0ns}
# add_force {/piped_mac/SD_AXIS_TDATA} -radix hex {1111111122222222 0ns}
# add_force {/piped_mac/SD_AXIS_TUSER} -radix hex {0 0ns}
# run 10ns
# add_force {/piped_mac/SD_AXIS_TLAST} -radix hex {1 0ns}
# add_force {/piped_mac/SD_AXIS_TDATA} -radix hex {1010101020202020 0ns}
# run 10ns
# add_force {/piped_mac/SD_AXIS_TLAST} -radix hex {0 0ns}
# add_force {/piped_mac/SD_AXIS_TVALID} -radix hex {0 0ns}
# run 50ns
source piped_mac1_tb.tcl
# relaunch_sim
Command: launch_simulation -simset sim_1 -mode behavioral
INFO: [Vivado 12-5682] Launching behavioral simulation in '/home/jboateng/cpre_587_lab3/cpre_587_lab1/lab3/cpre487-587-lab3-main/hw/piped_mac/vivado/tc_piped_mac/tc_piped_mac.sim/sim_1/behav/xsim'
INFO: [SIM-utils-51] Simulation object is 'sim_1'
INFO: [SIM-utils-54] Inspecting design source files for 'piped_mac' in fileset 'sim_1'...
INFO: [USF-XSim-97] Finding global include files...
INFO: [USF-XSim-98] Fetching design files from 'sim_1'...
INFO: [USF-XSim-2] XSim::Compile design
INFO: [USF-XSim-61] Executing 'COMPILE and ANALYZE' step in '/home/jboateng/cpre_587_lab3/cpre_587_lab1/lab3/cpre487-587-lab3-main/hw/piped_mac/vivado/tc_piped_mac/tc_piped_mac.sim/sim_1/behav/xsim'
INFO: [USF-XSim-69] 'compile' step finished in '1' seconds
launch_simulation: Time (s): cpu = 00:00:04 ; elapsed = 00:00:07 . Memory (MB): peak = 7545.184 ; gain = 0.000 ; free physical = 5650 ; free virtual = 19375
Command: launch_simulation -simset sim_1 -mode behavioral
INFO: [Vivado 12-5682] Launching behavioral simulation in '/home/jboateng/cpre_587_lab3/cpre_587_lab1/lab3/cpre487-587-lab3-main/hw/piped_mac/vivado/tc_piped_mac/tc_piped_mac.sim/sim_1/behav/xsim'
INFO: [USF-XSim-3] XSim::Elaborate design
INFO: [USF-XSim-61] Executing 'ELABORATE' step in '/home/jboateng/cpre_587_lab3/cpre_587_lab1/lab3/cpre487-587-lab3-main/hw/piped_mac/vivado/tc_piped_mac/tc_piped_mac.sim/sim_1/behav/xsim'
xelab -wto fb616671c31c463490847cd35ff8347c --incr --debug typical --relax --mt 8 -L secureip --snapshot piped_mac_behav xil_defaultlib.piped_mac -log elaborate.log
Vivado Simulator 2020.1
Copyright 1986-1999, 2001-2020 Xilinx, Inc. All Rights Reserved.
Running: /remote/Xilinx/2020.1/Vivado/2020.1/bin/unwrapped/lnx64.o/xelab -wto fb616671c31c463490847cd35ff8347c --incr --debug typical --relax --mt 8 -L secureip --snapshot piped_mac_behav xil_defaultlib.piped_mac -log elaborate.log 
Using 8 slave threads.
Starting static elaboration
Completed static elaboration
INFO: [XSIM 43-4323] No Change in HDL. Linking previously generated obj files to create kernel
INFO: [USF-XSim-69] 'elaborate' step finished in '2' seconds
Vivado Simulator 2020.1
Time resolution is 1 ps
relaunch_sim: Time (s): cpu = 00:00:07 ; elapsed = 00:00:12 . Memory (MB): peak = 7545.184 ; gain = 0.000 ; free physical = 5647 ; free virtual = 19373
# add_force {/piped_mac/ACLK} -radix hex {0 0ns} {1 5000ps} -repeat_every 10000ps
# add_force {/piped_mac/ARESETN} -radix hex {0 0ns}
# run 30ns
# add_force {/piped_mac/ARESETN} -radix hex {1 0ns}
# add_force {/piped_mac/MO_AXIS_TREADY} -radix hex {1 0ns}
# add_force {/piped_mac/SD_AXIS_TVALID} -radix hex {1 0ns}
# add_force {/piped_mac/SD_AXIS_TLAST} -radix hex {1 0ns}
# add_force {/piped_mac/SD_AXIS_TID} -radix hex {1 0ns}
# add_force {/piped_mac/SD_AXIS_TDATA} -radix hex {1111111122222222 0ns}
# add_force {/piped_mac/SD_AXIS_TUSER} -radix hex {0 0ns}
# run 10ns
# add_force {/piped_mac/SD_AXIS_TVALID} -radix hex {0 0ns}
# run 50ns
# add_force {/piped_mac/SD_AXIS_TVALID} -radix hex {1 0ns}
# add_force {/piped_mac/SD_AXIS_TLAST} -radix hex {0 0ns}
# add_force {/piped_mac/SD_AXIS_TID} -radix hex {2 0ns}
# add_force {/piped_mac/SD_AXIS_TDATA} -radix hex {1111111122222222 0ns}
# add_force {/piped_mac/SD_AXIS_TUSER} -radix hex {0 0ns}
# run 10ns
# add_force {/piped_mac/SD_AXIS_TLAST} -radix hex {1 0ns}
# add_force {/piped_mac/SD_AXIS_TDATA} -radix hex {1010101020202020 0ns}
# run 10ns
# add_force {/piped_mac/SD_AXIS_TLAST} -radix hex {0 0ns}
# add_force {/piped_mac/SD_AXIS_TVALID} -radix hex {0 0ns}
# run 50ns
# add_force {/piped_mac/SD_AXIS_TVALID} -radix hex {1 0ns}
# add_force {/piped_mac/SD_AXIS_TLAST} -radix hex {1 0ns}
# add_force {/piped_mac/SD_AXIS_TID} -radix hex {3 0ns}
# add_force {/piped_mac/SD_AXIS_TDATA} -radix hex {0000AAAA0000BBBB 0ns}
# add_force {/piped_mac/SD_AXIS_TUSER} -radix hex {0 0ns}
# run 10ns
# add_force {/piped_mac/SD_AXIS_TVALID} -radix hex {1 0ns}
# add_force {/piped_mac/SD_AXIS_TLAST} -radix hex {1 0ns}
# add_force {/piped_mac/SD_AXIS_TID} -radix hex {4 0ns}
# add_force {/piped_mac/SD_AXIS_TDATA} -radix hex {0000444400005555 0ns}
# add_force {/piped_mac/SD_AXIS_TUSER} -radix hex {0 0ns}
# run 10ns
# add_force {/piped_mac/SD_AXIS_TVALID} -radix hex {0 0ns}
# run 50ns
update_compile_order -fileset sources_1
close_sim
INFO: [Simtcl 6-16] Simulation closed
launch_simulation
Command: launch_simulation 
INFO: [Vivado 12-5682] Launching behavioral simulation in '/home/jboateng/cpre_587_lab3/cpre_587_lab1/lab3/cpre487-587-lab3-main/hw/piped_mac/vivado/tc_piped_mac/tc_piped_mac.sim/sim_1/behav/xsim'
INFO: [SIM-utils-51] Simulation object is 'sim_1'
INFO: [SIM-utils-54] Inspecting design source files for 'piped_mac' in fileset 'sim_1'...
INFO: [USF-XSim-97] Finding global include files...
INFO: [USF-XSim-98] Fetching design files from 'sim_1'...
INFO: [USF-XSim-2] XSim::Compile design
INFO: [USF-XSim-61] Executing 'COMPILE and ANALYZE' step in '/home/jboateng/cpre_587_lab3/cpre_587_lab1/lab3/cpre487-587-lab3-main/hw/piped_mac/vivado/tc_piped_mac/tc_piped_mac.sim/sim_1/behav/xsim'
xvhdl --incr --relax -prj piped_mac_vhdl.prj
INFO: [VRFC 10-163] Analyzing VHDL file "/home/jboateng/cpre_587_lab3/cpre_587_lab1/lab3/cpre487-587-lab3-main/hw/piped_mac/hdl/piped_mac.vhd" into library xil_defaultlib
INFO: [VRFC 10-3107] analyzing entity 'piped_mac'
INFO: [USF-XSim-69] 'compile' step finished in '2' seconds
INFO: [USF-XSim-3] XSim::Elaborate design
INFO: [USF-XSim-61] Executing 'ELABORATE' step in '/home/jboateng/cpre_587_lab3/cpre_587_lab1/lab3/cpre487-587-lab3-main/hw/piped_mac/vivado/tc_piped_mac/tc_piped_mac.sim/sim_1/behav/xsim'
xelab -wto fb616671c31c463490847cd35ff8347c --incr --debug typical --relax --mt 8 -L xil_defaultlib -L secureip --snapshot piped_mac_behav xil_defaultlib.piped_mac -log elaborate.log
Vivado Simulator 2020.1
Copyright 1986-1999, 2001-2020 Xilinx, Inc. All Rights Reserved.
Running: /remote/Xilinx/2020.1/Vivado/2020.1/bin/unwrapped/lnx64.o/xelab -wto fb616671c31c463490847cd35ff8347c --incr --debug typical --relax --mt 8 -L xil_defaultlib -L secureip --snapshot piped_mac_behav xil_defaultlib.piped_mac -log elaborate.log 
Using 8 slave threads.
Starting static elaboration
Completed static elaboration
Starting simulation data flow analysis
Completed simulation data flow analysis
Time Resolution for simulation is 1ps
Compiling package std.standard
Compiling package std.textio
Compiling package ieee.std_logic_1164
Compiling package ieee.numeric_std
Compiling architecture behavioral of entity xil_defaultlib.piped_mac
Built simulation snapshot piped_mac_behav
INFO: [USF-XSim-69] 'elaborate' step finished in '2' seconds
INFO: [USF-XSim-4] XSim::Simulate design
INFO: [USF-XSim-61] Executing 'SIMULATE' step in '/home/jboateng/cpre_587_lab3/cpre_587_lab1/lab3/cpre487-587-lab3-main/hw/piped_mac/vivado/tc_piped_mac/tc_piped_mac.sim/sim_1/behav/xsim'
INFO: [USF-XSim-98] *** Running xsim
   with args "piped_mac_behav -key {Behavioral:sim_1:Functional:piped_mac} -tclbatch {piped_mac.tcl} -log {simulate.log}"
INFO: [USF-XSim-8] Loading simulator feature
Vivado Simulator 2020.1
Time resolution is 1 ps
source piped_mac.tcl
# set curr_wave [current_wave_config]
# if { [string length $curr_wave] == 0 } {
#   if { [llength [get_objects]] > 0} {
#     add_wave /
#     set_property needs_save false [current_wave_config]
#   } else {
#      send_msg_id Add_Wave-1 WARNING "No top level signals found. Simulator will start without a wave window. If you want to open a wave window go to 'File->New Waveform Configuration' or type 'create_wave_config' in the TCL console."
#   }
# }
# run 1000ns
INFO: [USF-XSim-96] XSim completed. Design snapshot 'piped_mac_behav' loaded.
INFO: [USF-XSim-97] XSim simulation ran for 1000ns
launch_simulation: Time (s): cpu = 00:00:06 ; elapsed = 00:00:08 . Memory (MB): peak = 7566.195 ; gain = 21.012 ; free physical = 5627 ; free virtual = 19352
source piped_mac2_tb.tcl
# relaunch_sim
Command: launch_simulation -simset sim_1 -mode behavioral
INFO: [Vivado 12-5682] Launching behavioral simulation in '/home/jboateng/cpre_587_lab3/cpre_587_lab1/lab3/cpre487-587-lab3-main/hw/piped_mac/vivado/tc_piped_mac/tc_piped_mac.sim/sim_1/behav/xsim'
INFO: [SIM-utils-51] Simulation object is 'sim_1'
INFO: [SIM-utils-54] Inspecting design source files for 'piped_mac' in fileset 'sim_1'...
INFO: [USF-XSim-97] Finding global include files...
INFO: [USF-XSim-98] Fetching design files from 'sim_1'...
INFO: [USF-XSim-2] XSim::Compile design
INFO: [USF-XSim-61] Executing 'COMPILE and ANALYZE' step in '/home/jboateng/cpre_587_lab3/cpre_587_lab1/lab3/cpre487-587-lab3-main/hw/piped_mac/vivado/tc_piped_mac/tc_piped_mac.sim/sim_1/behav/xsim'
xvhdl --incr --relax -prj piped_mac_vhdl.prj
INFO: [USF-XSim-69] 'compile' step finished in '1' seconds
Command: launch_simulation -simset sim_1 -mode behavioral
INFO: [Vivado 12-5682] Launching behavioral simulation in '/home/jboateng/cpre_587_lab3/cpre_587_lab1/lab3/cpre487-587-lab3-main/hw/piped_mac/vivado/tc_piped_mac/tc_piped_mac.sim/sim_1/behav/xsim'
INFO: [USF-XSim-3] XSim::Elaborate design
INFO: [USF-XSim-61] Executing 'ELABORATE' step in '/home/jboateng/cpre_587_lab3/cpre_587_lab1/lab3/cpre487-587-lab3-main/hw/piped_mac/vivado/tc_piped_mac/tc_piped_mac.sim/sim_1/behav/xsim'
xelab -wto fb616671c31c463490847cd35ff8347c --incr --debug typical --relax --mt 8 -L xil_defaultlib -L secureip --snapshot piped_mac_behav xil_defaultlib.piped_mac -log elaborate.log
Vivado Simulator 2020.1
Copyright 1986-1999, 2001-2020 Xilinx, Inc. All Rights Reserved.
Running: /remote/Xilinx/2020.1/Vivado/2020.1/bin/unwrapped/lnx64.o/xelab -wto fb616671c31c463490847cd35ff8347c --incr --debug typical --relax --mt 8 -L xil_defaultlib -L secureip --snapshot piped_mac_behav xil_defaultlib.piped_mac -log elaborate.log 
Using 8 slave threads.
Starting static elaboration
Completed static elaboration
INFO: [XSIM 43-4323] No Change in HDL. Linking previously generated obj files to create kernel
INFO: [USF-XSim-69] 'elaborate' step finished in '2' seconds
Vivado Simulator 2020.1
Time resolution is 1 ps
relaunch_sim: Time (s): cpu = 00:00:04 ; elapsed = 00:00:06 . Memory (MB): peak = 7566.195 ; gain = 0.000 ; free physical = 5626 ; free virtual = 19352
# add_force {/piped_mac/ACLK} -radix hex {0 0ns} {1 5000ps} -repeat_every 10000ps
# add_force {/piped_mac/ARESETN} -radix hex {0 0ns}
# run 30ns
# add_force {/piped_mac/ARESETN} -radix hex {1 0ns}
# add_force {/piped_mac/MO_AXIS_TREADY} -radix hex {1 0ns}
# add_force {/piped_mac/SD_AXIS_TVALID} -radix hex {1 0ns}
# add_force {/piped_mac/SD_AXIS_TLAST} -radix hex {0 0ns}
# add_force {/piped_mac/SD_AXIS_TID} -radix hex {2 0ns}
# add_force {/piped_mac/SD_AXIS_TDATA} -radix hex {1111111122222222 0ns}
# add_force {/piped_mac/SD_AXIS_TUSER} -radix hex {0 0ns}
# run 10ns
# add_force {/piped_mac/SD_AXIS_TLAST} -radix hex {1 0ns}
# add_force {/piped_mac/SD_AXIS_TDATA} -radix hex {1010101020202020 0ns}
# run 10ns
# add_force {/piped_mac/SD_AXIS_TLAST} -radix hex {0 0ns}
# add_force {/piped_mac/SD_AXIS_TVALID} -radix hex {0 0ns}
# run 50ns
source piped_mac1_tb.tcl
# relaunch_sim
Command: launch_simulation -simset sim_1 -mode behavioral
INFO: [Vivado 12-5682] Launching behavioral simulation in '/home/jboateng/cpre_587_lab3/cpre_587_lab1/lab3/cpre487-587-lab3-main/hw/piped_mac/vivado/tc_piped_mac/tc_piped_mac.sim/sim_1/behav/xsim'
INFO: [SIM-utils-51] Simulation object is 'sim_1'
INFO: [SIM-utils-54] Inspecting design source files for 'piped_mac' in fileset 'sim_1'...
INFO: [USF-XSim-97] Finding global include files...
INFO: [USF-XSim-98] Fetching design files from 'sim_1'...
INFO: [USF-XSim-2] XSim::Compile design
INFO: [USF-XSim-61] Executing 'COMPILE and ANALYZE' step in '/home/jboateng/cpre_587_lab3/cpre_587_lab1/lab3/cpre487-587-lab3-main/hw/piped_mac/vivado/tc_piped_mac/tc_piped_mac.sim/sim_1/behav/xsim'
xvhdl --incr --relax -prj piped_mac_vhdl.prj
INFO: [USF-XSim-69] 'compile' step finished in '1' seconds
Command: launch_simulation -simset sim_1 -mode behavioral
INFO: [Vivado 12-5682] Launching behavioral simulation in '/home/jboateng/cpre_587_lab3/cpre_587_lab1/lab3/cpre487-587-lab3-main/hw/piped_mac/vivado/tc_piped_mac/tc_piped_mac.sim/sim_1/behav/xsim'
INFO: [USF-XSim-3] XSim::Elaborate design
INFO: [USF-XSim-61] Executing 'ELABORATE' step in '/home/jboateng/cpre_587_lab3/cpre_587_lab1/lab3/cpre487-587-lab3-main/hw/piped_mac/vivado/tc_piped_mac/tc_piped_mac.sim/sim_1/behav/xsim'
xelab -wto fb616671c31c463490847cd35ff8347c --incr --debug typical --relax --mt 8 -L xil_defaultlib -L secureip --snapshot piped_mac_behav xil_defaultlib.piped_mac -log elaborate.log
Vivado Simulator 2020.1
Copyright 1986-1999, 2001-2020 Xilinx, Inc. All Rights Reserved.
Running: /remote/Xilinx/2020.1/Vivado/2020.1/bin/unwrapped/lnx64.o/xelab -wto fb616671c31c463490847cd35ff8347c --incr --debug typical --relax --mt 8 -L xil_defaultlib -L secureip --snapshot piped_mac_behav xil_defaultlib.piped_mac -log elaborate.log 
Using 8 slave threads.
Starting static elaboration
Completed static elaboration
INFO: [XSIM 43-4323] No Change in HDL. Linking previously generated obj files to create kernel
INFO: [USF-XSim-69] 'elaborate' step finished in '2' seconds
Vivado Simulator 2020.1
Time resolution is 1 ps
relaunch_sim: Time (s): cpu = 00:00:04 ; elapsed = 00:00:06 . Memory (MB): peak = 7566.195 ; gain = 0.000 ; free physical = 5615 ; free virtual = 19341
# add_force {/piped_mac/ACLK} -radix hex {0 0ns} {1 5000ps} -repeat_every 10000ps
# add_force {/piped_mac/ARESETN} -radix hex {0 0ns}
# run 30ns
# add_force {/piped_mac/ARESETN} -radix hex {1 0ns}
# add_force {/piped_mac/MO_AXIS_TREADY} -radix hex {1 0ns}
# add_force {/piped_mac/SD_AXIS_TVALID} -radix hex {1 0ns}
# add_force {/piped_mac/SD_AXIS_TLAST} -radix hex {1 0ns}
# add_force {/piped_mac/SD_AXIS_TID} -radix hex {1 0ns}
# add_force {/piped_mac/SD_AXIS_TDATA} -radix hex {1111111122222222 0ns}
# add_force {/piped_mac/SD_AXIS_TUSER} -radix hex {0 0ns}
# run 10ns
# add_force {/piped_mac/SD_AXIS_TVALID} -radix hex {0 0ns}
# run 50ns
# add_force {/piped_mac/SD_AXIS_TVALID} -radix hex {1 0ns}
# add_force {/piped_mac/SD_AXIS_TLAST} -radix hex {0 0ns}
# add_force {/piped_mac/SD_AXIS_TID} -radix hex {2 0ns}
# add_force {/piped_mac/SD_AXIS_TDATA} -radix hex {1111111122222222 0ns}
# add_force {/piped_mac/SD_AXIS_TUSER} -radix hex {0 0ns}
# run 10ns
# add_force {/piped_mac/SD_AXIS_TLAST} -radix hex {1 0ns}
# add_force {/piped_mac/SD_AXIS_TDATA} -radix hex {1010101020202020 0ns}
# run 10ns
# add_force {/piped_mac/SD_AXIS_TLAST} -radix hex {0 0ns}
# add_force {/piped_mac/SD_AXIS_TVALID} -radix hex {0 0ns}
# run 50ns
# add_force {/piped_mac/SD_AXIS_TVALID} -radix hex {1 0ns}
# add_force {/piped_mac/SD_AXIS_TLAST} -radix hex {1 0ns}
# add_force {/piped_mac/SD_AXIS_TID} -radix hex {3 0ns}
# add_force {/piped_mac/SD_AXIS_TDATA} -radix hex {0000AAAA0000BBBB 0ns}
# add_force {/piped_mac/SD_AXIS_TUSER} -radix hex {0 0ns}
# run 10ns
# add_force {/piped_mac/SD_AXIS_TVALID} -radix hex {1 0ns}
# add_force {/piped_mac/SD_AXIS_TLAST} -radix hex {1 0ns}
# add_force {/piped_mac/SD_AXIS_TID} -radix hex {4 0ns}
# add_force {/piped_mac/SD_AXIS_TDATA} -radix hex {0000444400005555 0ns}
# add_force {/piped_mac/SD_AXIS_TUSER} -radix hex {0 0ns}
# run 10ns
# add_force {/piped_mac/SD_AXIS_TVALID} -radix hex {0 0ns}
# run 50ns
close_sim
INFO: [Simtcl 6-16] Simulation closed
launch_simulation
Command: launch_simulation 
INFO: [Vivado 12-5682] Launching behavioral simulation in '/home/jboateng/cpre_587_lab3/cpre_587_lab1/lab3/cpre487-587-lab3-main/hw/piped_mac/vivado/tc_piped_mac/tc_piped_mac.sim/sim_1/behav/xsim'
INFO: [SIM-utils-51] Simulation object is 'sim_1'
INFO: [SIM-utils-54] Inspecting design source files for 'piped_mac' in fileset 'sim_1'...
INFO: [USF-XSim-97] Finding global include files...
INFO: [USF-XSim-98] Fetching design files from 'sim_1'...
INFO: [USF-XSim-2] XSim::Compile design
INFO: [USF-XSim-61] Executing 'COMPILE and ANALYZE' step in '/home/jboateng/cpre_587_lab3/cpre_587_lab1/lab3/cpre487-587-lab3-main/hw/piped_mac/vivado/tc_piped_mac/tc_piped_mac.sim/sim_1/behav/xsim'
xvhdl --incr --relax -prj piped_mac_vhdl.prj
INFO: [VRFC 10-163] Analyzing VHDL file "/home/jboateng/cpre_587_lab3/cpre_587_lab1/lab3/cpre487-587-lab3-main/hw/piped_mac/hdl/piped_mac.vhd" into library xil_defaultlib
INFO: [VRFC 10-3107] analyzing entity 'piped_mac'
INFO: [USF-XSim-69] 'compile' step finished in '2' seconds
INFO: [USF-XSim-3] XSim::Elaborate design
INFO: [USF-XSim-61] Executing 'ELABORATE' step in '/home/jboateng/cpre_587_lab3/cpre_587_lab1/lab3/cpre487-587-lab3-main/hw/piped_mac/vivado/tc_piped_mac/tc_piped_mac.sim/sim_1/behav/xsim'
xelab -wto fb616671c31c463490847cd35ff8347c --incr --debug typical --relax --mt 8 -L xil_defaultlib -L secureip --snapshot piped_mac_behav xil_defaultlib.piped_mac -log elaborate.log
Vivado Simulator 2020.1
Copyright 1986-1999, 2001-2020 Xilinx, Inc. All Rights Reserved.
Running: /remote/Xilinx/2020.1/Vivado/2020.1/bin/unwrapped/lnx64.o/xelab -wto fb616671c31c463490847cd35ff8347c --incr --debug typical --relax --mt 8 -L xil_defaultlib -L secureip --snapshot piped_mac_behav xil_defaultlib.piped_mac -log elaborate.log 
Using 8 slave threads.
Starting static elaboration
Completed static elaboration
Starting simulation data flow analysis
Completed simulation data flow analysis
Time Resolution for simulation is 1ps
Compiling package std.standard
Compiling package std.textio
Compiling package ieee.std_logic_1164
Compiling package ieee.numeric_std
Compiling architecture behavioral of entity xil_defaultlib.piped_mac
Built simulation snapshot piped_mac_behav
INFO: [USF-XSim-69] 'elaborate' step finished in '2' seconds
INFO: [USF-XSim-4] XSim::Simulate design
INFO: [USF-XSim-61] Executing 'SIMULATE' step in '/home/jboateng/cpre_587_lab3/cpre_587_lab1/lab3/cpre487-587-lab3-main/hw/piped_mac/vivado/tc_piped_mac/tc_piped_mac.sim/sim_1/behav/xsim'
INFO: [USF-XSim-98] *** Running xsim
   with args "piped_mac_behav -key {Behavioral:sim_1:Functional:piped_mac} -tclbatch {piped_mac.tcl} -log {simulate.log}"
INFO: [USF-XSim-8] Loading simulator feature
Vivado Simulator 2020.1
Time resolution is 1 ps
source piped_mac.tcl
# set curr_wave [current_wave_config]
# if { [string length $curr_wave] == 0 } {
#   if { [llength [get_objects]] > 0} {
#     add_wave /
#     set_property needs_save false [current_wave_config]
#   } else {
#      send_msg_id Add_Wave-1 WARNING "No top level signals found. Simulator will start without a wave window. If you want to open a wave window go to 'File->New Waveform Configuration' or type 'create_wave_config' in the TCL console."
#   }
# }
# run 1000ns
INFO: [USF-XSim-96] XSim completed. Design snapshot 'piped_mac_behav' loaded.
INFO: [USF-XSim-97] XSim simulation ran for 1000ns
launch_simulation: Time (s): cpu = 00:00:05 ; elapsed = 00:00:06 . Memory (MB): peak = 7577.199 ; gain = 11.004 ; free physical = 5615 ; free virtual = 19338
source piped_mac1_tb.tcl
# relaunch_sim
Command: launch_simulation -simset sim_1 -mode behavioral
INFO: [Vivado 12-5682] Launching behavioral simulation in '/home/jboateng/cpre_587_lab3/cpre_587_lab1/lab3/cpre487-587-lab3-main/hw/piped_mac/vivado/tc_piped_mac/tc_piped_mac.sim/sim_1/behav/xsim'
INFO: [SIM-utils-51] Simulation object is 'sim_1'
INFO: [SIM-utils-54] Inspecting design source files for 'piped_mac' in fileset 'sim_1'...
INFO: [USF-XSim-97] Finding global include files...
INFO: [USF-XSim-98] Fetching design files from 'sim_1'...
INFO: [USF-XSim-2] XSim::Compile design
INFO: [USF-XSim-61] Executing 'COMPILE and ANALYZE' step in '/home/jboateng/cpre_587_lab3/cpre_587_lab1/lab3/cpre487-587-lab3-main/hw/piped_mac/vivado/tc_piped_mac/tc_piped_mac.sim/sim_1/behav/xsim'
xvhdl --incr --relax -prj piped_mac_vhdl.prj
INFO: [USF-XSim-69] 'compile' step finished in '1' seconds
Command: launch_simulation -simset sim_1 -mode behavioral
INFO: [Vivado 12-5682] Launching behavioral simulation in '/home/jboateng/cpre_587_lab3/cpre_587_lab1/lab3/cpre487-587-lab3-main/hw/piped_mac/vivado/tc_piped_mac/tc_piped_mac.sim/sim_1/behav/xsim'
INFO: [USF-XSim-3] XSim::Elaborate design
INFO: [USF-XSim-61] Executing 'ELABORATE' step in '/home/jboateng/cpre_587_lab3/cpre_587_lab1/lab3/cpre487-587-lab3-main/hw/piped_mac/vivado/tc_piped_mac/tc_piped_mac.sim/sim_1/behav/xsim'
xelab -wto fb616671c31c463490847cd35ff8347c --incr --debug typical --relax --mt 8 -L xil_defaultlib -L secureip --snapshot piped_mac_behav xil_defaultlib.piped_mac -log elaborate.log
Vivado Simulator 2020.1
Copyright 1986-1999, 2001-2020 Xilinx, Inc. All Rights Reserved.
Running: /remote/Xilinx/2020.1/Vivado/2020.1/bin/unwrapped/lnx64.o/xelab -wto fb616671c31c463490847cd35ff8347c --incr --debug typical --relax --mt 8 -L xil_defaultlib -L secureip --snapshot piped_mac_behav xil_defaultlib.piped_mac -log elaborate.log 
Using 8 slave threads.
Starting static elaboration
Completed static elaboration
INFO: [XSIM 43-4323] No Change in HDL. Linking previously generated obj files to create kernel
INFO: [USF-XSim-69] 'elaborate' step finished in '1' seconds
Vivado Simulator 2020.1
Time resolution is 1 ps
relaunch_sim: Time (s): cpu = 00:00:04 ; elapsed = 00:00:06 . Memory (MB): peak = 7577.199 ; gain = 0.000 ; free physical = 5625 ; free virtual = 19348
# add_force {/piped_mac/ACLK} -radix hex {0 0ns} {1 5000ps} -repeat_every 10000ps
# add_force {/piped_mac/ARESETN} -radix hex {0 0ns}
# run 30ns
# add_force {/piped_mac/ARESETN} -radix hex {1 0ns}
# add_force {/piped_mac/MO_AXIS_TREADY} -radix hex {1 0ns}
# add_force {/piped_mac/SD_AXIS_TVALID} -radix hex {1 0ns}
# add_force {/piped_mac/SD_AXIS_TLAST} -radix hex {1 0ns}
# add_force {/piped_mac/SD_AXIS_TID} -radix hex {1 0ns}
# add_force {/piped_mac/SD_AXIS_TDATA} -radix hex {1111111122222222 0ns}
# add_force {/piped_mac/SD_AXIS_TUSER} -radix hex {0 0ns}
# run 10ns
# add_force {/piped_mac/SD_AXIS_TVALID} -radix hex {0 0ns}
# run 50ns
# add_force {/piped_mac/SD_AXIS_TVALID} -radix hex {1 0ns}
# add_force {/piped_mac/SD_AXIS_TLAST} -radix hex {0 0ns}
# add_force {/piped_mac/SD_AXIS_TID} -radix hex {2 0ns}
# add_force {/piped_mac/SD_AXIS_TDATA} -radix hex {1111111122222222 0ns}
# add_force {/piped_mac/SD_AXIS_TUSER} -radix hex {0 0ns}
# run 10ns
# add_force {/piped_mac/SD_AXIS_TLAST} -radix hex {1 0ns}
# add_force {/piped_mac/SD_AXIS_TDATA} -radix hex {1010101020202020 0ns}
# run 10ns
# add_force {/piped_mac/SD_AXIS_TLAST} -radix hex {0 0ns}
# add_force {/piped_mac/SD_AXIS_TVALID} -radix hex {0 0ns}
# run 50ns
# add_force {/piped_mac/SD_AXIS_TVALID} -radix hex {1 0ns}
# add_force {/piped_mac/SD_AXIS_TLAST} -radix hex {1 0ns}
# add_force {/piped_mac/SD_AXIS_TID} -radix hex {3 0ns}
# add_force {/piped_mac/SD_AXIS_TDATA} -radix hex {0000AAAA0000BBBB 0ns}
# add_force {/piped_mac/SD_AXIS_TUSER} -radix hex {0 0ns}
# run 10ns
# add_force {/piped_mac/SD_AXIS_TVALID} -radix hex {1 0ns}
# add_force {/piped_mac/SD_AXIS_TLAST} -radix hex {1 0ns}
# add_force {/piped_mac/SD_AXIS_TID} -radix hex {4 0ns}
# add_force {/piped_mac/SD_AXIS_TDATA} -radix hex {0000444400005555 0ns}
# add_force {/piped_mac/SD_AXIS_TUSER} -radix hex {0 0ns}
# run 10ns
# add_force {/piped_mac/SD_AXIS_TVALID} -radix hex {0 0ns}
# run 50ns
close_sim
INFO: [Simtcl 6-16] Simulation closed
launch_simulation
Command: launch_simulation 
INFO: [Vivado 12-5682] Launching behavioral simulation in '/home/jboateng/cpre_587_lab3/cpre_587_lab1/lab3/cpre487-587-lab3-main/hw/piped_mac/vivado/tc_piped_mac/tc_piped_mac.sim/sim_1/behav/xsim'
INFO: [SIM-utils-51] Simulation object is 'sim_1'
INFO: [SIM-utils-54] Inspecting design source files for 'piped_mac' in fileset 'sim_1'...
INFO: [USF-XSim-97] Finding global include files...
INFO: [USF-XSim-98] Fetching design files from 'sim_1'...
INFO: [USF-XSim-2] XSim::Compile design
INFO: [USF-XSim-61] Executing 'COMPILE and ANALYZE' step in '/home/jboateng/cpre_587_lab3/cpre_587_lab1/lab3/cpre487-587-lab3-main/hw/piped_mac/vivado/tc_piped_mac/tc_piped_mac.sim/sim_1/behav/xsim'
xvhdl --incr --relax -prj piped_mac_vhdl.prj
INFO: [VRFC 10-163] Analyzing VHDL file "/home/jboateng/cpre_587_lab3/cpre_587_lab1/lab3/cpre487-587-lab3-main/hw/piped_mac/hdl/piped_mac.vhd" into library xil_defaultlib
INFO: [VRFC 10-3107] analyzing entity 'piped_mac'
INFO: [USF-XSim-69] 'compile' step finished in '2' seconds
INFO: [USF-XSim-3] XSim::Elaborate design
INFO: [USF-XSim-61] Executing 'ELABORATE' step in '/home/jboateng/cpre_587_lab3/cpre_587_lab1/lab3/cpre487-587-lab3-main/hw/piped_mac/vivado/tc_piped_mac/tc_piped_mac.sim/sim_1/behav/xsim'
xelab -wto fb616671c31c463490847cd35ff8347c --incr --debug typical --relax --mt 8 -L xil_defaultlib -L secureip --snapshot piped_mac_behav xil_defaultlib.piped_mac -log elaborate.log
Vivado Simulator 2020.1
Copyright 1986-1999, 2001-2020 Xilinx, Inc. All Rights Reserved.
Running: /remote/Xilinx/2020.1/Vivado/2020.1/bin/unwrapped/lnx64.o/xelab -wto fb616671c31c463490847cd35ff8347c --incr --debug typical --relax --mt 8 -L xil_defaultlib -L secureip --snapshot piped_mac_behav xil_defaultlib.piped_mac -log elaborate.log 
Using 8 slave threads.
Starting static elaboration
Completed static elaboration
Starting simulation data flow analysis
Completed simulation data flow analysis
Time Resolution for simulation is 1ps
Compiling package std.standard
Compiling package std.textio
Compiling package ieee.std_logic_1164
Compiling package ieee.numeric_std
Compiling architecture behavioral of entity xil_defaultlib.piped_mac
Built simulation snapshot piped_mac_behav
INFO: [USF-XSim-69] 'elaborate' step finished in '1' seconds
INFO: [USF-XSim-4] XSim::Simulate design
INFO: [USF-XSim-61] Executing 'SIMULATE' step in '/home/jboateng/cpre_587_lab3/cpre_587_lab1/lab3/cpre487-587-lab3-main/hw/piped_mac/vivado/tc_piped_mac/tc_piped_mac.sim/sim_1/behav/xsim'
INFO: [USF-XSim-98] *** Running xsim
   with args "piped_mac_behav -key {Behavioral:sim_1:Functional:piped_mac} -tclbatch {piped_mac.tcl} -log {simulate.log}"
INFO: [USF-XSim-8] Loading simulator feature
Vivado Simulator 2020.1
Time resolution is 1 ps
source piped_mac.tcl
# set curr_wave [current_wave_config]
# if { [string length $curr_wave] == 0 } {
#   if { [llength [get_objects]] > 0} {
#     add_wave /
#     set_property needs_save false [current_wave_config]
#   } else {
#      send_msg_id Add_Wave-1 WARNING "No top level signals found. Simulator will start without a wave window. If you want to open a wave window go to 'File->New Waveform Configuration' or type 'create_wave_config' in the TCL console."
#   }
# }
# run 1000ns
INFO: [USF-XSim-96] XSim completed. Design snapshot 'piped_mac_behav' loaded.
INFO: [USF-XSim-97] XSim simulation ran for 1000ns
launch_simulation: Time (s): cpu = 00:00:05 ; elapsed = 00:00:07 . Memory (MB): peak = 7600.211 ; gain = 23.012 ; free physical = 5607 ; free virtual = 19331
source piped_mac1_tb.tcl
# relaunch_sim
Command: launch_simulation -simset sim_1 -mode behavioral
INFO: [Vivado 12-5682] Launching behavioral simulation in '/home/jboateng/cpre_587_lab3/cpre_587_lab1/lab3/cpre487-587-lab3-main/hw/piped_mac/vivado/tc_piped_mac/tc_piped_mac.sim/sim_1/behav/xsim'
INFO: [SIM-utils-51] Simulation object is 'sim_1'
INFO: [SIM-utils-54] Inspecting design source files for 'piped_mac' in fileset 'sim_1'...
INFO: [USF-XSim-97] Finding global include files...
INFO: [USF-XSim-98] Fetching design files from 'sim_1'...
INFO: [USF-XSim-2] XSim::Compile design
INFO: [USF-XSim-61] Executing 'COMPILE and ANALYZE' step in '/home/jboateng/cpre_587_lab3/cpre_587_lab1/lab3/cpre487-587-lab3-main/hw/piped_mac/vivado/tc_piped_mac/tc_piped_mac.sim/sim_1/behav/xsim'
xvhdl --incr --relax -prj piped_mac_vhdl.prj
INFO: [USF-XSim-69] 'compile' step finished in '2' seconds
Command: launch_simulation -simset sim_1 -mode behavioral
INFO: [Vivado 12-5682] Launching behavioral simulation in '/home/jboateng/cpre_587_lab3/cpre_587_lab1/lab3/cpre487-587-lab3-main/hw/piped_mac/vivado/tc_piped_mac/tc_piped_mac.sim/sim_1/behav/xsim'
INFO: [USF-XSim-3] XSim::Elaborate design
INFO: [USF-XSim-61] Executing 'ELABORATE' step in '/home/jboateng/cpre_587_lab3/cpre_587_lab1/lab3/cpre487-587-lab3-main/hw/piped_mac/vivado/tc_piped_mac/tc_piped_mac.sim/sim_1/behav/xsim'
xelab -wto fb616671c31c463490847cd35ff8347c --incr --debug typical --relax --mt 8 -L xil_defaultlib -L secureip --snapshot piped_mac_behav xil_defaultlib.piped_mac -log elaborate.log
Vivado Simulator 2020.1
Copyright 1986-1999, 2001-2020 Xilinx, Inc. All Rights Reserved.
Running: /remote/Xilinx/2020.1/Vivado/2020.1/bin/unwrapped/lnx64.o/xelab -wto fb616671c31c463490847cd35ff8347c --incr --debug typical --relax --mt 8 -L xil_defaultlib -L secureip --snapshot piped_mac_behav xil_defaultlib.piped_mac -log elaborate.log 
Using 8 slave threads.
Starting static elaboration
Completed static elaboration
INFO: [XSIM 43-4323] No Change in HDL. Linking previously generated obj files to create kernel
INFO: [USF-XSim-69] 'elaborate' step finished in '1' seconds
Vivado Simulator 2020.1
Time resolution is 1 ps
relaunch_sim: Time (s): cpu = 00:00:04 ; elapsed = 00:00:06 . Memory (MB): peak = 7600.211 ; gain = 0.000 ; free physical = 5607 ; free virtual = 19331
# add_force {/piped_mac/ACLK} -radix hex {0 0ns} {1 5000ps} -repeat_every 10000ps
# add_force {/piped_mac/ARESETN} -radix hex {0 0ns}
# run 30ns
# add_force {/piped_mac/ARESETN} -radix hex {1 0ns}
# add_force {/piped_mac/MO_AXIS_TREADY} -radix hex {1 0ns}
# add_force {/piped_mac/SD_AXIS_TVALID} -radix hex {1 0ns}
# add_force {/piped_mac/SD_AXIS_TLAST} -radix hex {1 0ns}
# add_force {/piped_mac/SD_AXIS_TID} -radix hex {1 0ns}
# add_force {/piped_mac/SD_AXIS_TDATA} -radix hex {1111111122222222 0ns}
# add_force {/piped_mac/SD_AXIS_TUSER} -radix hex {0 0ns}
# run 10ns
# add_force {/piped_mac/SD_AXIS_TVALID} -radix hex {0 0ns}
# run 50ns
# add_force {/piped_mac/SD_AXIS_TVALID} -radix hex {1 0ns}
# add_force {/piped_mac/SD_AXIS_TLAST} -radix hex {0 0ns}
# add_force {/piped_mac/SD_AXIS_TID} -radix hex {2 0ns}
# add_force {/piped_mac/SD_AXIS_TDATA} -radix hex {1111111122222222 0ns}
# add_force {/piped_mac/SD_AXIS_TUSER} -radix hex {0 0ns}
# run 10ns
# add_force {/piped_mac/SD_AXIS_TLAST} -radix hex {1 0ns}
# add_force {/piped_mac/SD_AXIS_TDATA} -radix hex {1010101020202020 0ns}
# run 10ns
# add_force {/piped_mac/SD_AXIS_TLAST} -radix hex {0 0ns}
# add_force {/piped_mac/SD_AXIS_TVALID} -radix hex {0 0ns}
# run 50ns
# add_force {/piped_mac/SD_AXIS_TVALID} -radix hex {1 0ns}
# add_force {/piped_mac/SD_AXIS_TLAST} -radix hex {1 0ns}
# add_force {/piped_mac/SD_AXIS_TID} -radix hex {3 0ns}
# add_force {/piped_mac/SD_AXIS_TDATA} -radix hex {0000AAAA0000BBBB 0ns}
# add_force {/piped_mac/SD_AXIS_TUSER} -radix hex {0 0ns}
# run 10ns
# add_force {/piped_mac/SD_AXIS_TVALID} -radix hex {1 0ns}
# add_force {/piped_mac/SD_AXIS_TLAST} -radix hex {1 0ns}
# add_force {/piped_mac/SD_AXIS_TID} -radix hex {4 0ns}
# add_force {/piped_mac/SD_AXIS_TDATA} -radix hex {0000444400005555 0ns}
# add_force {/piped_mac/SD_AXIS_TUSER} -radix hex {0 0ns}
# run 10ns
# add_force {/piped_mac/SD_AXIS_TVALID} -radix hex {0 0ns}
# run 50ns
close_sim
INFO: [Simtcl 6-16] Simulation closed
launch_simulation
Command: launch_simulation 
INFO: [Vivado 12-5682] Launching behavioral simulation in '/home/jboateng/cpre_587_lab3/cpre_587_lab1/lab3/cpre487-587-lab3-main/hw/piped_mac/vivado/tc_piped_mac/tc_piped_mac.sim/sim_1/behav/xsim'
INFO: [SIM-utils-51] Simulation object is 'sim_1'
INFO: [SIM-utils-54] Inspecting design source files for 'piped_mac' in fileset 'sim_1'...
INFO: [USF-XSim-97] Finding global include files...
INFO: [USF-XSim-98] Fetching design files from 'sim_1'...
INFO: [USF-XSim-2] XSim::Compile design
INFO: [USF-XSim-61] Executing 'COMPILE and ANALYZE' step in '/home/jboateng/cpre_587_lab3/cpre_587_lab1/lab3/cpre487-587-lab3-main/hw/piped_mac/vivado/tc_piped_mac/tc_piped_mac.sim/sim_1/behav/xsim'
xvhdl --incr --relax -prj piped_mac_vhdl.prj
INFO: [VRFC 10-163] Analyzing VHDL file "/home/jboateng/cpre_587_lab3/cpre_587_lab1/lab3/cpre487-587-lab3-main/hw/piped_mac/hdl/piped_mac.vhd" into library xil_defaultlib
INFO: [VRFC 10-3107] analyzing entity 'piped_mac'
INFO: [USF-XSim-69] 'compile' step finished in '2' seconds
INFO: [USF-XSim-3] XSim::Elaborate design
INFO: [USF-XSim-61] Executing 'ELABORATE' step in '/home/jboateng/cpre_587_lab3/cpre_587_lab1/lab3/cpre487-587-lab3-main/hw/piped_mac/vivado/tc_piped_mac/tc_piped_mac.sim/sim_1/behav/xsim'
xelab -wto fb616671c31c463490847cd35ff8347c --incr --debug typical --relax --mt 8 -L xil_defaultlib -L secureip --snapshot piped_mac_behav xil_defaultlib.piped_mac -log elaborate.log
Vivado Simulator 2020.1
Copyright 1986-1999, 2001-2020 Xilinx, Inc. All Rights Reserved.
Running: /remote/Xilinx/2020.1/Vivado/2020.1/bin/unwrapped/lnx64.o/xelab -wto fb616671c31c463490847cd35ff8347c --incr --debug typical --relax --mt 8 -L xil_defaultlib -L secureip --snapshot piped_mac_behav xil_defaultlib.piped_mac -log elaborate.log 
Using 8 slave threads.
Starting static elaboration
Completed static elaboration
Starting simulation data flow analysis
Completed simulation data flow analysis
Time Resolution for simulation is 1ps
Compiling package std.standard
Compiling package std.textio
Compiling package ieee.std_logic_1164
Compiling package ieee.numeric_std
Compiling architecture behavioral of entity xil_defaultlib.piped_mac
Built simulation snapshot piped_mac_behav
INFO: [USF-XSim-69] 'elaborate' step finished in '2' seconds
INFO: [USF-XSim-4] XSim::Simulate design
INFO: [USF-XSim-61] Executing 'SIMULATE' step in '/home/jboateng/cpre_587_lab3/cpre_587_lab1/lab3/cpre487-587-lab3-main/hw/piped_mac/vivado/tc_piped_mac/tc_piped_mac.sim/sim_1/behav/xsim'
INFO: [USF-XSim-98] *** Running xsim
   with args "piped_mac_behav -key {Behavioral:sim_1:Functional:piped_mac} -tclbatch {piped_mac.tcl} -log {simulate.log}"
INFO: [USF-XSim-8] Loading simulator feature
Vivado Simulator 2020.1
Time resolution is 1 ps
source piped_mac.tcl
# set curr_wave [current_wave_config]
# if { [string length $curr_wave] == 0 } {
#   if { [llength [get_objects]] > 0} {
#     add_wave /
#     set_property needs_save false [current_wave_config]
#   } else {
#      send_msg_id Add_Wave-1 WARNING "No top level signals found. Simulator will start without a wave window. If you want to open a wave window go to 'File->New Waveform Configuration' or type 'create_wave_config' in the TCL console."
#   }
# }
# run 1000ns
INFO: [USF-XSim-96] XSim completed. Design snapshot 'piped_mac_behav' loaded.
INFO: [USF-XSim-97] XSim simulation ran for 1000ns
launch_simulation: Time (s): cpu = 00:00:05 ; elapsed = 00:00:06 . Memory (MB): peak = 7611.215 ; gain = 11.004 ; free physical = 5587 ; free virtual = 19312
source piped_mac1_tb.tcl
# relaunch_sim
Command: launch_simulation -simset sim_1 -mode behavioral
INFO: [Vivado 12-5682] Launching behavioral simulation in '/home/jboateng/cpre_587_lab3/cpre_587_lab1/lab3/cpre487-587-lab3-main/hw/piped_mac/vivado/tc_piped_mac/tc_piped_mac.sim/sim_1/behav/xsim'
INFO: [SIM-utils-51] Simulation object is 'sim_1'
INFO: [SIM-utils-54] Inspecting design source files for 'piped_mac' in fileset 'sim_1'...
INFO: [USF-XSim-97] Finding global include files...
INFO: [USF-XSim-98] Fetching design files from 'sim_1'...
INFO: [USF-XSim-2] XSim::Compile design
INFO: [USF-XSim-61] Executing 'COMPILE and ANALYZE' step in '/home/jboateng/cpre_587_lab3/cpre_587_lab1/lab3/cpre487-587-lab3-main/hw/piped_mac/vivado/tc_piped_mac/tc_piped_mac.sim/sim_1/behav/xsim'
xvhdl --incr --relax -prj piped_mac_vhdl.prj
INFO: [USF-XSim-69] 'compile' step finished in '1' seconds
Command: launch_simulation -simset sim_1 -mode behavioral
INFO: [Vivado 12-5682] Launching behavioral simulation in '/home/jboateng/cpre_587_lab3/cpre_587_lab1/lab3/cpre487-587-lab3-main/hw/piped_mac/vivado/tc_piped_mac/tc_piped_mac.sim/sim_1/behav/xsim'
INFO: [USF-XSim-3] XSim::Elaborate design
INFO: [USF-XSim-61] Executing 'ELABORATE' step in '/home/jboateng/cpre_587_lab3/cpre_587_lab1/lab3/cpre487-587-lab3-main/hw/piped_mac/vivado/tc_piped_mac/tc_piped_mac.sim/sim_1/behav/xsim'
xelab -wto fb616671c31c463490847cd35ff8347c --incr --debug typical --relax --mt 8 -L xil_defaultlib -L secureip --snapshot piped_mac_behav xil_defaultlib.piped_mac -log elaborate.log
Vivado Simulator 2020.1
Copyright 1986-1999, 2001-2020 Xilinx, Inc. All Rights Reserved.
Running: /remote/Xilinx/2020.1/Vivado/2020.1/bin/unwrapped/lnx64.o/xelab -wto fb616671c31c463490847cd35ff8347c --incr --debug typical --relax --mt 8 -L xil_defaultlib -L secureip --snapshot piped_mac_behav xil_defaultlib.piped_mac -log elaborate.log 
Using 8 slave threads.
Starting static elaboration
Completed static elaboration
INFO: [XSIM 43-4323] No Change in HDL. Linking previously generated obj files to create kernel
INFO: [USF-XSim-69] 'elaborate' step finished in '1' seconds
Vivado Simulator 2020.1
Time resolution is 1 ps
relaunch_sim: Time (s): cpu = 00:00:04 ; elapsed = 00:00:05 . Memory (MB): peak = 7611.215 ; gain = 0.000 ; free physical = 5590 ; free virtual = 19315
# add_force {/piped_mac/ACLK} -radix hex {0 0ns} {1 5000ps} -repeat_every 10000ps
# add_force {/piped_mac/ARESETN} -radix hex {0 0ns}
# run 30ns
# add_force {/piped_mac/ARESETN} -radix hex {1 0ns}
# add_force {/piped_mac/MO_AXIS_TREADY} -radix hex {1 0ns}
# add_force {/piped_mac/SD_AXIS_TVALID} -radix hex {1 0ns}
# add_force {/piped_mac/SD_AXIS_TLAST} -radix hex {1 0ns}
# add_force {/piped_mac/SD_AXIS_TID} -radix hex {1 0ns}
# add_force {/piped_mac/SD_AXIS_TDATA} -radix hex {1111111122222222 0ns}
# add_force {/piped_mac/SD_AXIS_TUSER} -radix hex {0 0ns}
# run 10ns
# add_force {/piped_mac/SD_AXIS_TVALID} -radix hex {0 0ns}
# run 50ns
# add_force {/piped_mac/SD_AXIS_TVALID} -radix hex {1 0ns}
# add_force {/piped_mac/SD_AXIS_TLAST} -radix hex {0 0ns}
# add_force {/piped_mac/SD_AXIS_TID} -radix hex {2 0ns}
# add_force {/piped_mac/SD_AXIS_TDATA} -radix hex {1111111122222222 0ns}
# add_force {/piped_mac/SD_AXIS_TUSER} -radix hex {0 0ns}
# run 10ns
# add_force {/piped_mac/SD_AXIS_TLAST} -radix hex {1 0ns}
# add_force {/piped_mac/SD_AXIS_TDATA} -radix hex {1010101020202020 0ns}
# run 10ns
# add_force {/piped_mac/SD_AXIS_TLAST} -radix hex {0 0ns}
# add_force {/piped_mac/SD_AXIS_TVALID} -radix hex {0 0ns}
# run 50ns
# add_force {/piped_mac/SD_AXIS_TVALID} -radix hex {1 0ns}
# add_force {/piped_mac/SD_AXIS_TLAST} -radix hex {1 0ns}
# add_force {/piped_mac/SD_AXIS_TID} -radix hex {3 0ns}
# add_force {/piped_mac/SD_AXIS_TDATA} -radix hex {0000AAAA0000BBBB 0ns}
# add_force {/piped_mac/SD_AXIS_TUSER} -radix hex {0 0ns}
# run 10ns
# add_force {/piped_mac/SD_AXIS_TVALID} -radix hex {1 0ns}
# add_force {/piped_mac/SD_AXIS_TLAST} -radix hex {1 0ns}
# add_force {/piped_mac/SD_AXIS_TID} -radix hex {4 0ns}
# add_force {/piped_mac/SD_AXIS_TDATA} -radix hex {0000444400005555 0ns}
# add_force {/piped_mac/SD_AXIS_TUSER} -radix hex {0 0ns}
# run 10ns
# add_force {/piped_mac/SD_AXIS_TVALID} -radix hex {0 0ns}
# run 50ns
close_sim
INFO: [Simtcl 6-16] Simulation closed
launch_simulation
Command: launch_simulation 
INFO: [Vivado 12-5682] Launching behavioral simulation in '/home/jboateng/cpre_587_lab3/cpre_587_lab1/lab3/cpre487-587-lab3-main/hw/piped_mac/vivado/tc_piped_mac/tc_piped_mac.sim/sim_1/behav/xsim'
INFO: [SIM-utils-51] Simulation object is 'sim_1'
INFO: [SIM-utils-54] Inspecting design source files for 'piped_mac' in fileset 'sim_1'...
INFO: [USF-XSim-97] Finding global include files...
INFO: [USF-XSim-98] Fetching design files from 'sim_1'...
INFO: [USF-XSim-2] XSim::Compile design
INFO: [USF-XSim-61] Executing 'COMPILE and ANALYZE' step in '/home/jboateng/cpre_587_lab3/cpre_587_lab1/lab3/cpre487-587-lab3-main/hw/piped_mac/vivado/tc_piped_mac/tc_piped_mac.sim/sim_1/behav/xsim'
xvhdl --incr --relax -prj piped_mac_vhdl.prj
INFO: [VRFC 10-163] Analyzing VHDL file "/home/jboateng/cpre_587_lab3/cpre_587_lab1/lab3/cpre487-587-lab3-main/hw/piped_mac/hdl/piped_mac.vhd" into library xil_defaultlib
INFO: [VRFC 10-3107] analyzing entity 'piped_mac'
INFO: [USF-XSim-69] 'compile' step finished in '2' seconds
INFO: [USF-XSim-3] XSim::Elaborate design
INFO: [USF-XSim-61] Executing 'ELABORATE' step in '/home/jboateng/cpre_587_lab3/cpre_587_lab1/lab3/cpre487-587-lab3-main/hw/piped_mac/vivado/tc_piped_mac/tc_piped_mac.sim/sim_1/behav/xsim'
xelab -wto fb616671c31c463490847cd35ff8347c --incr --debug typical --relax --mt 8 -L xil_defaultlib -L secureip --snapshot piped_mac_behav xil_defaultlib.piped_mac -log elaborate.log
Vivado Simulator 2020.1
Copyright 1986-1999, 2001-2020 Xilinx, Inc. All Rights Reserved.
Running: /remote/Xilinx/2020.1/Vivado/2020.1/bin/unwrapped/lnx64.o/xelab -wto fb616671c31c463490847cd35ff8347c --incr --debug typical --relax --mt 8 -L xil_defaultlib -L secureip --snapshot piped_mac_behav xil_defaultlib.piped_mac -log elaborate.log 
Using 8 slave threads.
Starting static elaboration
Completed static elaboration
Starting simulation data flow analysis
Completed simulation data flow analysis
Time Resolution for simulation is 1ps
Compiling package std.standard
Compiling package std.textio
Compiling package ieee.std_logic_1164
Compiling package ieee.numeric_std
Compiling architecture behavioral of entity xil_defaultlib.piped_mac
Built simulation snapshot piped_mac_behav
INFO: [USF-XSim-69] 'elaborate' step finished in '2' seconds
INFO: [USF-XSim-4] XSim::Simulate design
INFO: [USF-XSim-61] Executing 'SIMULATE' step in '/home/jboateng/cpre_587_lab3/cpre_587_lab1/lab3/cpre487-587-lab3-main/hw/piped_mac/vivado/tc_piped_mac/tc_piped_mac.sim/sim_1/behav/xsim'
INFO: [USF-XSim-98] *** Running xsim
   with args "piped_mac_behav -key {Behavioral:sim_1:Functional:piped_mac} -tclbatch {piped_mac.tcl} -log {simulate.log}"
INFO: [USF-XSim-8] Loading simulator feature
Vivado Simulator 2020.1
Time resolution is 1 ps
source piped_mac.tcl
# set curr_wave [current_wave_config]
# if { [string length $curr_wave] == 0 } {
#   if { [llength [get_objects]] > 0} {
#     add_wave /
#     set_property needs_save false [current_wave_config]
#   } else {
#      send_msg_id Add_Wave-1 WARNING "No top level signals found. Simulator will start without a wave window. If you want to open a wave window go to 'File->New Waveform Configuration' or type 'create_wave_config' in the TCL console."
#   }
# }
# run 1000ns
INFO: [USF-XSim-96] XSim completed. Design snapshot 'piped_mac_behav' loaded.
INFO: [USF-XSim-97] XSim simulation ran for 1000ns
launch_simulation: Time (s): cpu = 00:00:04 ; elapsed = 00:00:06 . Memory (MB): peak = 7627.223 ; gain = 16.008 ; free physical = 5581 ; free virtual = 19306
source piped_mac2_tb.tcl
# relaunch_sim
Command: launch_simulation -simset sim_1 -mode behavioral
INFO: [Vivado 12-5682] Launching behavioral simulation in '/home/jboateng/cpre_587_lab3/cpre_587_lab1/lab3/cpre487-587-lab3-main/hw/piped_mac/vivado/tc_piped_mac/tc_piped_mac.sim/sim_1/behav/xsim'
INFO: [SIM-utils-51] Simulation object is 'sim_1'
INFO: [SIM-utils-54] Inspecting design source files for 'piped_mac' in fileset 'sim_1'...
INFO: [USF-XSim-97] Finding global include files...
INFO: [USF-XSim-98] Fetching design files from 'sim_1'...
INFO: [USF-XSim-2] XSim::Compile design
INFO: [USF-XSim-61] Executing 'COMPILE and ANALYZE' step in '/home/jboateng/cpre_587_lab3/cpre_587_lab1/lab3/cpre487-587-lab3-main/hw/piped_mac/vivado/tc_piped_mac/tc_piped_mac.sim/sim_1/behav/xsim'
xvhdl --incr --relax -prj piped_mac_vhdl.prj
INFO: [USF-XSim-69] 'compile' step finished in '1' seconds
Command: launch_simulation -simset sim_1 -mode behavioral
INFO: [Vivado 12-5682] Launching behavioral simulation in '/home/jboateng/cpre_587_lab3/cpre_587_lab1/lab3/cpre487-587-lab3-main/hw/piped_mac/vivado/tc_piped_mac/tc_piped_mac.sim/sim_1/behav/xsim'
INFO: [USF-XSim-3] XSim::Elaborate design
INFO: [USF-XSim-61] Executing 'ELABORATE' step in '/home/jboateng/cpre_587_lab3/cpre_587_lab1/lab3/cpre487-587-lab3-main/hw/piped_mac/vivado/tc_piped_mac/tc_piped_mac.sim/sim_1/behav/xsim'
xelab -wto fb616671c31c463490847cd35ff8347c --incr --debug typical --relax --mt 8 -L xil_defaultlib -L secureip --snapshot piped_mac_behav xil_defaultlib.piped_mac -log elaborate.log
Vivado Simulator 2020.1
Copyright 1986-1999, 2001-2020 Xilinx, Inc. All Rights Reserved.
Running: /remote/Xilinx/2020.1/Vivado/2020.1/bin/unwrapped/lnx64.o/xelab -wto fb616671c31c463490847cd35ff8347c --incr --debug typical --relax --mt 8 -L xil_defaultlib -L secureip --snapshot piped_mac_behav xil_defaultlib.piped_mac -log elaborate.log 
Using 8 slave threads.
Starting static elaboration
Completed static elaboration
INFO: [XSIM 43-4323] No Change in HDL. Linking previously generated obj files to create kernel
INFO: [USF-XSim-69] 'elaborate' step finished in '1' seconds
Vivado Simulator 2020.1
Time resolution is 1 ps
relaunch_sim: Time (s): cpu = 00:00:04 ; elapsed = 00:00:06 . Memory (MB): peak = 7627.223 ; gain = 0.000 ; free physical = 5582 ; free virtual = 19308
# add_force {/piped_mac/ACLK} -radix hex {0 0ns} {1 5000ps} -repeat_every 10000ps
# add_force {/piped_mac/ARESETN} -radix hex {0 0ns}
# run 30ns
# add_force {/piped_mac/ARESETN} -radix hex {1 0ns}
# add_force {/piped_mac/MO_AXIS_TREADY} -radix hex {1 0ns}
# add_force {/piped_mac/SD_AXIS_TVALID} -radix hex {1 0ns}
# add_force {/piped_mac/SD_AXIS_TLAST} -radix hex {0 0ns}
# add_force {/piped_mac/SD_AXIS_TID} -radix hex {2 0ns}
# add_force {/piped_mac/SD_AXIS_TDATA} -radix hex {1111111122222222 0ns}
# add_force {/piped_mac/SD_AXIS_TUSER} -radix hex {0 0ns}
# run 10ns
# add_force {/piped_mac/SD_AXIS_TLAST} -radix hex {1 0ns}
# add_force {/piped_mac/SD_AXIS_TDATA} -radix hex {1010101020202020 0ns}
# run 10ns
# add_force {/piped_mac/SD_AXIS_TLAST} -radix hex {0 0ns}
# add_force {/piped_mac/SD_AXIS_TVALID} -radix hex {0 0ns}
# run 50ns
source piped_mac1_tb.tcl
# relaunch_sim
Command: launch_simulation -simset sim_1 -mode behavioral
INFO: [Vivado 12-5682] Launching behavioral simulation in '/home/jboateng/cpre_587_lab3/cpre_587_lab1/lab3/cpre487-587-lab3-main/hw/piped_mac/vivado/tc_piped_mac/tc_piped_mac.sim/sim_1/behav/xsim'
INFO: [SIM-utils-51] Simulation object is 'sim_1'
INFO: [SIM-utils-54] Inspecting design source files for 'piped_mac' in fileset 'sim_1'...
INFO: [USF-XSim-97] Finding global include files...
INFO: [USF-XSim-98] Fetching design files from 'sim_1'...
INFO: [USF-XSim-2] XSim::Compile design
INFO: [USF-XSim-61] Executing 'COMPILE and ANALYZE' step in '/home/jboateng/cpre_587_lab3/cpre_587_lab1/lab3/cpre487-587-lab3-main/hw/piped_mac/vivado/tc_piped_mac/tc_piped_mac.sim/sim_1/behav/xsim'
xvhdl --incr --relax -prj piped_mac_vhdl.prj
INFO: [USF-XSim-69] 'compile' step finished in '1' seconds
Command: launch_simulation -simset sim_1 -mode behavioral
INFO: [Vivado 12-5682] Launching behavioral simulation in '/home/jboateng/cpre_587_lab3/cpre_587_lab1/lab3/cpre487-587-lab3-main/hw/piped_mac/vivado/tc_piped_mac/tc_piped_mac.sim/sim_1/behav/xsim'
INFO: [USF-XSim-3] XSim::Elaborate design
INFO: [USF-XSim-61] Executing 'ELABORATE' step in '/home/jboateng/cpre_587_lab3/cpre_587_lab1/lab3/cpre487-587-lab3-main/hw/piped_mac/vivado/tc_piped_mac/tc_piped_mac.sim/sim_1/behav/xsim'
xelab -wto fb616671c31c463490847cd35ff8347c --incr --debug typical --relax --mt 8 -L xil_defaultlib -L secureip --snapshot piped_mac_behav xil_defaultlib.piped_mac -log elaborate.log
Vivado Simulator 2020.1
Copyright 1986-1999, 2001-2020 Xilinx, Inc. All Rights Reserved.
Running: /remote/Xilinx/2020.1/Vivado/2020.1/bin/unwrapped/lnx64.o/xelab -wto fb616671c31c463490847cd35ff8347c --incr --debug typical --relax --mt 8 -L xil_defaultlib -L secureip --snapshot piped_mac_behav xil_defaultlib.piped_mac -log elaborate.log 
Using 8 slave threads.
Starting static elaboration
Completed static elaboration
INFO: [XSIM 43-4323] No Change in HDL. Linking previously generated obj files to create kernel
INFO: [USF-XSim-69] 'elaborate' step finished in '1' seconds
Vivado Simulator 2020.1
Time resolution is 1 ps
relaunch_sim: Time (s): cpu = 00:00:04 ; elapsed = 00:00:06 . Memory (MB): peak = 7627.223 ; gain = 0.000 ; free physical = 5582 ; free virtual = 19308
# add_force {/piped_mac/ACLK} -radix hex {0 0ns} {1 5000ps} -repeat_every 10000ps
# add_force {/piped_mac/ARESETN} -radix hex {0 0ns}
# run 30ns
# add_force {/piped_mac/ARESETN} -radix hex {1 0ns}
# add_force {/piped_mac/MO_AXIS_TREADY} -radix hex {1 0ns}
# add_force {/piped_mac/SD_AXIS_TVALID} -radix hex {1 0ns}
# add_force {/piped_mac/SD_AXIS_TLAST} -radix hex {1 0ns}
# add_force {/piped_mac/SD_AXIS_TID} -radix hex {1 0ns}
# add_force {/piped_mac/SD_AXIS_TDATA} -radix hex {1111111122222222 0ns}
# add_force {/piped_mac/SD_AXIS_TUSER} -radix hex {0 0ns}
# run 10ns
# add_force {/piped_mac/SD_AXIS_TVALID} -radix hex {0 0ns}
# run 50ns
# add_force {/piped_mac/SD_AXIS_TVALID} -radix hex {1 0ns}
# add_force {/piped_mac/SD_AXIS_TLAST} -radix hex {0 0ns}
# add_force {/piped_mac/SD_AXIS_TID} -radix hex {2 0ns}
# add_force {/piped_mac/SD_AXIS_TDATA} -radix hex {1111111122222222 0ns}
# add_force {/piped_mac/SD_AXIS_TUSER} -radix hex {0 0ns}
# run 10ns
# add_force {/piped_mac/SD_AXIS_TLAST} -radix hex {1 0ns}
# add_force {/piped_mac/SD_AXIS_TDATA} -radix hex {1010101020202020 0ns}
# run 10ns
# add_force {/piped_mac/SD_AXIS_TLAST} -radix hex {0 0ns}
# add_force {/piped_mac/SD_AXIS_TVALID} -radix hex {0 0ns}
# run 50ns
# add_force {/piped_mac/SD_AXIS_TVALID} -radix hex {1 0ns}
# add_force {/piped_mac/SD_AXIS_TLAST} -radix hex {1 0ns}
# add_force {/piped_mac/SD_AXIS_TID} -radix hex {3 0ns}
# add_force {/piped_mac/SD_AXIS_TDATA} -radix hex {0000AAAA0000BBBB 0ns}
# add_force {/piped_mac/SD_AXIS_TUSER} -radix hex {0 0ns}
# run 10ns
# add_force {/piped_mac/SD_AXIS_TVALID} -radix hex {1 0ns}
# add_force {/piped_mac/SD_AXIS_TLAST} -radix hex {1 0ns}
# add_force {/piped_mac/SD_AXIS_TID} -radix hex {4 0ns}
# add_force {/piped_mac/SD_AXIS_TDATA} -radix hex {0000444400005555 0ns}
# add_force {/piped_mac/SD_AXIS_TUSER} -radix hex {0 0ns}
# run 10ns
# add_force {/piped_mac/SD_AXIS_TVALID} -radix hex {0 0ns}
# run 50ns
