#-----------------------------------------------------------
# Vivado v2020.1 (64-bit)
# SW Build 2902540 on Wed May 27 19:54:35 MDT 2020
# IP Build 2902112 on Wed May 27 22:43:36 MDT 2020
# Start of session at: Sun Nov 19 23:34:08 2023
# Process ID: 37907
# Current directory: /home/jboateng/cpre_587_lab3/cpre_587_lab1/lab3/cpre487-587-lab3-main
# Command line: vivado
# Log file: /home/jboateng/cpre_587_lab3/cpre_587_lab1/lab3/cpre487-587-lab3-main/vivado.log
# Journal file: /home/jboateng/cpre_587_lab3/cpre_587_lab1/lab3/cpre487-587-lab3-main/vivado.jou
#-----------------------------------------------------------
start_gui
open_project /home/jboateng/cpre_587_lab3/cpre_587_lab1/lab3/cpre487-587-lab3-main/hw/piped_mac/vivado/tc_piped_mac/tc_piped_mac.xpr
Scanning sources...
Finished scanning sources
INFO: [IP_Flow 19-234] Refreshing IP repositories
INFO: [IP_Flow 19-1700] Loaded user IP repository '/home/jboateng/cpre_587_lab3/cpre_587_lab1/lab3/cpre487-587-lab3-main/hw/piped_mac'.
WARNING: [IP_Flow 19-3656] If you move the project, the path for repository '/home/jboateng/cpre_587_lab3/cpre_587_lab1/lab3/cpre487-587-lab3-main/hw/piped_mac' may become invalid. A better location for the repository would be in a path adjacent to the project. (Current project location is '/home/jboateng/cpre_587_lab3/cpre_587_lab1/lab3/cpre487-587-lab3-main/hw/piped_mac/vivado/tc_piped_mac'.)
INFO: [IP_Flow 19-2313] Loaded Vivado IP repository '/remote/Xilinx/2020.1/Vivado/2020.1/data/ip'.
WARNING: [IP_Flow 19-3899] Cannot get the environment domain name variable for the component vendor name. Setting the vendor name to 'user.org'.
open_project: Time (s): cpu = 00:00:11 ; elapsed = 00:00:06 . Memory (MB): peak = 7340.988 ; gain = 43.285 ; free physical = 9217 ; free virtual = 21189
update_compile_order -fileset sources_1
launch_simulation
Command: launch_simulation 
INFO: [Vivado 12-5682] Launching behavioral simulation in '/home/jboateng/cpre_587_lab3/cpre_587_lab1/lab3/cpre487-587-lab3-main/hw/piped_mac/vivado/tc_piped_mac/tc_piped_mac.sim/sim_1/behav/xsim'
INFO: [SIM-utils-51] Simulation object is 'sim_1'
INFO: [SIM-utils-54] Inspecting design source files for 'piped_mac' in fileset 'sim_1'...
INFO: [USF-XSim-97] Finding global include files...
INFO: [USF-XSim-98] Fetching design files from 'sim_1'...
INFO: [USF-XSim-2] XSim::Compile design
INFO: [USF-XSim-61] Executing 'COMPILE and ANALYZE' step in '/home/jboateng/cpre_587_lab3/cpre_587_lab1/lab3/cpre487-587-lab3-main/hw/piped_mac/vivado/tc_piped_mac/tc_piped_mac.sim/sim_1/behav/xsim'
xvhdl --incr --relax -prj piped_mac_vhdl.prj
INFO: [USF-XSim-69] 'compile' step finished in '1' seconds
INFO: [USF-XSim-3] XSim::Elaborate design
INFO: [USF-XSim-61] Executing 'ELABORATE' step in '/home/jboateng/cpre_587_lab3/cpre_587_lab1/lab3/cpre487-587-lab3-main/hw/piped_mac/vivado/tc_piped_mac/tc_piped_mac.sim/sim_1/behav/xsim'
xelab -wto fb616671c31c463490847cd35ff8347c --incr --debug typical --relax --mt 8 -L xil_defaultlib -L secureip --snapshot piped_mac_behav xil_defaultlib.piped_mac -log elaborate.log
Vivado Simulator 2020.1
Copyright 1986-1999, 2001-2020 Xilinx, Inc. All Rights Reserved.
Running: /remote/Xilinx/2020.1/Vivado/2020.1/bin/unwrapped/lnx64.o/xelab -wto fb616671c31c463490847cd35ff8347c --incr --debug typical --relax --mt 8 -L xil_defaultlib -L secureip --snapshot piped_mac_behav xil_defaultlib.piped_mac -log elaborate.log 
Using 8 slave threads.
Starting static elaboration
ERROR: [VRFC 10-664] expression has 128 elements ; expected 32 [/home/jboateng/cpre_587_lab3/cpre_587_lab1/lab3/cpre487-587-lab3-main/hw/piped_mac/hdl/piped_mac.vhd:84]
ERROR: [XSIM 43-3321] Static elaboration of top level VHDL design unit piped_mac in library work failed.
INFO: [USF-XSim-69] 'elaborate' step finished in '2' seconds
INFO: [USF-XSim-99] Step results log file:'/home/jboateng/cpre_587_lab3/cpre_587_lab1/lab3/cpre487-587-lab3-main/hw/piped_mac/vivado/tc_piped_mac/tc_piped_mac.sim/sim_1/behav/xsim/elaborate.log'
ERROR: [USF-XSim-62] 'elaborate' step failed with error(s). Please check the Tcl console output or '/home/jboateng/cpre_587_lab3/cpre_587_lab1/lab3/cpre487-587-lab3-main/hw/piped_mac/vivado/tc_piped_mac/tc_piped_mac.sim/sim_1/behav/xsim/elaborate.log' file for more information.
ERROR: [Vivado 12-4473] Detected error while running simulation. Please correct the issue and retry this operation.
ERROR: [Common 17-39] 'launch_simulation' failed due to earlier errors.
launch_simulation
Command: launch_simulation 
INFO: [Vivado 12-5682] Launching behavioral simulation in '/home/jboateng/cpre_587_lab3/cpre_587_lab1/lab3/cpre487-587-lab3-main/hw/piped_mac/vivado/tc_piped_mac/tc_piped_mac.sim/sim_1/behav/xsim'
INFO: [SIM-utils-51] Simulation object is 'sim_1'
INFO: [SIM-utils-54] Inspecting design source files for 'piped_mac' in fileset 'sim_1'...
INFO: [USF-XSim-97] Finding global include files...
INFO: [USF-XSim-98] Fetching design files from 'sim_1'...
INFO: [USF-XSim-2] XSim::Compile design
INFO: [USF-XSim-61] Executing 'COMPILE and ANALYZE' step in '/home/jboateng/cpre_587_lab3/cpre_587_lab1/lab3/cpre487-587-lab3-main/hw/piped_mac/vivado/tc_piped_mac/tc_piped_mac.sim/sim_1/behav/xsim'
xvhdl --incr --relax -prj piped_mac_vhdl.prj
INFO: [VRFC 10-163] Analyzing VHDL file "/home/jboateng/cpre_587_lab3/cpre_587_lab1/lab3/cpre487-587-lab3-main/hw/piped_mac/hdl/piped_mac.vhd" into library xil_defaultlib
INFO: [VRFC 10-3107] analyzing entity 'piped_mac'
INFO: [USF-XSim-69] 'compile' step finished in '2' seconds
INFO: [USF-XSim-3] XSim::Elaborate design
INFO: [USF-XSim-61] Executing 'ELABORATE' step in '/home/jboateng/cpre_587_lab3/cpre_587_lab1/lab3/cpre487-587-lab3-main/hw/piped_mac/vivado/tc_piped_mac/tc_piped_mac.sim/sim_1/behav/xsim'
xelab -wto fb616671c31c463490847cd35ff8347c --incr --debug typical --relax --mt 8 -L xil_defaultlib -L secureip --snapshot piped_mac_behav xil_defaultlib.piped_mac -log elaborate.log
Vivado Simulator 2020.1
Copyright 1986-1999, 2001-2020 Xilinx, Inc. All Rights Reserved.
Running: /remote/Xilinx/2020.1/Vivado/2020.1/bin/unwrapped/lnx64.o/xelab -wto fb616671c31c463490847cd35ff8347c --incr --debug typical --relax --mt 8 -L xil_defaultlib -L secureip --snapshot piped_mac_behav xil_defaultlib.piped_mac -log elaborate.log 
Using 8 slave threads.
Starting static elaboration
Completed static elaboration
Starting simulation data flow analysis
Completed simulation data flow analysis
Time Resolution for simulation is 1ps
Compiling package std.standard
Compiling package std.textio
Compiling package ieee.std_logic_1164
Compiling package ieee.numeric_std
Compiling architecture behavioral of entity xil_defaultlib.piped_mac
Built simulation snapshot piped_mac_behav
INFO: [USF-XSim-69] 'elaborate' step finished in '2' seconds
INFO: [USF-XSim-4] XSim::Simulate design
INFO: [USF-XSim-61] Executing 'SIMULATE' step in '/home/jboateng/cpre_587_lab3/cpre_587_lab1/lab3/cpre487-587-lab3-main/hw/piped_mac/vivado/tc_piped_mac/tc_piped_mac.sim/sim_1/behav/xsim'
INFO: [USF-XSim-98] *** Running xsim
   with args "piped_mac_behav -key {Behavioral:sim_1:Functional:piped_mac} -tclbatch {piped_mac.tcl} -log {simulate.log}"
INFO: [USF-XSim-8] Loading simulator feature
Vivado Simulator 2020.1
Time resolution is 1 ps
source piped_mac.tcl
# set curr_wave [current_wave_config]
# if { [string length $curr_wave] == 0 } {
#   if { [llength [get_objects]] > 0} {
#     add_wave /
#     set_property needs_save false [current_wave_config]
#   } else {
#      send_msg_id Add_Wave-1 WARNING "No top level signals found. Simulator will start without a wave window. If you want to open a wave window go to 'File->New Waveform Configuration' or type 'create_wave_config' in the TCL console."
#   }
# }
