#-----------------------------------------------------------
# Vivado v2020.1 (64-bit)
# SW Build 2902540 on Wed May 27 19:54:35 MDT 2020
# IP Build 2902112 on Wed May 27 22:43:36 MDT 2020
# Start of session at: Wed Nov 22 15:16:28 2023
# Process ID: 16719
# Current directory: /home/jboateng/cpre_587_lab3/cpre_587_lab1/lab3/cpre487-587-lab3-main
# Command line: vivado
# Log file: /home/jboateng/cpre_587_lab3/cpre_587_lab1/lab3/cpre487-587-lab3-main/vivado.log
# Journal file: /home/jboateng/cpre_587_lab3/cpre_587_lab1/lab3/cpre487-587-lab3-main/vivado.jou
#-----------------------------------------------------------
start_gui
open_project /home/jboateng/cpre_587_lab3/cpre_587_lab1/lab3/cpre487-587-lab3-main/hw/piped_mac/vivado/tc_piped_mac/tc_piped_mac.xpr
Scanning sources...
Finished scanning sources
INFO: [IP_Flow 19-234] Refreshing IP repositories
INFO: [IP_Flow 19-1700] Loaded user IP repository '/home/jboateng/cpre_587_lab3/cpre_587_lab1/lab3/cpre487-587-lab3-main/hw/piped_mac'.
WARNING: [IP_Flow 19-3656] If you move the project, the path for repository '/home/jboateng/cpre_587_lab3/cpre_587_lab1/lab3/cpre487-587-lab3-main/hw/piped_mac' may become invalid. A better location for the repository would be in a path adjacent to the project. (Current project location is '/home/jboateng/cpre_587_lab3/cpre_587_lab1/lab3/cpre487-587-lab3-main/hw/piped_mac/vivado/tc_piped_mac'.)
INFO: [IP_Flow 19-2313] Loaded Vivado IP repository '/remote/Xilinx/2020.1/Vivado/2020.1/data/ip'.
WARNING: [IP_Flow 19-3899] Cannot get the environment domain name variable for the component vendor name. Setting the vendor name to 'user.org'.
open_project: Time (s): cpu = 00:00:11 ; elapsed = 00:00:08 . Memory (MB): peak = 7216.430 ; gain = 39.250 ; free physical = 10799 ; free virtual = 21412
update_compile_order -fileset sources_1
launch_simulation
Command: launch_simulation 
INFO: [Vivado 12-5682] Launching behavioral simulation in '/home/jboateng/cpre_587_lab3/cpre_587_lab1/lab3/cpre487-587-lab3-main/hw/piped_mac/vivado/tc_piped_mac/tc_piped_mac.sim/sim_1/behav/xsim'
INFO: [SIM-utils-51] Simulation object is 'sim_1'
INFO: [SIM-utils-54] Inspecting design source files for 'piped_mac' in fileset 'sim_1'...
INFO: [USF-XSim-97] Finding global include files...
INFO: [USF-XSim-98] Fetching design files from 'sim_1'...
INFO: [USF-XSim-2] XSim::Compile design
INFO: [USF-XSim-61] Executing 'COMPILE and ANALYZE' step in '/home/jboateng/cpre_587_lab3/cpre_587_lab1/lab3/cpre487-587-lab3-main/hw/piped_mac/vivado/tc_piped_mac/tc_piped_mac.sim/sim_1/behav/xsim'
xvhdl --incr --relax -prj piped_mac_vhdl.prj
INFO: [USF-XSim-69] 'compile' step finished in '2' seconds
INFO: [USF-XSim-3] XSim::Elaborate design
INFO: [USF-XSim-61] Executing 'ELABORATE' step in '/home/jboateng/cpre_587_lab3/cpre_587_lab1/lab3/cpre487-587-lab3-main/hw/piped_mac/vivado/tc_piped_mac/tc_piped_mac.sim/sim_1/behav/xsim'
xelab -wto fb616671c31c463490847cd35ff8347c --incr --debug typical --relax --mt 8 -L xil_defaultlib -L secureip --snapshot piped_mac_behav xil_defaultlib.piped_mac -log elaborate.log
Vivado Simulator 2020.1
Copyright 1986-1999, 2001-2020 Xilinx, Inc. All Rights Reserved.
Running: /remote/Xilinx/2020.1/Vivado/2020.1/bin/unwrapped/lnx64.o/xelab -wto fb616671c31c463490847cd35ff8347c --incr --debug typical --relax --mt 8 -L xil_defaultlib -L secureip --snapshot piped_mac_behav xil_defaultlib.piped_mac -log elaborate.log 
Using 8 slave threads.
Starting static elaboration
Completed static elaboration
INFO: [XSIM 43-4323] No Change in HDL. Linking previously generated obj files to create kernel
INFO: [USF-XSim-69] 'elaborate' step finished in '2' seconds
INFO: [USF-XSim-4] XSim::Simulate design
INFO: [USF-XSim-61] Executing 'SIMULATE' step in '/home/jboateng/cpre_587_lab3/cpre_587_lab1/lab3/cpre487-587-lab3-main/hw/piped_mac/vivado/tc_piped_mac/tc_piped_mac.sim/sim_1/behav/xsim'
INFO: [USF-XSim-98] *** Running xsim
   with args "piped_mac_behav -key {Behavioral:sim_1:Functional:piped_mac} -tclbatch {piped_mac.tcl} -log {simulate.log}"
INFO: [USF-XSim-8] Loading simulator feature
Vivado Simulator 2020.1
Time resolution is 1 ps
source piped_mac.tcl
# set curr_wave [current_wave_config]
# if { [string length $curr_wave] == 0 } {
#   if { [llength [get_objects]] > 0} {
#     add_wave /
#     set_property needs_save false [current_wave_config]
#   } else {
#      send_msg_id Add_Wave-1 WARNING "No top level signals found. Simulator will start without a wave window. If you want to open a wave window go to 'File->New Waveform Configuration' or type 'create_wave_config' in the TCL console."
#   }
# }
# run 1000ns
INFO: [USF-XSim-96] XSim completed. Design snapshot 'piped_mac_behav' loaded.
INFO: [USF-XSim-97] XSim simulation ran for 1000ns
launch_simulation: Time (s): cpu = 00:00:11 ; elapsed = 00:00:08 . Memory (MB): peak = 7327.254 ; gain = 84.812 ; free physical = 10679 ; free virtual = 21385
ls
WARNING: [Common 17-259] Unknown Tcl command 'ls' sending command to the OS shell for execution. It is recommended to use 'exec' to send the command to the OS shell.
env.sh
hw
README.md
sw
vivado_17464.backup.jou
vivado_17464.backup.log
vivado_26907.backup.jou
vivado_26907.backup.log
vivado_26986.backup.jou
vivado_26986.backup.log
vivado_37907.backup.jou
vivado_37907.backup.log
vivado_38703.backup.jou
vivado_38703.backup.log
vivado.jou
vivado.log
vivado_pid16719.str
vivado_pid17464.str
vivado_pid26907.str
vivado_pid37907.str
vivado_pid38703.str
cd hw
ls
WARNING: [Common 17-259] Unknown Tcl command 'ls' sending command to the OS shell for execution. It is recommended to use 'exec' to send the command to the OS shell.
mlp_conv
mlp_system
piped_mac
staged_mac
cd piped_mac
ls
WARNING: [Common 17-259] Unknown Tcl command 'ls' sending command to the OS shell for execution. It is recommended to use 'exec' to send the command to the OS shell.
component.xml
hdl
tb
vivado
xgui
cd tb
ls
WARNING: [Common 17-259] Unknown Tcl command 'ls' sending command to the OS shell for execution. It is recommended to use 'exec' to send the command to the OS shell.
tcl
cd tcl
ls
WARNING: [Common 17-259] Unknown Tcl command 'ls' sending command to the OS shell for execution. It is recommended to use 'exec' to send the command to the OS shell.
piped_mac1_tb.tcl
piped_mac2_tb.tcl
piped_mac_tb.tcl
staged_single_op.tcl
vivado.jou
vivado.log
vivado_pid56997.str
source piped_mac1_tb.tcl
# relaunch_sim
Command: launch_simulation -simset sim_1 -mode behavioral
INFO: [Vivado 12-5682] Launching behavioral simulation in '/home/jboateng/cpre_587_lab3/cpre_587_lab1/lab3/cpre487-587-lab3-main/hw/piped_mac/vivado/tc_piped_mac/tc_piped_mac.sim/sim_1/behav/xsim'
INFO: [SIM-utils-51] Simulation object is 'sim_1'
INFO: [SIM-utils-54] Inspecting design source files for 'piped_mac' in fileset 'sim_1'...
INFO: [USF-XSim-97] Finding global include files...
INFO: [USF-XSim-98] Fetching design files from 'sim_1'...
INFO: [USF-XSim-2] XSim::Compile design
INFO: [USF-XSim-61] Executing 'COMPILE and ANALYZE' step in '/home/jboateng/cpre_587_lab3/cpre_587_lab1/lab3/cpre487-587-lab3-main/hw/piped_mac/vivado/tc_piped_mac/tc_piped_mac.sim/sim_1/behav/xsim'
xvhdl --incr --relax -prj piped_mac_vhdl.prj
INFO: [USF-XSim-69] 'compile' step finished in '2' seconds
Command: launch_simulation -simset sim_1 -mode behavioral
INFO: [Vivado 12-5682] Launching behavioral simulation in '/home/jboateng/cpre_587_lab3/cpre_587_lab1/lab3/cpre487-587-lab3-main/hw/piped_mac/vivado/tc_piped_mac/tc_piped_mac.sim/sim_1/behav/xsim'
INFO: [USF-XSim-3] XSim::Elaborate design
INFO: [USF-XSim-61] Executing 'ELABORATE' step in '/home/jboateng/cpre_587_lab3/cpre_587_lab1/lab3/cpre487-587-lab3-main/hw/piped_mac/vivado/tc_piped_mac/tc_piped_mac.sim/sim_1/behav/xsim'
xelab -wto fb616671c31c463490847cd35ff8347c --incr --debug typical --relax --mt 8 -L xil_defaultlib -L secureip --snapshot piped_mac_behav xil_defaultlib.piped_mac -log elaborate.log
Vivado Simulator 2020.1
Copyright 1986-1999, 2001-2020 Xilinx, Inc. All Rights Reserved.
Running: /remote/Xilinx/2020.1/Vivado/2020.1/bin/unwrapped/lnx64.o/xelab -wto fb616671c31c463490847cd35ff8347c --incr --debug typical --relax --mt 8 -L xil_defaultlib -L secureip --snapshot piped_mac_behav xil_defaultlib.piped_mac -log elaborate.log 
Using 8 slave threads.
Starting static elaboration
Completed static elaboration
INFO: [XSIM 43-4323] No Change in HDL. Linking previously generated obj files to create kernel
INFO: [USF-XSim-69] 'elaborate' step finished in '1' seconds
Vivado Simulator 2020.1
Time resolution is 1 ps
relaunch_sim: Time (s): cpu = 00:00:05 ; elapsed = 00:00:06 . Memory (MB): peak = 7327.254 ; gain = 0.000 ; free physical = 10568 ; free virtual = 21298
# add_force {/piped_mac/ACLK} -radix hex {0 0ns} {1 5000ps} -repeat_every 10000ps
# add_force {/piped_mac/ARESETN} -radix hex {0 0ns}
# run 30ns
# add_force {/piped_mac/ARESETN} -radix hex {1 0ns}
# add_force {/piped_mac/MO_AXIS_TREADY} -radix hex {1 0ns}
# add_force {/piped_mac/SD_AXIS_TVALID} -radix hex {1 0ns}
# add_force {/piped_mac/SD_AXIS_TLAST} -radix hex {1 0ns}
# add_force {/piped_mac/SD_AXIS_TID} -radix hex {1 0ns}
# add_force {/piped_mac/SD_AXIS_TDATA} -radix hex {1111111122222222 0ns}
# add_force {/piped_mac/SD_AXIS_TUSER} -radix hex {0 0ns}
# run 10ns
# add_force {/piped_mac/SD_AXIS_TVALID} -radix hex {0 0ns}
# run 50ns
# add_force {/piped_mac/SD_AXIS_TVALID} -radix hex {1 0ns}
# add_force {/piped_mac/SD_AXIS_TLAST} -radix hex {0 0ns}
# add_force {/piped_mac/SD_AXIS_TID} -radix hex {2 0ns}
# add_force {/piped_mac/SD_AXIS_TDATA} -radix hex {1111111122222222 0ns}
# add_force {/piped_mac/SD_AXIS_TUSER} -radix hex {0 0ns}
# run 10ns
# add_force {/piped_mac/SD_AXIS_TLAST} -radix hex {1 0ns}
# add_force {/piped_mac/SD_AXIS_TDATA} -radix hex {1010101020202020 0ns}
# run 10ns
# add_force {/piped_mac/SD_AXIS_TLAST} -radix hex {0 0ns}
# add_force {/piped_mac/SD_AXIS_TVALID} -radix hex {0 0ns}
# run 50ns
# add_force {/piped_mac/SD_AXIS_TVALID} -radix hex {1 0ns}
# add_force {/piped_mac/SD_AXIS_TLAST} -radix hex {1 0ns}
# add_force {/piped_mac/SD_AXIS_TID} -radix hex {3 0ns}
# add_force {/piped_mac/SD_AXIS_TDATA} -radix hex {0000AAAA0000BBBB 0ns}
# add_force {/piped_mac/SD_AXIS_TUSER} -radix hex {0 0ns}
# run 10ns
# add_force {/piped_mac/SD_AXIS_TVALID} -radix hex {1 0ns}
# add_force {/piped_mac/SD_AXIS_TLAST} -radix hex {1 0ns}
# add_force {/piped_mac/SD_AXIS_TID} -radix hex {4 0ns}
# add_force {/piped_mac/SD_AXIS_TDATA} -radix hex {0000444400005555 0ns}
# add_force {/piped_mac/SD_AXIS_TUSER} -radix hex {0 0ns}
# run 10ns
# add_force {/piped_mac/SD_AXIS_TVALID} -radix hex {0 0ns}
# run 50ns
launch_runs synth_1 -jobs 2
[Wed Nov 22 15:25:30 2023] Launched synth_1...
Run output will be captured here: /home/jboateng/cpre_587_lab3/cpre_587_lab1/lab3/cpre487-587-lab3-main/hw/piped_mac/vivado/tc_piped_mac/tc_piped_mac.runs/synth_1/runme.log
launch_runs impl_1 -jobs 2
[Wed Nov 22 15:26:58 2023] Launched impl_1...
Run output will be captured here: /home/jboateng/cpre_587_lab3/cpre_587_lab1/lab3/cpre487-587-lab3-main/hw/piped_mac/vivado/tc_piped_mac/tc_piped_mac.runs/impl_1/runme.log
open_run synth_1 -name synth_1
Design is defaulting to impl run constrset: constrs_1
Design is defaulting to synth run part: xc7z020clg484-1
INFO: [Device 21-403] Loading part xc7z020clg484-1
Netlist sorting complete. Time (s): cpu = 00:00:00 ; elapsed = 00:00:00 . Memory (MB): peak = 7372.320 ; gain = 0.000 ; free physical = 8713 ; free virtual = 20072
INFO: [Netlist 29-17] Analyzing 18 Unisim elements for replacement
INFO: [Netlist 29-28] Unisim Transformation completed in 0 CPU seconds
INFO: [Project 1-479] Netlist was created with Vivado 2020.1
INFO: [Project 1-570] Preparing netlist for logic optimization
Parsing XDC File [/home/jboateng/cpre_587_lab3/cpre_587_lab1/lab3/cpre487-587-lab3-main/hw/piped_mac/hdl/zedboard.xdc]
WARNING: [Vivado 12-584] No ports matched '[get_ports -of_objects [get_iobanks 33]]'. [/home/jboateng/cpre_587_lab3/cpre_587_lab1/lab3/cpre487-587-lab3-main/hw/piped_mac/hdl/zedboard.xdc:361]
CRITICAL WARNING: [Common 17-55] 'set_property' expects at least one object. [/home/jboateng/cpre_587_lab3/cpre_587_lab1/lab3/cpre487-587-lab3-main/hw/piped_mac/hdl/zedboard.xdc:361]
Resolution: If [get_<value>] was used to populate the object, check to make sure this command returns at least one valid object.
WARNING: [Vivado 12-584] No ports matched '[get_ports -of_objects [get_iobanks 34]]'. [/home/jboateng/cpre_587_lab3/cpre_587_lab1/lab3/cpre487-587-lab3-main/hw/piped_mac/hdl/zedboard.xdc:366]
CRITICAL WARNING: [Common 17-55] 'set_property' expects at least one object. [/home/jboateng/cpre_587_lab3/cpre_587_lab1/lab3/cpre487-587-lab3-main/hw/piped_mac/hdl/zedboard.xdc:366]
Resolution: If [get_<value>] was used to populate the object, check to make sure this command returns at least one valid object.
WARNING: [Vivado 12-584] No ports matched '[get_ports -of_objects [get_iobanks 35]]'. [/home/jboateng/cpre_587_lab3/cpre_587_lab1/lab3/cpre487-587-lab3-main/hw/piped_mac/hdl/zedboard.xdc:371]
CRITICAL WARNING: [Common 17-55] 'set_property' expects at least one object. [/home/jboateng/cpre_587_lab3/cpre_587_lab1/lab3/cpre487-587-lab3-main/hw/piped_mac/hdl/zedboard.xdc:371]
Resolution: If [get_<value>] was used to populate the object, check to make sure this command returns at least one valid object.
WARNING: [Vivado 12-584] No ports matched '[get_ports -of_objects [get_iobanks 13]]'. [/home/jboateng/cpre_587_lab3/cpre_587_lab1/lab3/cpre487-587-lab3-main/hw/piped_mac/hdl/zedboard.xdc:374]
CRITICAL WARNING: [Common 17-55] 'set_property' expects at least one object. [/home/jboateng/cpre_587_lab3/cpre_587_lab1/lab3/cpre487-587-lab3-main/hw/piped_mac/hdl/zedboard.xdc:374]
Resolution: If [get_<value>] was used to populate the object, check to make sure this command returns at least one valid object.
Finished Parsing XDC File [/home/jboateng/cpre_587_lab3/cpre_587_lab1/lab3/cpre487-587-lab3-main/hw/piped_mac/hdl/zedboard.xdc]
INFO: [Opt 31-138] Pushed 0 inverter(s) to 0 load pin(s).
Netlist sorting complete. Time (s): cpu = 00:00:00 ; elapsed = 00:00:00 . Memory (MB): peak = 7457.945 ; gain = 0.000 ; free physical = 8607 ; free virtual = 19966
INFO: [Project 1-111] Unisim Transformation Summary:
No Unisim elements were transformed.

open_run: Time (s): cpu = 00:00:14 ; elapsed = 00:00:14 . Memory (MB): peak = 7579.797 ; gain = 252.543 ; free physical = 8519 ; free virtual = 19882
close_design
open_run impl_1
Netlist sorting complete. Time (s): cpu = 00:00:00 ; elapsed = 00:00:00 . Memory (MB): peak = 7925.102 ; gain = 0.000 ; free physical = 8119 ; free virtual = 19484
INFO: [Netlist 29-17] Analyzing 18 Unisim elements for replacement
INFO: [Netlist 29-28] Unisim Transformation completed in 0 CPU seconds
INFO: [Project 1-479] Netlist was created with Vivado 2020.1
INFO: [Project 1-570] Preparing netlist for logic optimization
INFO: [Timing 38-478] Restoring timing data from binary archive.
INFO: [Timing 38-479] Binary timing data restore complete.
INFO: [Project 1-856] Restoring constraints from binary archive.
INFO: [Constraints 18-5170] The checkpoint was created with non-default parameter values which do not match the current Vivado settings.  Mismatching parameters are:
  general.maxThreads
INFO: [Project 1-853] Binary constraint restore complete.
Reading XDEF placement.
Reading placer database...
Reading XDEF routing.
Read XDEF File: Time (s): cpu = 00:00:00.03 ; elapsed = 00:00:00.03 . Memory (MB): peak = 7991.879 ; gain = 0.000 ; free physical = 7982 ; free virtual = 19347
Restored from archive | CPU: 0.030000 secs | Memory: 0.232063 MB |
Finished XDEF File Restore: Time (s): cpu = 00:00:00.03 ; elapsed = 00:00:00.03 . Memory (MB): peak = 7991.879 ; gain = 0.000 ; free physical = 7982 ; free virtual = 19347
Netlist sorting complete. Time (s): cpu = 00:00:00 ; elapsed = 00:00:00 . Memory (MB): peak = 7991.879 ; gain = 0.000 ; free physical = 7982 ; free virtual = 19347
INFO: [Project 1-111] Unisim Transformation Summary:
No Unisim elements were transformed.

CRITICAL WARNING: [Timing 38-282] The design failed to meet the timing requirements. Please see the timing summary report for details on the timing violations.
close_sim
INFO: [Simtcl 6-16] Simulation closed
close_project
open_project /home/jboateng/cpre_587_lab3/cpre_587_lab1/lab3/cpre487-587-lab3-main/hw/staged_mac/vivado/tc_staged_mac/tc_staged_mac.xpr
Scanning sources...
Finished scanning sources
INFO: [IP_Flow 19-234] Refreshing IP repositories
INFO: [IP_Flow 19-1700] Loaded user IP repository '/home/jboateng/cpre_587_lab3/cpre_587_lab1/lab3/cpre487-587-lab3-main/hw/staged_mac'.
WARNING: [IP_Flow 19-3656] If you move the project, the path for repository '/home/jboateng/cpre_587_lab3/cpre_587_lab1/lab3/cpre487-587-lab3-main/hw/staged_mac' may become invalid. A better location for the repository would be in a path adjacent to the project. (Current project location is '/home/jboateng/cpre_587_lab3/cpre_587_lab1/lab3/cpre487-587-lab3-main/hw/staged_mac/vivado/tc_staged_mac'.)
INFO: [IP_Flow 19-2313] Loaded Vivado IP repository '/remote/Xilinx/2020.1/Vivado/2020.1/data/ip'.
update_compile_order -fileset sources_1
close_project
open_project /home/jboateng/cpre_587_lab3/cpre_587_lab1/lab3/cpre487-587-lab3-main/hw/piped_mac/vivado/tc_piped_mac/tc_piped_mac.xpr
Scanning sources...
Finished scanning sources
INFO: [IP_Flow 19-234] Refreshing IP repositories
INFO: [IP_Flow 19-1700] Loaded user IP repository '/home/jboateng/cpre_587_lab3/cpre_587_lab1/lab3/cpre487-587-lab3-main/hw/piped_mac'.
WARNING: [IP_Flow 19-3656] If you move the project, the path for repository '/home/jboateng/cpre_587_lab3/cpre_587_lab1/lab3/cpre487-587-lab3-main/hw/piped_mac' may become invalid. A better location for the repository would be in a path adjacent to the project. (Current project location is '/home/jboateng/cpre_587_lab3/cpre_587_lab1/lab3/cpre487-587-lab3-main/hw/piped_mac/vivado/tc_piped_mac'.)
INFO: [IP_Flow 19-2313] Loaded Vivado IP repository '/remote/Xilinx/2020.1/Vivado/2020.1/data/ip'.
update_compile_order -fileset sources_1
