#-----------------------------------------------------------
# Vivado v2020.1 (64-bit)
# SW Build 2902540 on Wed May 27 19:54:35 MDT 2020
# IP Build 2902112 on Wed May 27 22:43:36 MDT 2020
# Start of session at: Sun Oct  1 15:54:01 2023
# Process ID: 18609
# Current directory: /home/jboateng/cpre_587_lab3/cpre_587_lab1/lab3/cpre487-587-lab3-main
# Command line: vivado
# Log file: /home/jboateng/cpre_587_lab3/cpre_587_lab1/lab3/cpre487-587-lab3-main/vivado.log
# Journal file: /home/jboateng/cpre_587_lab3/cpre_587_lab1/lab3/cpre487-587-lab3-main/vivado.jou
#-----------------------------------------------------------
start_gui
cd /home/jboateng/cpre_587_lab3/cpre_587_lab1/lab3/cpre487-587-lab3-main/hw/staged_mac/vivado/
source tc_mac.tcl
couldn't read file "tc_mac.tcl": no such file or directory
source tc_staged_mac.tcl
couldn't read file "tc_staged_mac.tcl": no such file or directory
ls
WARNING: [Common 17-259] Unknown Tcl command 'ls' sending command to the OS shell for execution. It is recommended to use 'exec' to send the command to the OS shell.
tc_staged_mac
tc_staged_mac_ip.tcl
Xilinx
exec ls
tc_staged_mac
tc_staged_mac_ip.tcl
Xilinx
source tc_staged_mac_ip.tcl
# set origin_dir "."
# if { [info exists ::origin_dir_loc] } {
#   set origin_dir $::origin_dir_loc
# }
# set _xil_proj_name_ "tc_staged_mac"
# if { [info exists ::user_project_name] } {
#   set _xil_proj_name_ $::user_project_name
# }
# variable script_file
# set script_file "tc_staged_mac_ip.tcl"
# proc print_help {} {
#   variable script_file
#   puts "\nDescription:"
#   puts "Recreate a Vivado project from this script. The created project will be"
#   puts "functionally equivalent to the original project for which this script was"
#   puts "generated. The script contains commands for creating a project, filesets,"
#   puts "runs, adding/importing sources and setting properties on various objects.\n"
#   puts "Syntax:"
#   puts "$script_file"
#   puts "$script_file -tclargs \[--origin_dir <path>\]"
#   puts "$script_file -tclargs \[--project_name <name>\]"
#   puts "$script_file -tclargs \[--help\]\n"
#   puts "Usage:"
#   puts "Name                   Description"
#   puts "-------------------------------------------------------------------------"
#   puts "\[--origin_dir <path>\]  Determine source file paths wrt this path. Default"
#   puts "                       origin_dir path value is \".\", otherwise, the value"
#   puts "                       that was set with the \"-paths_relative_to\" switch"
#   puts "                       when this script was generated.\n"
#   puts "\[--project_name <name>\] Create project with the specified name. Default"
#   puts "                       name is the name of the project from where this"
#   puts "                       script was generated.\n"
#   puts "\[--help\]               Print help information for this script"
#   puts "-------------------------------------------------------------------------\n"
#   exit 0
# }
# if { $::argc > 0 } {
#   for {set i 0} {$i < $::argc} {incr i} {
#     set option [string trim [lindex $::argv $i]]
#     switch -regexp -- $option {
#       "--origin_dir"   { incr i; set origin_dir [lindex $::argv $i] }
#       "--project_name" { incr i; set _xil_proj_name_ [lindex $::argv $i] }
#       "--help"         { print_help }
#       default {
#         if { [regexp {^-} $option] } {
#           puts "ERROR: Unknown option '$option' specified, please type '$script_file -tclargs --help' for usage info.\n"
#           return 1
#         }
#       }
#     }
#   }
# }
# set orig_proj_dir "[file normalize "$origin_dir/tc_staged_mac"]"
# create_project ${_xil_proj_name_} ./${_xil_proj_name_} -part xc7z020clg484-1
ERROR: [Common 17-53] User Exception: Project already exists on disk, please use '-force' option to overwrite: 
     /home/jboateng/cpre_587_lab3/cpre_587_lab1/lab3/cpre487-587-lab3-main/hw/staged_mac/vivado/tc_staged_mac/tc_staged_mac.xpr
     /home/jboateng/cpre_587_lab3/cpre_587_lab1/lab3/cpre487-587-lab3-main/hw/staged_mac/vivado/tc_staged_mac/tc_staged_mac.sim
     /home/jboateng/cpre_587_lab3/cpre_587_lab1/lab3/cpre487-587-lab3-main/hw/staged_mac/vivado/tc_staged_mac/tc_staged_mac.cache
     /home/jboateng/cpre_587_lab3/cpre_587_lab1/lab3/cpre487-587-lab3-main/hw/staged_mac/vivado/tc_staged_mac/tc_staged_mac.hw
     /home/jboateng/cpre_587_lab3/cpre_587_lab1/lab3/cpre487-587-lab3-main/hw/staged_mac/vivado/tc_staged_mac/tc_staged_mac.ip_user_files
     /home/jboateng/cpre_587_lab3/cpre_587_lab1/lab3/cpre487-587-lab3-main/hw/staged_mac/vivado/tc_staged_mac/tc_staged_mac.hbs
open_project /home/jboateng/cpre_587_lab3/cpre_587_lab1/lab3/cpre487-587-lab3-main/hw/staged_mac/vivado/tc_staged_mac/tc_staged_mac.xpr
Scanning sources...
Finished scanning sources
WARNING: [filemgmt 56-3] Default IP Output Path : Could not find the directory '/home/jboateng/cpre_587_lab3/cpre_587_lab1/lab3/cpre487-587-lab3-main/hw/staged_mac/vivado/tc_staged_mac/tc_staged_mac.srcs/sources_1'.
INFO: [IP_Flow 19-234] Refreshing IP repositories
INFO: [IP_Flow 19-1700] Loaded user IP repository '/home/jboateng/cpre_587_lab3/cpre_587_lab1/lab3/cpre487-587-lab3-main/hw/staged_mac'.
WARNING: [IP_Flow 19-3656] If you move the project, the path for repository '/home/jboateng/cpre_587_lab3/cpre_587_lab1/lab3/cpre487-587-lab3-main/hw/staged_mac' may become invalid. A better location for the repository would be in a path adjacent to the project. (Current project location is '/home/jboateng/cpre_587_lab3/cpre_587_lab1/lab3/cpre487-587-lab3-main/hw/staged_mac/vivado/tc_staged_mac'.)
INFO: [IP_Flow 19-2313] Loaded Vivado IP repository '/remote/Xilinx/2020.1/Vivado/2020.1/data/ip'.
WARNING: [IP_Flow 19-3899] Cannot get the environment domain name variable for the component vendor name. Setting the vendor name to 'user.org'.
open_project: Time (s): cpu = 00:00:09 ; elapsed = 00:00:08 . Memory (MB): peak = 7229.391 ; gain = 37.250 ; free physical = 7864 ; free virtual = 19203
update_compile_order -fileset sources_1
