#-----------------------------------------------------------
# Vivado v2020.1 (64-bit)
# SW Build 2902540 on Wed May 27 19:54:35 MDT 2020
# IP Build 2902112 on Wed May 27 22:43:36 MDT 2020
# Start of session at: Sun Nov 19 23:36:23 2023
# Process ID: 38703
# Current directory: /home/jboateng/cpre_587_lab3/cpre_587_lab1/lab3/cpre487-587-lab3-main
# Command line: vivado
# Log file: /home/jboateng/cpre_587_lab3/cpre_587_lab1/lab3/cpre487-587-lab3-main/vivado.log
# Journal file: /home/jboateng/cpre_587_lab3/cpre_587_lab1/lab3/cpre487-587-lab3-main/vivado.jou
#-----------------------------------------------------------
start_gui
open_project /home/jboateng/cpre_587_lab3/cpre_587_lab1/lab3/cpre487-587-lab3-main/hw/piped_mac/vivado/tc_piped_mac/tc_piped_mac.xpr
Scanning sources...
Finished scanning sources
INFO: [IP_Flow 19-234] Refreshing IP repositories
INFO: [IP_Flow 19-1700] Loaded user IP repository '/home/jboateng/cpre_587_lab3/cpre_587_lab1/lab3/cpre487-587-lab3-main/hw/piped_mac'.
WARNING: [IP_Flow 19-3656] If you move the project, the path for repository '/home/jboateng/cpre_587_lab3/cpre_587_lab1/lab3/cpre487-587-lab3-main/hw/piped_mac' may become invalid. A better location for the repository would be in a path adjacent to the project. (Current project location is '/home/jboateng/cpre_587_lab3/cpre_587_lab1/lab3/cpre487-587-lab3-main/hw/piped_mac/vivado/tc_piped_mac'.)
INFO: [IP_Flow 19-2313] Loaded Vivado IP repository '/remote/Xilinx/2020.1/Vivado/2020.1/data/ip'.
WARNING: [IP_Flow 19-3899] Cannot get the environment domain name variable for the component vendor name. Setting the vendor name to 'user.org'.
open_project: Time (s): cpu = 00:00:10 ; elapsed = 00:00:07 . Memory (MB): peak = 7330.984 ; gain = 29.242 ; free physical = 9164 ; free virtual = 21137
update_compile_order -fileset sources_1
launch_simulation
Command: launch_simulation 
INFO: [Vivado 12-5682] Launching behavioral simulation in '/home/jboateng/cpre_587_lab3/cpre_587_lab1/lab3/cpre487-587-lab3-main/hw/piped_mac/vivado/tc_piped_mac/tc_piped_mac.sim/sim_1/behav/xsim'
INFO: [SIM-utils-51] Simulation object is 'sim_1'
INFO: [SIM-utils-54] Inspecting design source files for 'piped_mac' in fileset 'sim_1'...
INFO: [USF-XSim-97] Finding global include files...
INFO: [USF-XSim-98] Fetching design files from 'sim_1'...
INFO: [USF-XSim-2] XSim::Compile design
INFO: [USF-XSim-61] Executing 'COMPILE and ANALYZE' step in '/home/jboateng/cpre_587_lab3/cpre_587_lab1/lab3/cpre487-587-lab3-main/hw/piped_mac/vivado/tc_piped_mac/tc_piped_mac.sim/sim_1/behav/xsim'
xvhdl --incr --relax -prj piped_mac_vhdl.prj
INFO: [USF-XSim-69] 'compile' step finished in '1' seconds
INFO: [USF-XSim-3] XSim::Elaborate design
INFO: [USF-XSim-61] Executing 'ELABORATE' step in '/home/jboateng/cpre_587_lab3/cpre_587_lab1/lab3/cpre487-587-lab3-main/hw/piped_mac/vivado/tc_piped_mac/tc_piped_mac.sim/sim_1/behav/xsim'
xelab -wto fb616671c31c463490847cd35ff8347c --incr --debug typical --relax --mt 8 -L xil_defaultlib -L secureip --snapshot piped_mac_behav xil_defaultlib.piped_mac -log elaborate.log
Vivado Simulator 2020.1
Copyright 1986-1999, 2001-2020 Xilinx, Inc. All Rights Reserved.
Running: /remote/Xilinx/2020.1/Vivado/2020.1/bin/unwrapped/lnx64.o/xelab -wto fb616671c31c463490847cd35ff8347c --incr --debug typical --relax --mt 8 -L xil_defaultlib -L secureip --snapshot piped_mac_behav xil_defaultlib.piped_mac -log elaborate.log 
Using 8 slave threads.
Starting static elaboration
Completed static elaboration
INFO: [XSIM 43-4323] No Change in HDL. Linking previously generated obj files to create kernel
INFO: [USF-XSim-69] 'elaborate' step finished in '2' seconds
INFO: [USF-XSim-4] XSim::Simulate design
INFO: [USF-XSim-61] Executing 'SIMULATE' step in '/home/jboateng/cpre_587_lab3/cpre_587_lab1/lab3/cpre487-587-lab3-main/hw/piped_mac/vivado/tc_piped_mac/tc_piped_mac.sim/sim_1/behav/xsim'
INFO: [USF-XSim-98] *** Running xsim
   with args "piped_mac_behav -key {Behavioral:sim_1:Functional:piped_mac} -tclbatch {piped_mac.tcl} -log {simulate.log}"
INFO: [USF-XSim-8] Loading simulator feature
Vivado Simulator 2020.1
Time resolution is 1 ps
source piped_mac.tcl
# set curr_wave [current_wave_config]
# if { [string length $curr_wave] == 0 } {
#   if { [llength [get_objects]] > 0} {
#     add_wave /
#     set_property needs_save false [current_wave_config]
#   } else {
#      send_msg_id Add_Wave-1 WARNING "No top level signals found. Simulator will start without a wave window. If you want to open a wave window go to 'File->New Waveform Configuration' or type 'create_wave_config' in the TCL console."
#   }
# }
# run 1000ns
INFO: [USF-XSim-96] XSim completed. Design snapshot 'piped_mac_behav' loaded.
INFO: [USF-XSim-97] XSim simulation ran for 1000ns
launch_simulation: Time (s): cpu = 00:00:10 ; elapsed = 00:00:07 . Memory (MB): peak = 7468.961 ; gain = 94.812 ; free physical = 9124 ; free virtual = 21097
ls
WARNING: [Common 17-259] Unknown Tcl command 'ls' sending command to the OS shell for execution. It is recommended to use 'exec' to send the command to the OS shell.
env.sh
hw
README.md
sw
vivado_1003638.backup.jou
vivado_1003638.backup.log
vivado_182881.backup.jou
vivado_182881.backup.log
vivado_26907.backup.jou
vivado_26907.backup.log
vivado_26986.backup.jou
vivado_26986.backup.log
vivado_37907.backup.jou
vivado_37907.backup.log
vivado.jou
vivado.log
vivado_pid26907.str
vivado_pid37907.str
vivado_pid38703.str
cd hw
ls
WARNING: [Common 17-259] Unknown Tcl command 'ls' sending command to the OS shell for execution. It is recommended to use 'exec' to send the command to the OS shell.
mlp_conv
mlp_system
piped_mac
staged_mac
cd piped_mac
ls
WARNING: [Common 17-259] Unknown Tcl command 'ls' sending command to the OS shell for execution. It is recommended to use 'exec' to send the command to the OS shell.
component.xml
hdl
tb
vivado
xgui
cd tb
ls
WARNING: [Common 17-259] Unknown Tcl command 'ls' sending command to the OS shell for execution. It is recommended to use 'exec' to send the command to the OS shell.
tcl
cd tcl
ls
WARNING: [Common 17-259] Unknown Tcl command 'ls' sending command to the OS shell for execution. It is recommended to use 'exec' to send the command to the OS shell.
piped_mac1_tb.tcl
piped_mac_tb.tcl
source piped_mac1_tb.tcl
# relaunch_sim
Command: launch_simulation -simset sim_1 -mode behavioral
INFO: [Vivado 12-5682] Launching behavioral simulation in '/home/jboateng/cpre_587_lab3/cpre_587_lab1/lab3/cpre487-587-lab3-main/hw/piped_mac/vivado/tc_piped_mac/tc_piped_mac.sim/sim_1/behav/xsim'
INFO: [SIM-utils-51] Simulation object is 'sim_1'
INFO: [SIM-utils-54] Inspecting design source files for 'piped_mac' in fileset 'sim_1'...
INFO: [USF-XSim-97] Finding global include files...
INFO: [USF-XSim-98] Fetching design files from 'sim_1'...
INFO: [USF-XSim-2] XSim::Compile design
INFO: [USF-XSim-61] Executing 'COMPILE and ANALYZE' step in '/home/jboateng/cpre_587_lab3/cpre_587_lab1/lab3/cpre487-587-lab3-main/hw/piped_mac/vivado/tc_piped_mac/tc_piped_mac.sim/sim_1/behav/xsim'
xvhdl --incr --relax -prj piped_mac_vhdl.prj
INFO: [USF-XSim-69] 'compile' step finished in '1' seconds
Command: launch_simulation -simset sim_1 -mode behavioral
INFO: [Vivado 12-5682] Launching behavioral simulation in '/home/jboateng/cpre_587_lab3/cpre_587_lab1/lab3/cpre487-587-lab3-main/hw/piped_mac/vivado/tc_piped_mac/tc_piped_mac.sim/sim_1/behav/xsim'
INFO: [USF-XSim-3] XSim::Elaborate design
INFO: [USF-XSim-61] Executing 'ELABORATE' step in '/home/jboateng/cpre_587_lab3/cpre_587_lab1/lab3/cpre487-587-lab3-main/hw/piped_mac/vivado/tc_piped_mac/tc_piped_mac.sim/sim_1/behav/xsim'
xelab -wto fb616671c31c463490847cd35ff8347c --incr --debug typical --relax --mt 8 -L xil_defaultlib -L secureip --snapshot piped_mac_behav xil_defaultlib.piped_mac -log elaborate.log
Vivado Simulator 2020.1
Copyright 1986-1999, 2001-2020 Xilinx, Inc. All Rights Reserved.
Running: /remote/Xilinx/2020.1/Vivado/2020.1/bin/unwrapped/lnx64.o/xelab -wto fb616671c31c463490847cd35ff8347c --incr --debug typical --relax --mt 8 -L xil_defaultlib -L secureip --snapshot piped_mac_behav xil_defaultlib.piped_mac -log elaborate.log 
Using 8 slave threads.
Starting static elaboration
Completed static elaboration
INFO: [XSIM 43-4323] No Change in HDL. Linking previously generated obj files to create kernel
INFO: [USF-XSim-69] 'elaborate' step finished in '2' seconds
Vivado Simulator 2020.1
Time resolution is 1 ps
relaunch_sim: Time (s): cpu = 00:00:06 ; elapsed = 00:00:06 . Memory (MB): peak = 7468.961 ; gain = 0.000 ; free physical = 9150 ; free virtual = 21122
# add_force {/piped_mac/ACLK} -radix hex {0 0ns} {1 5000ps} -repeat_every 10000ps
# add_force {/piped_mac/ARESETN} -radix hex {0 0ns}
# run 30ns
# add_force {/piped_mac/ARESETN} -radix hex {1 0ns}
# add_force {/piped_mac/M_AXIS_TREADY} -radix hex {1 0ns}
ERROR: [Simtcl 6-8] No such HDL object /piped_mac/M_AXIS_TREADY
source piped_mac1_tb.tcl
# relaunch_sim
Command: launch_simulation -simset sim_1 -mode behavioral
INFO: [Vivado 12-5682] Launching behavioral simulation in '/home/jboateng/cpre_587_lab3/cpre_587_lab1/lab3/cpre487-587-lab3-main/hw/piped_mac/vivado/tc_piped_mac/tc_piped_mac.sim/sim_1/behav/xsim'
INFO: [SIM-utils-51] Simulation object is 'sim_1'
INFO: [SIM-utils-54] Inspecting design source files for 'piped_mac' in fileset 'sim_1'...
INFO: [USF-XSim-97] Finding global include files...
INFO: [USF-XSim-98] Fetching design files from 'sim_1'...
INFO: [USF-XSim-2] XSim::Compile design
INFO: [USF-XSim-61] Executing 'COMPILE and ANALYZE' step in '/home/jboateng/cpre_587_lab3/cpre_587_lab1/lab3/cpre487-587-lab3-main/hw/piped_mac/vivado/tc_piped_mac/tc_piped_mac.sim/sim_1/behav/xsim'
xvhdl --incr --relax -prj piped_mac_vhdl.prj
INFO: [USF-XSim-69] 'compile' step finished in '1' seconds
Command: launch_simulation -simset sim_1 -mode behavioral
INFO: [Vivado 12-5682] Launching behavioral simulation in '/home/jboateng/cpre_587_lab3/cpre_587_lab1/lab3/cpre487-587-lab3-main/hw/piped_mac/vivado/tc_piped_mac/tc_piped_mac.sim/sim_1/behav/xsim'
INFO: [USF-XSim-3] XSim::Elaborate design
INFO: [USF-XSim-61] Executing 'ELABORATE' step in '/home/jboateng/cpre_587_lab3/cpre_587_lab1/lab3/cpre487-587-lab3-main/hw/piped_mac/vivado/tc_piped_mac/tc_piped_mac.sim/sim_1/behav/xsim'
xelab -wto fb616671c31c463490847cd35ff8347c --incr --debug typical --relax --mt 8 -L xil_defaultlib -L secureip --snapshot piped_mac_behav xil_defaultlib.piped_mac -log elaborate.log
Vivado Simulator 2020.1
Copyright 1986-1999, 2001-2020 Xilinx, Inc. All Rights Reserved.
Running: /remote/Xilinx/2020.1/Vivado/2020.1/bin/unwrapped/lnx64.o/xelab -wto fb616671c31c463490847cd35ff8347c --incr --debug typical --relax --mt 8 -L xil_defaultlib -L secureip --snapshot piped_mac_behav xil_defaultlib.piped_mac -log elaborate.log 
Using 8 slave threads.
Starting static elaboration
Completed static elaboration
INFO: [XSIM 43-4323] No Change in HDL. Linking previously generated obj files to create kernel
INFO: [USF-XSim-69] 'elaborate' step finished in '1' seconds
Vivado Simulator 2020.1
Time resolution is 1 ps
relaunch_sim: Time (s): cpu = 00:00:05 ; elapsed = 00:00:06 . Memory (MB): peak = 7468.961 ; gain = 0.000 ; free physical = 9164 ; free virtual = 21129
# add_force {/piped_mac/ACLK} -radix hex {0 0ns} {1 5000ps} -repeat_every 10000ps
# add_force {/piped_mac/ARESETN} -radix hex {0 0ns}
# run 30ns
# add_force {/piped_mac/ARESETN} -radix hex {1 0ns}
# add_force {/piped_mac/MO_AXIS_TREADY} -radix hex {1 0ns}
# add_force {/piped_mac/SD_AXIS_TVALID} -radix hex {1 0ns}
# add_force {/piped_mac/SD_AXIS_TLAST} -radix hex {1 0ns}
# add_force {/piped_mac/SD_AXIS_TID} -radix hex {1 0ns}
# add_force {/piped_mac/SD_AXIS_TDATA} -radix hex {1111111122222222 0ns}
# add_force {/piped_mac/SD_AXIS_TUSER} -radix hex {0 0ns}
# run 10ns
# add_force {/piped_mac/SD_AXIS_TVALID} -radix hex {0 0ns}
# run 50ns
# add_force {/piped_mac/SD_AXIS_TVALID} -radix hex {1 0ns}
# add_force {/piped_mac/SD_AXIS_TLAST} -radix hex {0 0ns}
# add_force {/piped_mac/SD_AXIS_TID} -radix hex {2 0ns}
# add_force {/piped_mac/SD_AXIS_TDATA} -radix hex {1111111122222222 0ns}
# add_force {/piped_mac/SD_AXIS_TUSER} -radix hex {0 0ns}
# run 10ns
# add_force {/piped_mac/SD_AXIS_TLAST} -radix hex {1 0ns}
# add_force {/piped_mac/SD_AXIS_TDATA} -radix hex {1010101020202020 0ns}
# run 10ns
# add_force {/piped_mac/SD_AXIS_TLAST} -radix hex {0 0ns}
# add_force {/piped_mac/SD_AXIS_TVALID} -radix hex {0 0ns}
# run 50ns
source piped_mac1_tb.tcl
# relaunch_sim
Command: launch_simulation -simset sim_1 -mode behavioral
INFO: [Vivado 12-5682] Launching behavioral simulation in '/home/jboateng/cpre_587_lab3/cpre_587_lab1/lab3/cpre487-587-lab3-main/hw/piped_mac/vivado/tc_piped_mac/tc_piped_mac.sim/sim_1/behav/xsim'
INFO: [SIM-utils-51] Simulation object is 'sim_1'
INFO: [SIM-utils-54] Inspecting design source files for 'piped_mac' in fileset 'sim_1'...
INFO: [USF-XSim-97] Finding global include files...
INFO: [USF-XSim-98] Fetching design files from 'sim_1'...
INFO: [USF-XSim-2] XSim::Compile design
INFO: [USF-XSim-61] Executing 'COMPILE and ANALYZE' step in '/home/jboateng/cpre_587_lab3/cpre_587_lab1/lab3/cpre487-587-lab3-main/hw/piped_mac/vivado/tc_piped_mac/tc_piped_mac.sim/sim_1/behav/xsim'
xvhdl --incr --relax -prj piped_mac_vhdl.prj
INFO: [USF-XSim-69] 'compile' step finished in '2' seconds
Command: launch_simulation -simset sim_1 -mode behavioral
INFO: [Vivado 12-5682] Launching behavioral simulation in '/home/jboateng/cpre_587_lab3/cpre_587_lab1/lab3/cpre487-587-lab3-main/hw/piped_mac/vivado/tc_piped_mac/tc_piped_mac.sim/sim_1/behav/xsim'
INFO: [USF-XSim-3] XSim::Elaborate design
INFO: [USF-XSim-61] Executing 'ELABORATE' step in '/home/jboateng/cpre_587_lab3/cpre_587_lab1/lab3/cpre487-587-lab3-main/hw/piped_mac/vivado/tc_piped_mac/tc_piped_mac.sim/sim_1/behav/xsim'
xelab -wto fb616671c31c463490847cd35ff8347c --incr --debug typical --relax --mt 8 -L xil_defaultlib -L secureip --snapshot piped_mac_behav xil_defaultlib.piped_mac -log elaborate.log
Vivado Simulator 2020.1
Copyright 1986-1999, 2001-2020 Xilinx, Inc. All Rights Reserved.
Running: /remote/Xilinx/2020.1/Vivado/2020.1/bin/unwrapped/lnx64.o/xelab -wto fb616671c31c463490847cd35ff8347c --incr --debug typical --relax --mt 8 -L xil_defaultlib -L secureip --snapshot piped_mac_behav xil_defaultlib.piped_mac -log elaborate.log 
Using 8 slave threads.
Starting static elaboration
Completed static elaboration
INFO: [XSIM 43-4323] No Change in HDL. Linking previously generated obj files to create kernel
INFO: [USF-XSim-69] 'elaborate' step finished in '1' seconds
Vivado Simulator 2020.1
Time resolution is 1 ps
relaunch_sim: Time (s): cpu = 00:00:04 ; elapsed = 00:00:06 . Memory (MB): peak = 7468.961 ; gain = 0.000 ; free physical = 7655 ; free virtual = 20695
# add_force {/piped_mac/ACLK} -radix hex {0 0ns} {1 5000ps} -repeat_every 10000ps
# add_force {/piped_mac/ARESETN} -radix hex {0 0ns}
# run 30ns
# add_force {/piped_mac/ARESETN} -radix hex {1 0ns}
# add_force {/piped_mac/MO_AXIS_TREADY} -radix hex {1 0ns}
# add_force {/piped_mac/SD_AXIS_TVALID} -radix hex {1 0ns}
# add_force {/piped_mac/SD_AXIS_TLAST} -radix hex {1 0ns}
# add_force {/piped_mac/SD_AXIS_TID} -radix hex {1 0ns}
# add_force {/piped_mac/SD_AXIS_TDATA} -radix hex {1111111122222222 0ns}
# add_force {/piped_mac/SD_AXIS_TUSER} -radix hex {0 0ns}
# run 10ns
# add_force {/piped_mac/SD_AXIS_TVALID} -radix hex {0 0ns}
# run 50ns
# add_force {/piped_mac/SD_AXIS_TVALID} -radix hex {1 0ns}
# add_force {/piped_mac/SD_AXIS_TLAST} -radix hex {0 0ns}
# add_force {/piped_mac/SD_AXIS_TID} -radix hex {2 0ns}
# add_force {/piped_mac/SD_AXIS_TDATA} -radix hex {1111111122222222 0ns}
# add_force {/piped_mac/SD_AXIS_TUSER} -radix hex {0 0ns}
# run 10ns
# add_force {/piped_mac/SD_AXIS_TLAST} -radix hex {1 0ns}
# add_force {/piped_mac/SD_AXIS_TDATA} -radix hex {1010101020202020 0ns}
# run 10ns
# add_force {/piped_mac/SD_AXIS_TLAST} -radix hex {0 0ns}
# add_force {/piped_mac/SD_AXIS_TVALID} -radix hex {0 0ns}
# run 50ns
source piped_mac1_tb.tcl
# relaunch_sim
Command: launch_simulation -simset sim_1 -mode behavioral
INFO: [Vivado 12-5682] Launching behavioral simulation in '/home/jboateng/cpre_587_lab3/cpre_587_lab1/lab3/cpre487-587-lab3-main/hw/piped_mac/vivado/tc_piped_mac/tc_piped_mac.sim/sim_1/behav/xsim'
INFO: [SIM-utils-51] Simulation object is 'sim_1'
INFO: [SIM-utils-54] Inspecting design source files for 'piped_mac' in fileset 'sim_1'...
INFO: [USF-XSim-97] Finding global include files...
INFO: [USF-XSim-98] Fetching design files from 'sim_1'...
INFO: [USF-XSim-2] XSim::Compile design
INFO: [USF-XSim-61] Executing 'COMPILE and ANALYZE' step in '/home/jboateng/cpre_587_lab3/cpre_587_lab1/lab3/cpre487-587-lab3-main/hw/piped_mac/vivado/tc_piped_mac/tc_piped_mac.sim/sim_1/behav/xsim'
xvhdl --incr --relax -prj piped_mac_vhdl.prj
INFO: [USF-XSim-69] 'compile' step finished in '2' seconds
Command: launch_simulation -simset sim_1 -mode behavioral
INFO: [Vivado 12-5682] Launching behavioral simulation in '/home/jboateng/cpre_587_lab3/cpre_587_lab1/lab3/cpre487-587-lab3-main/hw/piped_mac/vivado/tc_piped_mac/tc_piped_mac.sim/sim_1/behav/xsim'
INFO: [USF-XSim-3] XSim::Elaborate design
INFO: [USF-XSim-61] Executing 'ELABORATE' step in '/home/jboateng/cpre_587_lab3/cpre_587_lab1/lab3/cpre487-587-lab3-main/hw/piped_mac/vivado/tc_piped_mac/tc_piped_mac.sim/sim_1/behav/xsim'
xelab -wto fb616671c31c463490847cd35ff8347c --incr --debug typical --relax --mt 8 -L xil_defaultlib -L secureip --snapshot piped_mac_behav xil_defaultlib.piped_mac -log elaborate.log
Vivado Simulator 2020.1
Copyright 1986-1999, 2001-2020 Xilinx, Inc. All Rights Reserved.
Running: /remote/Xilinx/2020.1/Vivado/2020.1/bin/unwrapped/lnx64.o/xelab -wto fb616671c31c463490847cd35ff8347c --incr --debug typical --relax --mt 8 -L xil_defaultlib -L secureip --snapshot piped_mac_behav xil_defaultlib.piped_mac -log elaborate.log 
Using 8 slave threads.
Starting static elaboration
Completed static elaboration
INFO: [XSIM 43-4323] No Change in HDL. Linking previously generated obj files to create kernel
INFO: [USF-XSim-69] 'elaborate' step finished in '2' seconds
Vivado Simulator 2020.1
Time resolution is 1 ps
relaunch_sim: Time (s): cpu = 00:00:04 ; elapsed = 00:00:06 . Memory (MB): peak = 7468.961 ; gain = 0.000 ; free physical = 7233 ; free virtual = 20270
# add_force {/piped_mac/ACLK} -radix hex {0 0ns} {1 5000ps} -repeat_every 10000ps
# add_force {/piped_mac/ARESETN} -radix hex {0 0ns}
# run 30ns
# add_force {/piped_mac/ARESETN} -radix hex {1 0ns}
# add_force {/piped_mac/MO_AXIS_TREADY} -radix hex {1 0ns}
# add_force {/piped_mac/SD_AXIS_TVALID} -radix hex {1 0ns}
# add_force {/piped_mac/SD_AXIS_TLAST} -radix hex {1 0ns}
# add_force {/piped_mac/SD_AXIS_TID} -radix hex {1 0ns}
# add_force {/piped_mac/SD_AXIS_TDATA} -radix hex {1111111122222222 0ns}
# add_force {/piped_mac/SD_AXIS_TUSER} -radix hex {0 0ns}
# run 10ns
# add_force {/piped_mac/SD_AXIS_TVALID} -radix hex {0 0ns}
# run 50ns
# add_force {/piped_mac/SD_AXIS_TVALID} -radix hex {1 0ns}
# add_force {/piped_mac/SD_AXIS_TLAST} -radix hex {0 0ns}
# add_force {/piped_mac/SD_AXIS_TID} -radix hex {2 0ns}
# add_force {/piped_mac/SD_AXIS_TDATA} -radix hex {1111111122222222 0ns}
# add_force {/piped_mac/SD_AXIS_TUSER} -radix hex {0 0ns}
# run 10ns
# add_force {/piped_mac/SD_AXIS_TLAST} -radix hex {1 0ns}
# add_force {/piped_mac/SD_AXIS_TDATA} -radix hex {1111111122222222 0ns}
# run 10ns
# add_force {/piped_mac/SD_AXIS_TLAST} -radix hex {0 0ns}
# add_force {/piped_mac/SD_AXIS_TVALID} -radix hex {0 0ns}
# run 50ns
close_sim
INFO: [Simtcl 6-16] Simulation closed
launch_simulation
Command: launch_simulation 
INFO: [Vivado 12-5682] Launching behavioral simulation in '/home/jboateng/cpre_587_lab3/cpre_587_lab1/lab3/cpre487-587-lab3-main/hw/piped_mac/vivado/tc_piped_mac/tc_piped_mac.sim/sim_1/behav/xsim'
INFO: [SIM-utils-51] Simulation object is 'sim_1'
INFO: [SIM-utils-54] Inspecting design source files for 'piped_mac' in fileset 'sim_1'...
INFO: [USF-XSim-97] Finding global include files...
INFO: [USF-XSim-98] Fetching design files from 'sim_1'...
INFO: [USF-XSim-2] XSim::Compile design
INFO: [USF-XSim-61] Executing 'COMPILE and ANALYZE' step in '/home/jboateng/cpre_587_lab3/cpre_587_lab1/lab3/cpre487-587-lab3-main/hw/piped_mac/vivado/tc_piped_mac/tc_piped_mac.sim/sim_1/behav/xsim'
xvhdl --incr --relax -prj piped_mac_vhdl.prj
INFO: [VRFC 10-163] Analyzing VHDL file "/home/jboateng/cpre_587_lab3/cpre_587_lab1/lab3/cpre487-587-lab3-main/hw/piped_mac/hdl/piped_mac.vhd" into library xil_defaultlib
INFO: [VRFC 10-3107] analyzing entity 'piped_mac'
INFO: [USF-XSim-69] 'compile' step finished in '2' seconds
INFO: [USF-XSim-3] XSim::Elaborate design
INFO: [USF-XSim-61] Executing 'ELABORATE' step in '/home/jboateng/cpre_587_lab3/cpre_587_lab1/lab3/cpre487-587-lab3-main/hw/piped_mac/vivado/tc_piped_mac/tc_piped_mac.sim/sim_1/behav/xsim'
xelab -wto fb616671c31c463490847cd35ff8347c --incr --debug typical --relax --mt 8 -L xil_defaultlib -L secureip --snapshot piped_mac_behav xil_defaultlib.piped_mac -log elaborate.log
Vivado Simulator 2020.1
Copyright 1986-1999, 2001-2020 Xilinx, Inc. All Rights Reserved.
Running: /remote/Xilinx/2020.1/Vivado/2020.1/bin/unwrapped/lnx64.o/xelab -wto fb616671c31c463490847cd35ff8347c --incr --debug typical --relax --mt 8 -L xil_defaultlib -L secureip --snapshot piped_mac_behav xil_defaultlib.piped_mac -log elaborate.log 
Using 8 slave threads.
Starting static elaboration
ERROR: [VRFC 10-664] expression has 16 elements ; expected 32 [/home/jboateng/cpre_587_lab3/cpre_587_lab1/lab3/cpre487-587-lab3-main/hw/piped_mac/hdl/piped_mac.vhd:97]
ERROR: [XSIM 43-3321] Static elaboration of top level VHDL design unit piped_mac in library work failed.
INFO: [USF-XSim-69] 'elaborate' step finished in '2' seconds
INFO: [USF-XSim-99] Step results log file:'/home/jboateng/cpre_587_lab3/cpre_587_lab1/lab3/cpre487-587-lab3-main/hw/piped_mac/vivado/tc_piped_mac/tc_piped_mac.sim/sim_1/behav/xsim/elaborate.log'
ERROR: [USF-XSim-62] 'elaborate' step failed with error(s). Please check the Tcl console output or '/home/jboateng/cpre_587_lab3/cpre_587_lab1/lab3/cpre487-587-lab3-main/hw/piped_mac/vivado/tc_piped_mac/tc_piped_mac.sim/sim_1/behav/xsim/elaborate.log' file for more information.
ERROR: [Vivado 12-4473] Detected error while running simulation. Please correct the issue and retry this operation.
ERROR: [Common 17-39] 'launch_simulation' failed due to earlier errors.
launch_simulation
Command: launch_simulation 
INFO: [Vivado 12-5682] Launching behavioral simulation in '/home/jboateng/cpre_587_lab3/cpre_587_lab1/lab3/cpre487-587-lab3-main/hw/piped_mac/vivado/tc_piped_mac/tc_piped_mac.sim/sim_1/behav/xsim'
INFO: [SIM-utils-51] Simulation object is 'sim_1'
INFO: [SIM-utils-54] Inspecting design source files for 'piped_mac' in fileset 'sim_1'...
INFO: [USF-XSim-97] Finding global include files...
INFO: [USF-XSim-98] Fetching design files from 'sim_1'...
INFO: [USF-XSim-2] XSim::Compile design
INFO: [USF-XSim-61] Executing 'COMPILE and ANALYZE' step in '/home/jboateng/cpre_587_lab3/cpre_587_lab1/lab3/cpre487-587-lab3-main/hw/piped_mac/vivado/tc_piped_mac/tc_piped_mac.sim/sim_1/behav/xsim'
xvhdl --incr --relax -prj piped_mac_vhdl.prj
INFO: [VRFC 10-163] Analyzing VHDL file "/home/jboateng/cpre_587_lab3/cpre_587_lab1/lab3/cpre487-587-lab3-main/hw/piped_mac/hdl/piped_mac.vhd" into library xil_defaultlib
INFO: [VRFC 10-3107] analyzing entity 'piped_mac'
INFO: [USF-XSim-69] 'compile' step finished in '1' seconds
INFO: [USF-XSim-3] XSim::Elaborate design
INFO: [USF-XSim-61] Executing 'ELABORATE' step in '/home/jboateng/cpre_587_lab3/cpre_587_lab1/lab3/cpre487-587-lab3-main/hw/piped_mac/vivado/tc_piped_mac/tc_piped_mac.sim/sim_1/behav/xsim'
xelab -wto fb616671c31c463490847cd35ff8347c --incr --debug typical --relax --mt 8 -L xil_defaultlib -L secureip --snapshot piped_mac_behav xil_defaultlib.piped_mac -log elaborate.log
Vivado Simulator 2020.1
Copyright 1986-1999, 2001-2020 Xilinx, Inc. All Rights Reserved.
Running: /remote/Xilinx/2020.1/Vivado/2020.1/bin/unwrapped/lnx64.o/xelab -wto fb616671c31c463490847cd35ff8347c --incr --debug typical --relax --mt 8 -L xil_defaultlib -L secureip --snapshot piped_mac_behav xil_defaultlib.piped_mac -log elaborate.log 
Using 8 slave threads.
Starting static elaboration
Completed static elaboration
Starting simulation data flow analysis
Completed simulation data flow analysis
Time Resolution for simulation is 1ps
Compiling package std.standard
Compiling package std.textio
Compiling package ieee.std_logic_1164
Compiling package ieee.numeric_std
Compiling architecture behavioral of entity xil_defaultlib.piped_mac
Built simulation snapshot piped_mac_behav
INFO: [USF-XSim-69] 'elaborate' step finished in '2' seconds
INFO: [USF-XSim-4] XSim::Simulate design
INFO: [USF-XSim-61] Executing 'SIMULATE' step in '/home/jboateng/cpre_587_lab3/cpre_587_lab1/lab3/cpre487-587-lab3-main/hw/piped_mac/vivado/tc_piped_mac/tc_piped_mac.sim/sim_1/behav/xsim'
INFO: [USF-XSim-98] *** Running xsim
   with args "piped_mac_behav -key {Behavioral:sim_1:Functional:piped_mac} -tclbatch {piped_mac.tcl} -log {simulate.log}"
INFO: [USF-XSim-8] Loading simulator feature
Vivado Simulator 2020.1
Time resolution is 1 ps
source piped_mac.tcl
# set curr_wave [current_wave_config]
# if { [string length $curr_wave] == 0 } {
#   if { [llength [get_objects]] > 0} {
#     add_wave /
#     set_property needs_save false [current_wave_config]
#   } else {
#      send_msg_id Add_Wave-1 WARNING "No top level signals found. Simulator will start without a wave window. If you want to open a wave window go to 'File->New Waveform Configuration' or type 'create_wave_config' in the TCL console."
#   }
# }
# run 1000ns
INFO: [USF-XSim-96] XSim completed. Design snapshot 'piped_mac_behav' loaded.
INFO: [USF-XSim-97] XSim simulation ran for 1000ns
launch_simulation: Time (s): cpu = 00:00:06 ; elapsed = 00:00:06 . Memory (MB): peak = 7498.836 ; gain = 29.875 ; free physical = 7622 ; free virtual = 20660
source piped_mac.tcl
couldn't read file "piped_mac.tcl": no such file or directory
ls
WARNING: [Common 17-259] Unknown Tcl command 'ls' sending command to the OS shell for execution. It is recommended to use 'exec' to send the command to the OS shell.
piped_mac1_tb.tcl
piped_mac_tb.tcl
source piped_mac1_tb.tcl
# relaunch_sim
Command: launch_simulation -simset sim_1 -mode behavioral
INFO: [Vivado 12-5682] Launching behavioral simulation in '/home/jboateng/cpre_587_lab3/cpre_587_lab1/lab3/cpre487-587-lab3-main/hw/piped_mac/vivado/tc_piped_mac/tc_piped_mac.sim/sim_1/behav/xsim'
INFO: [SIM-utils-51] Simulation object is 'sim_1'
INFO: [SIM-utils-54] Inspecting design source files for 'piped_mac' in fileset 'sim_1'...
INFO: [USF-XSim-97] Finding global include files...
INFO: [USF-XSim-98] Fetching design files from 'sim_1'...
INFO: [USF-XSim-2] XSim::Compile design
INFO: [USF-XSim-61] Executing 'COMPILE and ANALYZE' step in '/home/jboateng/cpre_587_lab3/cpre_587_lab1/lab3/cpre487-587-lab3-main/hw/piped_mac/vivado/tc_piped_mac/tc_piped_mac.sim/sim_1/behav/xsim'
xvhdl --incr --relax -prj piped_mac_vhdl.prj
INFO: [USF-XSim-69] 'compile' step finished in '2' seconds
Command: launch_simulation -simset sim_1 -mode behavioral
INFO: [Vivado 12-5682] Launching behavioral simulation in '/home/jboateng/cpre_587_lab3/cpre_587_lab1/lab3/cpre487-587-lab3-main/hw/piped_mac/vivado/tc_piped_mac/tc_piped_mac.sim/sim_1/behav/xsim'
INFO: [USF-XSim-3] XSim::Elaborate design
INFO: [USF-XSim-61] Executing 'ELABORATE' step in '/home/jboateng/cpre_587_lab3/cpre_587_lab1/lab3/cpre487-587-lab3-main/hw/piped_mac/vivado/tc_piped_mac/tc_piped_mac.sim/sim_1/behav/xsim'
xelab -wto fb616671c31c463490847cd35ff8347c --incr --debug typical --relax --mt 8 -L xil_defaultlib -L secureip --snapshot piped_mac_behav xil_defaultlib.piped_mac -log elaborate.log
Vivado Simulator 2020.1
Copyright 1986-1999, 2001-2020 Xilinx, Inc. All Rights Reserved.
Running: /remote/Xilinx/2020.1/Vivado/2020.1/bin/unwrapped/lnx64.o/xelab -wto fb616671c31c463490847cd35ff8347c --incr --debug typical --relax --mt 8 -L xil_defaultlib -L secureip --snapshot piped_mac_behav xil_defaultlib.piped_mac -log elaborate.log 
Using 8 slave threads.
Starting static elaboration
Completed static elaboration
INFO: [XSIM 43-4323] No Change in HDL. Linking previously generated obj files to create kernel
INFO: [USF-XSim-69] 'elaborate' step finished in '2' seconds
Vivado Simulator 2020.1
Time resolution is 1 ps
relaunch_sim: Time (s): cpu = 00:00:04 ; elapsed = 00:00:06 . Memory (MB): peak = 7498.836 ; gain = 0.000 ; free physical = 7634 ; free virtual = 20672
# add_force {/piped_mac/ACLK} -radix hex {0 0ns} {1 5000ps} -repeat_every 10000ps
# add_force {/piped_mac/ARESETN} -radix hex {0 0ns}
# run 30ns
# add_force {/piped_mac/ARESETN} -radix hex {1 0ns}
# add_force {/piped_mac/MO_AXIS_TREADY} -radix hex {1 0ns}
# add_force {/piped_mac/SD_AXIS_TVALID} -radix hex {1 0ns}
# add_force {/piped_mac/SD_AXIS_TLAST} -radix hex {1 0ns}
# add_force {/piped_mac/SD_AXIS_TID} -radix hex {1 0ns}
# add_force {/piped_mac/SD_AXIS_TDATA} -radix hex {1111111122222222 0ns}
# add_force {/piped_mac/SD_AXIS_TUSER} -radix hex {0 0ns}
# run 10ns
# add_force {/piped_mac/SD_AXIS_TVALID} -radix hex {0 0ns}
# run 50ns
ERROR: Array sizes do not match, left array has 32 elements, right array has 16 elements
Time: 1045 ns  Iteration: 0  Process: /piped_mac/line__72
  File: /home/jboateng/cpre_587_lab3/cpre_587_lab1/lab3/cpre487-587-lab3-main/hw/piped_mac/hdl/piped_mac.vhd

HDL Line: /home/jboateng/cpre_587_lab3/cpre_587_lab1/lab3/cpre487-587-lab3-main/hw/piped_mac/hdl/piped_mac.vhd:96
# add_force {/piped_mac/SD_AXIS_TVALID} -radix hex {1 0ns}
# add_force {/piped_mac/SD_AXIS_TLAST} -radix hex {0 0ns}
# add_force {/piped_mac/SD_AXIS_TID} -radix hex {2 0ns}
# add_force {/piped_mac/SD_AXIS_TDATA} -radix hex {1111111122222222 0ns}
# add_force {/piped_mac/SD_AXIS_TUSER} -radix hex {0 0ns}
# run 10ns
ERROR: [Simulator 45-1] A fatal run-time error was detected.  Simulation cannot continue.
source piped_mac1_tb.tcl
# relaunch_sim
Command: launch_simulation -simset sim_1 -mode behavioral
INFO: [Vivado 12-5682] Launching behavioral simulation in '/home/jboateng/cpre_587_lab3/cpre_587_lab1/lab3/cpre487-587-lab3-main/hw/piped_mac/vivado/tc_piped_mac/tc_piped_mac.sim/sim_1/behav/xsim'
INFO: [SIM-utils-51] Simulation object is 'sim_1'
INFO: [SIM-utils-54] Inspecting design source files for 'piped_mac' in fileset 'sim_1'...
INFO: [USF-XSim-97] Finding global include files...
INFO: [USF-XSim-98] Fetching design files from 'sim_1'...
INFO: [USF-XSim-2] XSim::Compile design
INFO: [USF-XSim-61] Executing 'COMPILE and ANALYZE' step in '/home/jboateng/cpre_587_lab3/cpre_587_lab1/lab3/cpre487-587-lab3-main/hw/piped_mac/vivado/tc_piped_mac/tc_piped_mac.sim/sim_1/behav/xsim'
xvhdl --incr --relax -prj piped_mac_vhdl.prj
INFO: [USF-XSim-69] 'compile' step finished in '1' seconds
Command: launch_simulation -simset sim_1 -mode behavioral
INFO: [Vivado 12-5682] Launching behavioral simulation in '/home/jboateng/cpre_587_lab3/cpre_587_lab1/lab3/cpre487-587-lab3-main/hw/piped_mac/vivado/tc_piped_mac/tc_piped_mac.sim/sim_1/behav/xsim'
INFO: [USF-XSim-3] XSim::Elaborate design
INFO: [USF-XSim-61] Executing 'ELABORATE' step in '/home/jboateng/cpre_587_lab3/cpre_587_lab1/lab3/cpre487-587-lab3-main/hw/piped_mac/vivado/tc_piped_mac/tc_piped_mac.sim/sim_1/behav/xsim'
xelab -wto fb616671c31c463490847cd35ff8347c --incr --debug typical --relax --mt 8 -L xil_defaultlib -L secureip --snapshot piped_mac_behav xil_defaultlib.piped_mac -log elaborate.log
Vivado Simulator 2020.1
Copyright 1986-1999, 2001-2020 Xilinx, Inc. All Rights Reserved.
Running: /remote/Xilinx/2020.1/Vivado/2020.1/bin/unwrapped/lnx64.o/xelab -wto fb616671c31c463490847cd35ff8347c --incr --debug typical --relax --mt 8 -L xil_defaultlib -L secureip --snapshot piped_mac_behav xil_defaultlib.piped_mac -log elaborate.log 
Using 8 slave threads.
Starting static elaboration
Completed static elaboration
INFO: [XSIM 43-4323] No Change in HDL. Linking previously generated obj files to create kernel
INFO: [USF-XSim-69] 'elaborate' step finished in '2' seconds
Vivado Simulator 2020.1
Time resolution is 1 ps
relaunch_sim: Time (s): cpu = 00:00:04 ; elapsed = 00:00:05 . Memory (MB): peak = 7498.836 ; gain = 0.000 ; free physical = 7617 ; free virtual = 20656
# add_force {/piped_mac/ACLK} -radix hex {0 0ns} {1 5000ps} -repeat_every 10000ps
# add_force {/piped_mac/ARESETN} -radix hex {0 0ns}
# run 30ns
# add_force {/piped_mac/ARESETN} -radix hex {1 0ns}
# add_force {/piped_mac/MO_AXIS_TREADY} -radix hex {1 0ns}
# add_force {/piped_mac/SD_AXIS_TVALID} -radix hex {1 0ns}
# add_force {/piped_mac/SD_AXIS_TLAST} -radix hex {1 0ns}
# add_force {/piped_mac/SD_AXIS_TID} -radix hex {1 0ns}
# add_force {/piped_mac/SD_AXIS_TDATA} -radix hex {1111111122222222 0ns}
# add_force {/piped_mac/SD_AXIS_TUSER} -radix hex {0 0ns}
# run 10ns
# add_force {/piped_mac/SD_AXIS_TVALID} -radix hex {0 0ns}
# run 50ns
ERROR: Array sizes do not match, left array has 32 elements, right array has 16 elements
Time: 1045 ns  Iteration: 0  Process: /piped_mac/line__72
  File: /home/jboateng/cpre_587_lab3/cpre_587_lab1/lab3/cpre487-587-lab3-main/hw/piped_mac/hdl/piped_mac.vhd

HDL Line: /home/jboateng/cpre_587_lab3/cpre_587_lab1/lab3/cpre487-587-lab3-main/hw/piped_mac/hdl/piped_mac.vhd:96
# add_force {/piped_mac/SD_AXIS_TVALID} -radix hex {1 0ns}
# add_force {/piped_mac/SD_AXIS_TLAST} -radix hex {0 0ns}
# add_force {/piped_mac/SD_AXIS_TID} -radix hex {2 0ns}
# add_force {/piped_mac/SD_AXIS_TDATA} -radix hex {1111111122222222 0ns}
# add_force {/piped_mac/SD_AXIS_TUSER} -radix hex {0 0ns}
# run 10ns
ERROR: [Simulator 45-1] A fatal run-time error was detected.  Simulation cannot continue.
close_sim
INFO: [Simtcl 6-16] Simulation closed
launch_simulation
Command: launch_simulation 
INFO: [Vivado 12-5682] Launching behavioral simulation in '/home/jboateng/cpre_587_lab3/cpre_587_lab1/lab3/cpre487-587-lab3-main/hw/piped_mac/vivado/tc_piped_mac/tc_piped_mac.sim/sim_1/behav/xsim'
INFO: [SIM-utils-51] Simulation object is 'sim_1'
INFO: [SIM-utils-54] Inspecting design source files for 'piped_mac' in fileset 'sim_1'...
INFO: [USF-XSim-97] Finding global include files...
INFO: [USF-XSim-98] Fetching design files from 'sim_1'...
INFO: [USF-XSim-2] XSim::Compile design
INFO: [USF-XSim-61] Executing 'COMPILE and ANALYZE' step in '/home/jboateng/cpre_587_lab3/cpre_587_lab1/lab3/cpre487-587-lab3-main/hw/piped_mac/vivado/tc_piped_mac/tc_piped_mac.sim/sim_1/behav/xsim'
xvhdl --incr --relax -prj piped_mac_vhdl.prj
INFO: [VRFC 10-163] Analyzing VHDL file "/home/jboateng/cpre_587_lab3/cpre_587_lab1/lab3/cpre487-587-lab3-main/hw/piped_mac/hdl/piped_mac.vhd" into library xil_defaultlib
INFO: [VRFC 10-3107] analyzing entity 'piped_mac'
INFO: [USF-XSim-69] 'compile' step finished in '2' seconds
INFO: [USF-XSim-3] XSim::Elaborate design
INFO: [USF-XSim-61] Executing 'ELABORATE' step in '/home/jboateng/cpre_587_lab3/cpre_587_lab1/lab3/cpre487-587-lab3-main/hw/piped_mac/vivado/tc_piped_mac/tc_piped_mac.sim/sim_1/behav/xsim'
xelab -wto fb616671c31c463490847cd35ff8347c --incr --debug typical --relax --mt 8 -L xil_defaultlib -L secureip --snapshot piped_mac_behav xil_defaultlib.piped_mac -log elaborate.log
Vivado Simulator 2020.1
Copyright 1986-1999, 2001-2020 Xilinx, Inc. All Rights Reserved.
Running: /remote/Xilinx/2020.1/Vivado/2020.1/bin/unwrapped/lnx64.o/xelab -wto fb616671c31c463490847cd35ff8347c --incr --debug typical --relax --mt 8 -L xil_defaultlib -L secureip --snapshot piped_mac_behav xil_defaultlib.piped_mac -log elaborate.log 
Using 8 slave threads.
Starting static elaboration
Completed static elaboration
Starting simulation data flow analysis
Completed simulation data flow analysis
Time Resolution for simulation is 1ps
Compiling package std.standard
Compiling package std.textio
Compiling package ieee.std_logic_1164
Compiling package ieee.numeric_std
Compiling architecture behavioral of entity xil_defaultlib.piped_mac
Built simulation snapshot piped_mac_behav
INFO: [USF-XSim-69] 'elaborate' step finished in '2' seconds
INFO: [USF-XSim-4] XSim::Simulate design
INFO: [USF-XSim-61] Executing 'SIMULATE' step in '/home/jboateng/cpre_587_lab3/cpre_587_lab1/lab3/cpre487-587-lab3-main/hw/piped_mac/vivado/tc_piped_mac/tc_piped_mac.sim/sim_1/behav/xsim'
INFO: [USF-XSim-98] *** Running xsim
   with args "piped_mac_behav -key {Behavioral:sim_1:Functional:piped_mac} -tclbatch {piped_mac.tcl} -log {simulate.log}"
INFO: [USF-XSim-8] Loading simulator feature
Vivado Simulator 2020.1
Time resolution is 1 ps
source piped_mac.tcl
# set curr_wave [current_wave_config]
# if { [string length $curr_wave] == 0 } {
#   if { [llength [get_objects]] > 0} {
#     add_wave /
#     set_property needs_save false [current_wave_config]
#   } else {
#      send_msg_id Add_Wave-1 WARNING "No top level signals found. Simulator will start without a wave window. If you want to open a wave window go to 'File->New Waveform Configuration' or type 'create_wave_config' in the TCL console."
#   }
# }
# run 1000ns
INFO: [USF-XSim-96] XSim completed. Design snapshot 'piped_mac_behav' loaded.
INFO: [USF-XSim-97] XSim simulation ran for 1000ns
launch_simulation: Time (s): cpu = 00:00:05 ; elapsed = 00:00:06 . Memory (MB): peak = 7519.848 ; gain = 21.012 ; free physical = 7607 ; free virtual = 20647
ls
WARNING: [Common 17-259] Unknown Tcl command 'ls' sending command to the OS shell for execution. It is recommended to use 'exec' to send the command to the OS shell.
piped_mac1_tb.tcl
piped_mac_tb.tcl
source piped_mac1_tb.tcl
# relaunch_sim
Command: launch_simulation -simset sim_1 -mode behavioral
INFO: [Vivado 12-5682] Launching behavioral simulation in '/home/jboateng/cpre_587_lab3/cpre_587_lab1/lab3/cpre487-587-lab3-main/hw/piped_mac/vivado/tc_piped_mac/tc_piped_mac.sim/sim_1/behav/xsim'
INFO: [SIM-utils-51] Simulation object is 'sim_1'
INFO: [SIM-utils-54] Inspecting design source files for 'piped_mac' in fileset 'sim_1'...
INFO: [USF-XSim-97] Finding global include files...
INFO: [USF-XSim-98] Fetching design files from 'sim_1'...
INFO: [USF-XSim-2] XSim::Compile design
INFO: [USF-XSim-61] Executing 'COMPILE and ANALYZE' step in '/home/jboateng/cpre_587_lab3/cpre_587_lab1/lab3/cpre487-587-lab3-main/hw/piped_mac/vivado/tc_piped_mac/tc_piped_mac.sim/sim_1/behav/xsim'
xvhdl --incr --relax -prj piped_mac_vhdl.prj
INFO: [USF-XSim-69] 'compile' step finished in '1' seconds
Command: launch_simulation -simset sim_1 -mode behavioral
INFO: [Vivado 12-5682] Launching behavioral simulation in '/home/jboateng/cpre_587_lab3/cpre_587_lab1/lab3/cpre487-587-lab3-main/hw/piped_mac/vivado/tc_piped_mac/tc_piped_mac.sim/sim_1/behav/xsim'
INFO: [USF-XSim-3] XSim::Elaborate design
INFO: [USF-XSim-61] Executing 'ELABORATE' step in '/home/jboateng/cpre_587_lab3/cpre_587_lab1/lab3/cpre487-587-lab3-main/hw/piped_mac/vivado/tc_piped_mac/tc_piped_mac.sim/sim_1/behav/xsim'
xelab -wto fb616671c31c463490847cd35ff8347c --incr --debug typical --relax --mt 8 -L xil_defaultlib -L secureip --snapshot piped_mac_behav xil_defaultlib.piped_mac -log elaborate.log
Vivado Simulator 2020.1
Copyright 1986-1999, 2001-2020 Xilinx, Inc. All Rights Reserved.
Running: /remote/Xilinx/2020.1/Vivado/2020.1/bin/unwrapped/lnx64.o/xelab -wto fb616671c31c463490847cd35ff8347c --incr --debug typical --relax --mt 8 -L xil_defaultlib -L secureip --snapshot piped_mac_behav xil_defaultlib.piped_mac -log elaborate.log 
Using 8 slave threads.
Starting static elaboration
Completed static elaboration
INFO: [XSIM 43-4323] No Change in HDL. Linking previously generated obj files to create kernel
INFO: [USF-XSim-69] 'elaborate' step finished in '1' seconds
Vivado Simulator 2020.1
Time resolution is 1 ps
relaunch_sim: Time (s): cpu = 00:00:04 ; elapsed = 00:00:06 . Memory (MB): peak = 7519.848 ; gain = 0.000 ; free physical = 7616 ; free virtual = 20655
# add_force {/piped_mac/ACLK} -radix hex {0 0ns} {1 5000ps} -repeat_every 10000ps
# add_force {/piped_mac/ARESETN} -radix hex {0 0ns}
# run 30ns
# add_force {/piped_mac/ARESETN} -radix hex {1 0ns}
# add_force {/piped_mac/MO_AXIS_TREADY} -radix hex {1 0ns}
# add_force {/piped_mac/SD_AXIS_TVALID} -radix hex {1 0ns}
# add_force {/piped_mac/SD_AXIS_TLAST} -radix hex {1 0ns}
# add_force {/piped_mac/SD_AXIS_TID} -radix hex {1 0ns}
# add_force {/piped_mac/SD_AXIS_TDATA} -radix hex {1111111122222222 0ns}
# add_force {/piped_mac/SD_AXIS_TUSER} -radix hex {0 0ns}
# run 10ns
# add_force {/piped_mac/SD_AXIS_TVALID} -radix hex {0 0ns}
# run 50ns
# add_force {/piped_mac/SD_AXIS_TVALID} -radix hex {1 0ns}
# add_force {/piped_mac/SD_AXIS_TLAST} -radix hex {0 0ns}
# add_force {/piped_mac/SD_AXIS_TID} -radix hex {2 0ns}
# add_force {/piped_mac/SD_AXIS_TDATA} -radix hex {1111111122222222 0ns}
# add_force {/piped_mac/SD_AXIS_TUSER} -radix hex {0 0ns}
# run 10ns
# add_force {/piped_mac/SD_AXIS_TLAST} -radix hex {1 0ns}
# add_force {/piped_mac/SD_AXIS_TDATA} -radix hex {1111111122222222 0ns}
# run 10ns
# add_force {/piped_mac/SD_AXIS_TLAST} -radix hex {0 0ns}
# add_force {/piped_mac/SD_AXIS_TVALID} -radix hex {0 0ns}
# run 50ns
source piped_mac1_tb.tcl
# relaunch_sim
Command: launch_simulation -simset sim_1 -mode behavioral
INFO: [Vivado 12-5682] Launching behavioral simulation in '/home/jboateng/cpre_587_lab3/cpre_587_lab1/lab3/cpre487-587-lab3-main/hw/piped_mac/vivado/tc_piped_mac/tc_piped_mac.sim/sim_1/behav/xsim'
INFO: [SIM-utils-51] Simulation object is 'sim_1'
INFO: [SIM-utils-54] Inspecting design source files for 'piped_mac' in fileset 'sim_1'...
INFO: [USF-XSim-97] Finding global include files...
INFO: [USF-XSim-98] Fetching design files from 'sim_1'...
INFO: [USF-XSim-2] XSim::Compile design
INFO: [USF-XSim-61] Executing 'COMPILE and ANALYZE' step in '/home/jboateng/cpre_587_lab3/cpre_587_lab1/lab3/cpre487-587-lab3-main/hw/piped_mac/vivado/tc_piped_mac/tc_piped_mac.sim/sim_1/behav/xsim'
xvhdl --incr --relax -prj piped_mac_vhdl.prj
INFO: [USF-XSim-69] 'compile' step finished in '2' seconds
Command: launch_simulation -simset sim_1 -mode behavioral
INFO: [Vivado 12-5682] Launching behavioral simulation in '/home/jboateng/cpre_587_lab3/cpre_587_lab1/lab3/cpre487-587-lab3-main/hw/piped_mac/vivado/tc_piped_mac/tc_piped_mac.sim/sim_1/behav/xsim'
INFO: [USF-XSim-3] XSim::Elaborate design
INFO: [USF-XSim-61] Executing 'ELABORATE' step in '/home/jboateng/cpre_587_lab3/cpre_587_lab1/lab3/cpre487-587-lab3-main/hw/piped_mac/vivado/tc_piped_mac/tc_piped_mac.sim/sim_1/behav/xsim'
xelab -wto fb616671c31c463490847cd35ff8347c --incr --debug typical --relax --mt 8 -L xil_defaultlib -L secureip --snapshot piped_mac_behav xil_defaultlib.piped_mac -log elaborate.log
Vivado Simulator 2020.1
Copyright 1986-1999, 2001-2020 Xilinx, Inc. All Rights Reserved.
Running: /remote/Xilinx/2020.1/Vivado/2020.1/bin/unwrapped/lnx64.o/xelab -wto fb616671c31c463490847cd35ff8347c --incr --debug typical --relax --mt 8 -L xil_defaultlib -L secureip --snapshot piped_mac_behav xil_defaultlib.piped_mac -log elaborate.log 
Using 8 slave threads.
Starting static elaboration
Completed static elaboration
INFO: [XSIM 43-4323] No Change in HDL. Linking previously generated obj files to create kernel
INFO: [USF-XSim-69] 'elaborate' step finished in '2' seconds
Vivado Simulator 2020.1
Time resolution is 1 ps
relaunch_sim: Time (s): cpu = 00:00:04 ; elapsed = 00:00:06 . Memory (MB): peak = 7519.848 ; gain = 0.000 ; free physical = 7639 ; free virtual = 20679
# add_force {/piped_mac/ACLK} -radix hex {0 0ns} {1 5000ps} -repeat_every 10000ps
# add_force {/piped_mac/ARESETN} -radix hex {0 0ns}
# run 30ns
# add_force {/piped_mac/ARESETN} -radix hex {1 0ns}
# add_force {/piped_mac/MO_AXIS_TREADY} -radix hex {1 0ns}
# add_force {/piped_mac/SD_AXIS_TVALID} -radix hex {1 0ns}
# add_force {/piped_mac/SD_AXIS_TLAST} -radix hex {1 0ns}
# add_force {/piped_mac/SD_AXIS_TID} -radix hex {1 0ns}
# add_force {/piped_mac/SD_AXIS_TDATA} -radix hex {1111111122222222 0ns}
# add_force {/piped_mac/SD_AXIS_TUSER} -radix hex {0 0ns}
# run 10ns
# add_force {/piped_mac/SD_AXIS_TVALID} -radix hex {0 0ns}
# run 50ns
# add_force {/piped_mac/SD_AXIS_TVALID} -radix hex {1 0ns}
# add_force {/piped_mac/SD_AXIS_TLAST} -radix hex {0 0ns}
# add_force {/piped_mac/SD_AXIS_TID} -radix hex {2 0ns}
# add_force {/piped_mac/SD_AXIS_TDATA} -radix hex {1111111122222222 0ns}
# add_force {/piped_mac/SD_AXIS_TUSER} -radix hex {0 0ns}
# run 10ns
# add_force {/piped_mac/SD_AXIS_TLAST} -radix hex {1 0ns}
# add_force {/piped_mac/SD_AXIS_TDATA} -radix hex {1010101020202020 0ns}
# run 10ns
# add_force {/piped_mac/SD_AXIS_TLAST} -radix hex {0 0ns}
# add_force {/piped_mac/SD_AXIS_TVALID} -radix hex {0 0ns}
# run 50ns
# add_force {/piped_mac/SD_AXIS_TVALID} -radix hex {1 0ns}
# add_force {/piped_mac/SD_AXIS_TLAST} -radix hex {1 0ns}
# add_force {/piped_mac/SD_AXIS_TID} -radix hex {3 0ns}
# add_force {/piped_mac/SD_AXIS_TDATA} -radix hex {0000AAAA0000BBBB 0ns}
# add_force {/piped_mac/SD_AXIS_TUSER} -radix hex {0 0ns}
# run 10ns
# add_force {/piped_mac/SD_AXIS_TVALID} -radix hex {1 0ns}
# add_force {/piped_mac/SD_AXIS_TLAST} -radix hex {1 0ns}
# add_force {/piped_mac/SD_AXIS_TID} -radix hex {4 0ns}
# add_force {/piped_mac/SD_AXIS_TDATA} -radix hex {0000444400005555 0ns}
# add_force {/piped_mac/SD_AXIS_TUSER} -radix hex {0 0ns}
# run 10ns
# add_force {/piped_mac/SD_AXIS_TVALID} -radix hex {0 0ns}
# run 50ns
source piped_mac2_tb.tcl
# relaunch_sim
Command: launch_simulation -simset sim_1 -mode behavioral
INFO: [Vivado 12-5682] Launching behavioral simulation in '/home/jboateng/cpre_587_lab3/cpre_587_lab1/lab3/cpre487-587-lab3-main/hw/piped_mac/vivado/tc_piped_mac/tc_piped_mac.sim/sim_1/behav/xsim'
INFO: [SIM-utils-51] Simulation object is 'sim_1'
INFO: [SIM-utils-54] Inspecting design source files for 'piped_mac' in fileset 'sim_1'...
INFO: [USF-XSim-97] Finding global include files...
INFO: [USF-XSim-98] Fetching design files from 'sim_1'...
INFO: [USF-XSim-2] XSim::Compile design
INFO: [USF-XSim-61] Executing 'COMPILE and ANALYZE' step in '/home/jboateng/cpre_587_lab3/cpre_587_lab1/lab3/cpre487-587-lab3-main/hw/piped_mac/vivado/tc_piped_mac/tc_piped_mac.sim/sim_1/behav/xsim'
xvhdl --incr --relax -prj piped_mac_vhdl.prj
INFO: [USF-XSim-69] 'compile' step finished in '2' seconds
Command: launch_simulation -simset sim_1 -mode behavioral
INFO: [Vivado 12-5682] Launching behavioral simulation in '/home/jboateng/cpre_587_lab3/cpre_587_lab1/lab3/cpre487-587-lab3-main/hw/piped_mac/vivado/tc_piped_mac/tc_piped_mac.sim/sim_1/behav/xsim'
INFO: [USF-XSim-3] XSim::Elaborate design
INFO: [USF-XSim-61] Executing 'ELABORATE' step in '/home/jboateng/cpre_587_lab3/cpre_587_lab1/lab3/cpre487-587-lab3-main/hw/piped_mac/vivado/tc_piped_mac/tc_piped_mac.sim/sim_1/behav/xsim'
xelab -wto fb616671c31c463490847cd35ff8347c --incr --debug typical --relax --mt 8 -L xil_defaultlib -L secureip --snapshot piped_mac_behav xil_defaultlib.piped_mac -log elaborate.log
Vivado Simulator 2020.1
Copyright 1986-1999, 2001-2020 Xilinx, Inc. All Rights Reserved.
Running: /remote/Xilinx/2020.1/Vivado/2020.1/bin/unwrapped/lnx64.o/xelab -wto fb616671c31c463490847cd35ff8347c --incr --debug typical --relax --mt 8 -L xil_defaultlib -L secureip --snapshot piped_mac_behav xil_defaultlib.piped_mac -log elaborate.log 
Using 8 slave threads.
Starting static elaboration
Completed static elaboration
INFO: [XSIM 43-4323] No Change in HDL. Linking previously generated obj files to create kernel
INFO: [USF-XSim-69] 'elaborate' step finished in '1' seconds
Vivado Simulator 2020.1
Time resolution is 1 ps
relaunch_sim: Time (s): cpu = 00:00:04 ; elapsed = 00:00:06 . Memory (MB): peak = 7519.848 ; gain = 0.000 ; free physical = 5832 ; free virtual = 19534
# add_force {/piped_mac/ACLK} -radix hex {0 0ns} {1 5000ps} -repeat_every 10000ps
# add_force {/piped_mac/ARESETN} -radix hex {0 0ns}
# run 30ns
# add_force {/piped_mac/ARESETN} -radix hex {1 0ns}
# add_force {/piped_mac/MO_AXIS_TREADY} -radix hex {1 0ns}
# add_force {/piped_mac/SD_AXIS_TVALID} -radix hex {1 0ns}
# add_force {/piped_mac/SD_AXIS_TLAST} -radix hex {0 0ns}
# add_force {/piped_mac/SD_AXIS_TID} -radix hex {2 0ns}
# add_force {/piped_mac/SD_AXIS_TDATA} -radix hex {1111111122222222 0ns}
# add_force {/piped_mac/SD_AXIS_TUSER} -radix hex {0 0ns}
# run 10ns
# add_force {/piped_mac/SD_AXIS_TLAST} -radix hex {1 0ns}
# add_force {/piped_mac/SD_AXIS_TDATA} -radix hex {1010101020202020 0ns}
# run 10ns
# add_force {/piped_mac/SD_AXIS_TLAST} -radix hex {0 0ns}
# add_force {/piped_mac/SD_AXIS_TVALID} -radix hex {0 0ns}
# run 50ns
close_sim
INFO: [Simtcl 6-16] Simulation closed
launch_simulation
Command: launch_simulation 
INFO: [Vivado 12-5682] Launching behavioral simulation in '/home/jboateng/cpre_587_lab3/cpre_587_lab1/lab3/cpre487-587-lab3-main/hw/piped_mac/vivado/tc_piped_mac/tc_piped_mac.sim/sim_1/behav/xsim'
INFO: [SIM-utils-51] Simulation object is 'sim_1'
INFO: [SIM-utils-54] Inspecting design source files for 'piped_mac' in fileset 'sim_1'...
INFO: [USF-XSim-97] Finding global include files...
INFO: [USF-XSim-98] Fetching design files from 'sim_1'...
INFO: [USF-XSim-2] XSim::Compile design
INFO: [USF-XSim-61] Executing 'COMPILE and ANALYZE' step in '/home/jboateng/cpre_587_lab3/cpre_587_lab1/lab3/cpre487-587-lab3-main/hw/piped_mac/vivado/tc_piped_mac/tc_piped_mac.sim/sim_1/behav/xsim'
xvhdl --incr --relax -prj piped_mac_vhdl.prj
INFO: [VRFC 10-163] Analyzing VHDL file "/home/jboateng/cpre_587_lab3/cpre_587_lab1/lab3/cpre487-587-lab3-main/hw/piped_mac/hdl/piped_mac.vhd" into library xil_defaultlib
INFO: [VRFC 10-3107] analyzing entity 'piped_mac'
INFO: [USF-XSim-69] 'compile' step finished in '2' seconds
INFO: [USF-XSim-3] XSim::Elaborate design
INFO: [USF-XSim-61] Executing 'ELABORATE' step in '/home/jboateng/cpre_587_lab3/cpre_587_lab1/lab3/cpre487-587-lab3-main/hw/piped_mac/vivado/tc_piped_mac/tc_piped_mac.sim/sim_1/behav/xsim'
xelab -wto fb616671c31c463490847cd35ff8347c --incr --debug typical --relax --mt 8 -L xil_defaultlib -L secureip --snapshot piped_mac_behav xil_defaultlib.piped_mac -log elaborate.log
Vivado Simulator 2020.1
Copyright 1986-1999, 2001-2020 Xilinx, Inc. All Rights Reserved.
Running: /remote/Xilinx/2020.1/Vivado/2020.1/bin/unwrapped/lnx64.o/xelab -wto fb616671c31c463490847cd35ff8347c --incr --debug typical --relax --mt 8 -L xil_defaultlib -L secureip --snapshot piped_mac_behav xil_defaultlib.piped_mac -log elaborate.log 
Using 8 slave threads.
Starting static elaboration
Completed static elaboration
Starting simulation data flow analysis
Completed simulation data flow analysis
Time Resolution for simulation is 1ps
Compiling package std.standard
Compiling package std.textio
Compiling package ieee.std_logic_1164
Compiling package ieee.numeric_std
Compiling architecture behavioral of entity xil_defaultlib.piped_mac
Built simulation snapshot piped_mac_behav
INFO: [USF-XSim-69] 'elaborate' step finished in '2' seconds
INFO: [USF-XSim-4] XSim::Simulate design
INFO: [USF-XSim-61] Executing 'SIMULATE' step in '/home/jboateng/cpre_587_lab3/cpre_587_lab1/lab3/cpre487-587-lab3-main/hw/piped_mac/vivado/tc_piped_mac/tc_piped_mac.sim/sim_1/behav/xsim'
INFO: [USF-XSim-98] *** Running xsim
   with args "piped_mac_behav -key {Behavioral:sim_1:Functional:piped_mac} -tclbatch {piped_mac.tcl} -log {simulate.log}"
INFO: [USF-XSim-8] Loading simulator feature
Vivado Simulator 2020.1
Time resolution is 1 ps
source piped_mac.tcl
# set curr_wave [current_wave_config]
# if { [string length $curr_wave] == 0 } {
#   if { [llength [get_objects]] > 0} {
#     add_wave /
#     set_property needs_save false [current_wave_config]
#   } else {
#      send_msg_id Add_Wave-1 WARNING "No top level signals found. Simulator will start without a wave window. If you want to open a wave window go to 'File->New Waveform Configuration' or type 'create_wave_config' in the TCL console."
#   }
# }
# run 1000ns
INFO: [USF-XSim-96] XSim completed. Design snapshot 'piped_mac_behav' loaded.
INFO: [USF-XSim-97] XSim simulation ran for 1000ns
launch_simulation: Time (s): cpu = 00:00:05 ; elapsed = 00:00:07 . Memory (MB): peak = 7536.125 ; gain = 16.277 ; free physical = 5796 ; free virtual = 19499
source piped_mac2_tb.tcl
# relaunch_sim
Command: launch_simulation -simset sim_1 -mode behavioral
INFO: [Vivado 12-5682] Launching behavioral simulation in '/home/jboateng/cpre_587_lab3/cpre_587_lab1/lab3/cpre487-587-lab3-main/hw/piped_mac/vivado/tc_piped_mac/tc_piped_mac.sim/sim_1/behav/xsim'
INFO: [SIM-utils-51] Simulation object is 'sim_1'
INFO: [SIM-utils-54] Inspecting design source files for 'piped_mac' in fileset 'sim_1'...
INFO: [USF-XSim-97] Finding global include files...
INFO: [USF-XSim-98] Fetching design files from 'sim_1'...
INFO: [USF-XSim-2] XSim::Compile design
INFO: [USF-XSim-61] Executing 'COMPILE and ANALYZE' step in '/home/jboateng/cpre_587_lab3/cpre_587_lab1/lab3/cpre487-587-lab3-main/hw/piped_mac/vivado/tc_piped_mac/tc_piped_mac.sim/sim_1/behav/xsim'
xvhdl --incr --relax -prj piped_mac_vhdl.prj
INFO: [USF-XSim-69] 'compile' step finished in '1' seconds
Command: launch_simulation -simset sim_1 -mode behavioral
INFO: [Vivado 12-5682] Launching behavioral simulation in '/home/jboateng/cpre_587_lab3/cpre_587_lab1/lab3/cpre487-587-lab3-main/hw/piped_mac/vivado/tc_piped_mac/tc_piped_mac.sim/sim_1/behav/xsim'
INFO: [USF-XSim-3] XSim::Elaborate design
INFO: [USF-XSim-61] Executing 'ELABORATE' step in '/home/jboateng/cpre_587_lab3/cpre_587_lab1/lab3/cpre487-587-lab3-main/hw/piped_mac/vivado/tc_piped_mac/tc_piped_mac.sim/sim_1/behav/xsim'
xelab -wto fb616671c31c463490847cd35ff8347c --incr --debug typical --relax --mt 8 -L xil_defaultlib -L secureip --snapshot piped_mac_behav xil_defaultlib.piped_mac -log elaborate.log
Vivado Simulator 2020.1
Copyright 1986-1999, 2001-2020 Xilinx, Inc. All Rights Reserved.
Running: /remote/Xilinx/2020.1/Vivado/2020.1/bin/unwrapped/lnx64.o/xelab -wto fb616671c31c463490847cd35ff8347c --incr --debug typical --relax --mt 8 -L xil_defaultlib -L secureip --snapshot piped_mac_behav xil_defaultlib.piped_mac -log elaborate.log 
Using 8 slave threads.
Starting static elaboration
Completed static elaboration
INFO: [XSIM 43-4323] No Change in HDL. Linking previously generated obj files to create kernel
INFO: [USF-XSim-69] 'elaborate' step finished in '1' seconds
Vivado Simulator 2020.1
Time resolution is 1 ps
relaunch_sim: Time (s): cpu = 00:00:04 ; elapsed = 00:00:06 . Memory (MB): peak = 7536.125 ; gain = 0.000 ; free physical = 5814 ; free virtual = 19517
# add_force {/piped_mac/ACLK} -radix hex {0 0ns} {1 5000ps} -repeat_every 10000ps
# add_force {/piped_mac/ARESETN} -radix hex {0 0ns}
# run 30ns
# add_force {/piped_mac/ARESETN} -radix hex {1 0ns}
# add_force {/piped_mac/MO_AXIS_TREADY} -radix hex {1 0ns}
# add_force {/piped_mac/SD_AXIS_TVALID} -radix hex {1 0ns}
# add_force {/piped_mac/SD_AXIS_TLAST} -radix hex {0 0ns}
# add_force {/piped_mac/SD_AXIS_TID} -radix hex {2 0ns}
# add_force {/piped_mac/SD_AXIS_TDATA} -radix hex {1111111122222222 0ns}
# add_force {/piped_mac/SD_AXIS_TUSER} -radix hex {0 0ns}
# run 10ns
# add_force {/piped_mac/SD_AXIS_TLAST} -radix hex {1 0ns}
# add_force {/piped_mac/SD_AXIS_TDATA} -radix hex {1010101020202020 0ns}
# run 10ns
# add_force {/piped_mac/SD_AXIS_TLAST} -radix hex {0 0ns}
# add_force {/piped_mac/SD_AXIS_TVALID} -radix hex {0 0ns}
# run 50ns
close_sim
INFO: [Simtcl 6-16] Simulation closed
launch_simulation
Command: launch_simulation 
INFO: [Vivado 12-5682] Launching behavioral simulation in '/home/jboateng/cpre_587_lab3/cpre_587_lab1/lab3/cpre487-587-lab3-main/hw/piped_mac/vivado/tc_piped_mac/tc_piped_mac.sim/sim_1/behav/xsim'
INFO: [SIM-utils-51] Simulation object is 'sim_1'
INFO: [SIM-utils-54] Inspecting design source files for 'piped_mac' in fileset 'sim_1'...
INFO: [USF-XSim-97] Finding global include files...
INFO: [USF-XSim-98] Fetching design files from 'sim_1'...
INFO: [USF-XSim-2] XSim::Compile design
INFO: [USF-XSim-61] Executing 'COMPILE and ANALYZE' step in '/home/jboateng/cpre_587_lab3/cpre_587_lab1/lab3/cpre487-587-lab3-main/hw/piped_mac/vivado/tc_piped_mac/tc_piped_mac.sim/sim_1/behav/xsim'
xvhdl --incr --relax -prj piped_mac_vhdl.prj
INFO: [VRFC 10-163] Analyzing VHDL file "/home/jboateng/cpre_587_lab3/cpre_587_lab1/lab3/cpre487-587-lab3-main/hw/piped_mac/hdl/piped_mac.vhd" into library xil_defaultlib
INFO: [VRFC 10-3107] analyzing entity 'piped_mac'
INFO: [USF-XSim-69] 'compile' step finished in '2' seconds
INFO: [USF-XSim-3] XSim::Elaborate design
INFO: [USF-XSim-61] Executing 'ELABORATE' step in '/home/jboateng/cpre_587_lab3/cpre_587_lab1/lab3/cpre487-587-lab3-main/hw/piped_mac/vivado/tc_piped_mac/tc_piped_mac.sim/sim_1/behav/xsim'
xelab -wto fb616671c31c463490847cd35ff8347c --incr --debug typical --relax --mt 8 -L xil_defaultlib -L secureip --snapshot piped_mac_behav xil_defaultlib.piped_mac -log elaborate.log
Vivado Simulator 2020.1
Copyright 1986-1999, 2001-2020 Xilinx, Inc. All Rights Reserved.
Running: /remote/Xilinx/2020.1/Vivado/2020.1/bin/unwrapped/lnx64.o/xelab -wto fb616671c31c463490847cd35ff8347c --incr --debug typical --relax --mt 8 -L xil_defaultlib -L secureip --snapshot piped_mac_behav xil_defaultlib.piped_mac -log elaborate.log 
Using 8 slave threads.
Starting static elaboration
Completed static elaboration
Starting simulation data flow analysis
Completed simulation data flow analysis
Time Resolution for simulation is 1ps
Compiling package std.standard
Compiling package std.textio
Compiling package ieee.std_logic_1164
Compiling package ieee.numeric_std
Compiling architecture behavioral of entity xil_defaultlib.piped_mac
Built simulation snapshot piped_mac_behav
INFO: [USF-XSim-69] 'elaborate' step finished in '2' seconds
INFO: [USF-XSim-4] XSim::Simulate design
INFO: [USF-XSim-61] Executing 'SIMULATE' step in '/home/jboateng/cpre_587_lab3/cpre_587_lab1/lab3/cpre487-587-lab3-main/hw/piped_mac/vivado/tc_piped_mac/tc_piped_mac.sim/sim_1/behav/xsim'
INFO: [USF-XSim-98] *** Running xsim
   with args "piped_mac_behav -key {Behavioral:sim_1:Functional:piped_mac} -tclbatch {piped_mac.tcl} -log {simulate.log}"
INFO: [USF-XSim-8] Loading simulator feature
Vivado Simulator 2020.1
Time resolution is 1 ps
source piped_mac.tcl
# set curr_wave [current_wave_config]
# if { [string length $curr_wave] == 0 } {
#   if { [llength [get_objects]] > 0} {
#     add_wave /
#     set_property needs_save false [current_wave_config]
#   } else {
#      send_msg_id Add_Wave-1 WARNING "No top level signals found. Simulator will start without a wave window. If you want to open a wave window go to 'File->New Waveform Configuration' or type 'create_wave_config' in the TCL console."
#   }
# }
# run 1000ns
INFO: [USF-XSim-96] XSim completed. Design snapshot 'piped_mac_behav' loaded.
INFO: [USF-XSim-97] XSim simulation ran for 1000ns
launch_simulation: Time (s): cpu = 00:00:04 ; elapsed = 00:00:06 . Memory (MB): peak = 7568.141 ; gain = 29.016 ; free physical = 5803 ; free virtual = 19506
source piped_mac2_tb.tcl
# relaunch_sim
Command: launch_simulation -simset sim_1 -mode behavioral
INFO: [Vivado 12-5682] Launching behavioral simulation in '/home/jboateng/cpre_587_lab3/cpre_587_lab1/lab3/cpre487-587-lab3-main/hw/piped_mac/vivado/tc_piped_mac/tc_piped_mac.sim/sim_1/behav/xsim'
INFO: [SIM-utils-51] Simulation object is 'sim_1'
INFO: [SIM-utils-54] Inspecting design source files for 'piped_mac' in fileset 'sim_1'...
INFO: [USF-XSim-97] Finding global include files...
INFO: [USF-XSim-98] Fetching design files from 'sim_1'...
INFO: [USF-XSim-2] XSim::Compile design
INFO: [USF-XSim-61] Executing 'COMPILE and ANALYZE' step in '/home/jboateng/cpre_587_lab3/cpre_587_lab1/lab3/cpre487-587-lab3-main/hw/piped_mac/vivado/tc_piped_mac/tc_piped_mac.sim/sim_1/behav/xsim'
xvhdl --incr --relax -prj piped_mac_vhdl.prj
INFO: [USF-XSim-69] 'compile' step finished in '1' seconds
Command: launch_simulation -simset sim_1 -mode behavioral
INFO: [Vivado 12-5682] Launching behavioral simulation in '/home/jboateng/cpre_587_lab3/cpre_587_lab1/lab3/cpre487-587-lab3-main/hw/piped_mac/vivado/tc_piped_mac/tc_piped_mac.sim/sim_1/behav/xsim'
INFO: [USF-XSim-3] XSim::Elaborate design
INFO: [USF-XSim-61] Executing 'ELABORATE' step in '/home/jboateng/cpre_587_lab3/cpre_587_lab1/lab3/cpre487-587-lab3-main/hw/piped_mac/vivado/tc_piped_mac/tc_piped_mac.sim/sim_1/behav/xsim'
xelab -wto fb616671c31c463490847cd35ff8347c --incr --debug typical --relax --mt 8 -L xil_defaultlib -L secureip --snapshot piped_mac_behav xil_defaultlib.piped_mac -log elaborate.log
Vivado Simulator 2020.1
Copyright 1986-1999, 2001-2020 Xilinx, Inc. All Rights Reserved.
Running: /remote/Xilinx/2020.1/Vivado/2020.1/bin/unwrapped/lnx64.o/xelab -wto fb616671c31c463490847cd35ff8347c --incr --debug typical --relax --mt 8 -L xil_defaultlib -L secureip --snapshot piped_mac_behav xil_defaultlib.piped_mac -log elaborate.log 
Using 8 slave threads.
Starting static elaboration
Completed static elaboration
INFO: [XSIM 43-4323] No Change in HDL. Linking previously generated obj files to create kernel
INFO: [USF-XSim-69] 'elaborate' step finished in '1' seconds
Vivado Simulator 2020.1
