Copyright 1986-2020 Xilinx, Inc. All Rights Reserved.
--------------------------------------------------------------------------------------------------------------------------------------------------------------------
| Tool Version : Vivado v.2020.1 (lin64) Build 2902540 Wed May 27 19:54:35 MDT 2020
| Date         : Wed Nov 22 00:34:55 2023
| Host         : linuxvdi-46.ece.iastate.edu running 64-bit Red Hat Enterprise Linux release 8.8 (Ootpa)
| Command      : report_methodology -file staged_mac_methodology_drc_routed.rpt -pb staged_mac_methodology_drc_routed.pb -rpx staged_mac_methodology_drc_routed.rpx
| Design       : staged_mac
| Device       : xc7z020clg484-1
| Speed File   : -1
| Design State : Fully Routed
--------------------------------------------------------------------------------------------------------------------------------------------------------------------

Report Methodology

Table of Contents
-----------------
1. REPORT SUMMARY
2. REPORT DETAILS

1. REPORT SUMMARY
-----------------
            Netlist: netlist
          Floorplan: design_1
      Design limits: <entire design considered>
             Max violations: <unlimited>
             Violations found: 180
+-----------+----------+-------------------------------+------------+
| Rule      | Severity | Description                   | Violations |
+-----------+----------+-------------------------------+------------+
| SYNTH-9   | Warning  | Small multiplier              | 13         |
| TIMING-18 | Warning  | Missing input or output delay | 167        |
+-----------+----------+-------------------------------+------------+

2. REPORT DETAILS
-----------------
SYNTH-9#1 Warning
Small multiplier  
Detected multiplier at product_reg[10]_i_1 of size 8x8, it is implemented as LUTs due to its small size. To force the multiplier onto a DSP block, use the USE_DSP48 attribute.
Related violations: <none>

SYNTH-9#2 Warning
Small multiplier  
Detected multiplier at product_reg[10]_i_10 of size 8x8, it is implemented as LUTs due to its small size. To force the multiplier onto a DSP block, use the USE_DSP48 attribute.
Related violations: <none>

SYNTH-9#3 Warning
Small multiplier  
Detected multiplier at product_reg[10]_i_11 of size 8x8, it is implemented as LUTs due to its small size. To force the multiplier onto a DSP block, use the USE_DSP48 attribute.
Related violations: <none>

SYNTH-9#4 Warning
Small multiplier  
Detected multiplier at product_reg[10]_i_12 of size 8x8, it is implemented as LUTs due to its small size. To force the multiplier onto a DSP block, use the USE_DSP48 attribute.
Related violations: <none>

SYNTH-9#5 Warning
Small multiplier  
Detected multiplier at product_reg[14]_i_1 of size 8x8, it is implemented as LUTs due to its small size. To force the multiplier onto a DSP block, use the USE_DSP48 attribute.
Related violations: <none>

SYNTH-9#6 Warning
Small multiplier  
Detected multiplier at product_reg[14]_i_10 of size 8x8, it is implemented as LUTs due to its small size. To force the multiplier onto a DSP block, use the USE_DSP48 attribute.
Related violations: <none>

SYNTH-9#7 Warning
Small multiplier  
Detected multiplier at product_reg[14]_i_11 of size 8x8, it is implemented as LUTs due to its small size. To force the multiplier onto a DSP block, use the USE_DSP48 attribute.
Related violations: <none>

SYNTH-9#8 Warning
Small multiplier  
Detected multiplier at product_reg[14]_i_9 of size 8x8, it is implemented as LUTs due to its small size. To force the multiplier onto a DSP block, use the USE_DSP48 attribute.
Related violations: <none>

SYNTH-9#9 Warning
Small multiplier  
Detected multiplier at product_reg[15]_i_2 of size 8x8, it is implemented as LUTs due to its small size. To force the multiplier onto a DSP block, use the USE_DSP48 attribute.
Related violations: <none>

SYNTH-9#10 Warning
Small multiplier  
Detected multiplier at product_reg[15]_i_3 of size 8x8, it is implemented as LUTs due to its small size. To force the multiplier onto a DSP block, use the USE_DSP48 attribute.
Related violations: <none>

SYNTH-9#11 Warning
Small multiplier  
Detected multiplier at product_reg[15]_i_4 of size 8x8, it is implemented as LUTs due to its small size. To force the multiplier onto a DSP block, use the USE_DSP48 attribute.
Related violations: <none>

SYNTH-9#12 Warning
Small multiplier  
Detected multiplier at product_reg[2]_i_1 of size 8x8, it is implemented as LUTs due to its small size. To force the multiplier onto a DSP block, use the USE_DSP48 attribute.
Related violations: <none>

SYNTH-9#13 Warning
Small multiplier  
Detected multiplier at product_reg[6]_i_1 of size 8x8, it is implemented as LUTs due to its small size. To force the multiplier onto a DSP block, use the USE_DSP48 attribute.
Related violations: <none>

TIMING-18#1 Warning
Missing input or output delay  
An input delay is missing on ARESETN relative to clock(s) main
Related violations: <none>

TIMING-18#2 Warning
Missing input or output delay  
An input delay is missing on MO_AXIS_TREADY relative to clock(s) main
Related violations: <none>

TIMING-18#3 Warning
Missing input or output delay  
An input delay is missing on SD_AXIS_TDATA[0] relative to clock(s) main
Related violations: <none>

TIMING-18#4 Warning
Missing input or output delay  
An input delay is missing on SD_AXIS_TDATA[100] relative to clock(s) main
Related violations: <none>

TIMING-18#5 Warning
Missing input or output delay  
An input delay is missing on SD_AXIS_TDATA[101] relative to clock(s) main
Related violations: <none>

TIMING-18#6 Warning
Missing input or output delay  
An input delay is missing on SD_AXIS_TDATA[102] relative to clock(s) main
Related violations: <none>

TIMING-18#7 Warning
Missing input or output delay  
An input delay is missing on SD_AXIS_TDATA[103] relative to clock(s) main
Related violations: <none>

TIMING-18#8 Warning
Missing input or output delay  
An input delay is missing on SD_AXIS_TDATA[104] relative to clock(s) main
Related violations: <none>

TIMING-18#9 Warning
Missing input or output delay  
An input delay is missing on SD_AXIS_TDATA[105] relative to clock(s) main
Related violations: <none>

TIMING-18#10 Warning
Missing input or output delay  
An input delay is missing on SD_AXIS_TDATA[106] relative to clock(s) main
Related violations: <none>

TIMING-18#11 Warning
Missing input or output delay  
An input delay is missing on SD_AXIS_TDATA[107] relative to clock(s) main
Related violations: <none>

TIMING-18#12 Warning
Missing input or output delay  
An input delay is missing on SD_AXIS_TDATA[108] relative to clock(s) main
Related violations: <none>

TIMING-18#13 Warning
Missing input or output delay  
An input delay is missing on SD_AXIS_TDATA[109] relative to clock(s) main
Related violations: <none>

TIMING-18#14 Warning
Missing input or output delay  
An input delay is missing on SD_AXIS_TDATA[10] relative to clock(s) main
Related violations: <none>

TIMING-18#15 Warning
Missing input or output delay  
An input delay is missing on SD_AXIS_TDATA[110] relative to clock(s) main
Related violations: <none>

TIMING-18#16 Warning
Missing input or output delay  
An input delay is missing on SD_AXIS_TDATA[111] relative to clock(s) main
Related violations: <none>

TIMING-18#17 Warning
Missing input or output delay  
An input delay is missing on SD_AXIS_TDATA[112] relative to clock(s) main
Related violations: <none>

TIMING-18#18 Warning
Missing input or output delay  
An input delay is missing on SD_AXIS_TDATA[113] relative to clock(s) main
Related violations: <none>

TIMING-18#19 Warning
Missing input or output delay  
An input delay is missing on SD_AXIS_TDATA[114] relative to clock(s) main
Related violations: <none>

TIMING-18#20 Warning
Missing input or output delay  
An input delay is missing on SD_AXIS_TDATA[115] relative to clock(s) main
Related violations: <none>

TIMING-18#21 Warning
Missing input or output delay  
An input delay is missing on SD_AXIS_TDATA[116] relative to clock(s) main
Related violations: <none>

TIMING-18#22 Warning
Missing input or output delay  
An input delay is missing on SD_AXIS_TDATA[117] relative to clock(s) main
Related violations: <none>

TIMING-18#23 Warning
Missing input or output delay  
An input delay is missing on SD_AXIS_TDATA[118] relative to clock(s) main
Related violations: <none>

TIMING-18#24 Warning
Missing input or output delay  
An input delay is missing on SD_AXIS_TDATA[119] relative to clock(s) main
Related violations: <none>

TIMING-18#25 Warning
Missing input or output delay  
An input delay is missing on SD_AXIS_TDATA[11] relative to clock(s) main
Related violations: <none>

TIMING-18#26 Warning
Missing input or output delay  
An input delay is missing on SD_AXIS_TDATA[120] relative to clock(s) main
Related violations: <none>

TIMING-18#27 Warning
Missing input or output delay  
An input delay is missing on SD_AXIS_TDATA[121] relative to clock(s) main
Related violations: <none>

TIMING-18#28 Warning
Missing input or output delay  
An input delay is missing on SD_AXIS_TDATA[122] relative to clock(s) main
Related violations: <none>

TIMING-18#29 Warning
Missing input or output delay  
An input delay is missing on SD_AXIS_TDATA[123] relative to clock(s) main
Related violations: <none>

TIMING-18#30 Warning
Missing input or output delay  
An input delay is missing on SD_AXIS_TDATA[124] relative to clock(s) main
Related violations: <none>

TIMING-18#31 Warning
Missing input or output delay  
An input delay is missing on SD_AXIS_TDATA[125] relative to clock(s) main
Related violations: <none>

TIMING-18#32 Warning
Missing input or output delay  
An input delay is missing on SD_AXIS_TDATA[126] relative to clock(s) main
Related violations: <none>

TIMING-18#33 Warning
Missing input or output delay  
An input delay is missing on SD_AXIS_TDATA[127] relative to clock(s) main
Related violations: <none>

TIMING-18#34 Warning
Missing input or output delay  
An input delay is missing on SD_AXIS_TDATA[12] relative to clock(s) main
Related violations: <none>

TIMING-18#35 Warning
Missing input or output delay  
An input delay is missing on SD_AXIS_TDATA[13] relative to clock(s) main
Related violations: <none>

TIMING-18#36 Warning
Missing input or output delay  
An input delay is missing on SD_AXIS_TDATA[14] relative to clock(s) main
Related violations: <none>

TIMING-18#37 Warning
Missing input or output delay  
An input delay is missing on SD_AXIS_TDATA[15] relative to clock(s) main
Related violations: <none>

TIMING-18#38 Warning
Missing input or output delay  
An input delay is missing on SD_AXIS_TDATA[16] relative to clock(s) main
Related violations: <none>

TIMING-18#39 Warning
Missing input or output delay  
An input delay is missing on SD_AXIS_TDATA[17] relative to clock(s) main
Related violations: <none>

TIMING-18#40 Warning
Missing input or output delay  
An input delay is missing on SD_AXIS_TDATA[18] relative to clock(s) main
Related violations: <none>

TIMING-18#41 Warning
Missing input or output delay  
An input delay is missing on SD_AXIS_TDATA[19] relative to clock(s) main
Related violations: <none>

TIMING-18#42 Warning
Missing input or output delay  
An input delay is missing on SD_AXIS_TDATA[1] relative to clock(s) main
Related violations: <none>

TIMING-18#43 Warning
Missing input or output delay  
An input delay is missing on SD_AXIS_TDATA[20] relative to clock(s) main
Related violations: <none>

TIMING-18#44 Warning
Missing input or output delay  
An input delay is missing on SD_AXIS_TDATA[21] relative to clock(s) main
Related violations: <none>

TIMING-18#45 Warning
Missing input or output delay  
An input delay is missing on SD_AXIS_TDATA[22] relative to clock(s) main
Related violations: <none>

TIMING-18#46 Warning
Missing input or output delay  
An input delay is missing on SD_AXIS_TDATA[23] relative to clock(s) main
Related violations: <none>

TIMING-18#47 Warning
Missing input or output delay  
An input delay is missing on SD_AXIS_TDATA[24] relative to clock(s) main
Related violations: <none>

TIMING-18#48 Warning
Missing input or output delay  
An input delay is missing on SD_AXIS_TDATA[25] relative to clock(s) main
Related violations: <none>

TIMING-18#49 Warning
Missing input or output delay  
An input delay is missing on SD_AXIS_TDATA[26] relative to clock(s) main
Related violations: <none>

TIMING-18#50 Warning
Missing input or output delay  
An input delay is missing on SD_AXIS_TDATA[27] relative to clock(s) main
Related violations: <none>

TIMING-18#51 Warning
Missing input or output delay  
An input delay is missing on SD_AXIS_TDATA[28] relative to clock(s) main
Related violations: <none>

TIMING-18#52 Warning
Missing input or output delay  
An input delay is missing on SD_AXIS_TDATA[29] relative to clock(s) main
Related violations: <none>

TIMING-18#53 Warning
Missing input or output delay  
An input delay is missing on SD_AXIS_TDATA[2] relative to clock(s) main
Related violations: <none>

TIMING-18#54 Warning
Missing input or output delay  
An input delay is missing on SD_AXIS_TDATA[30] relative to clock(s) main
Related violations: <none>

TIMING-18#55 Warning
Missing input or output delay  
An input delay is missing on SD_AXIS_TDATA[31] relative to clock(s) main
Related violations: <none>

TIMING-18#56 Warning
Missing input or output delay  
An input delay is missing on SD_AXIS_TDATA[32] relative to clock(s) main
Related violations: <none>

TIMING-18#57 Warning
Missing input or output delay  
An input delay is missing on SD_AXIS_TDATA[33] relative to clock(s) main
Related violations: <none>

TIMING-18#58 Warning
Missing input or output delay  
An input delay is missing on SD_AXIS_TDATA[34] relative to clock(s) main
Related violations: <none>

TIMING-18#59 Warning
Missing input or output delay  
An input delay is missing on SD_AXIS_TDATA[35] relative to clock(s) main
Related violations: <none>

TIMING-18#60 Warning
Missing input or output delay  
An input delay is missing on SD_AXIS_TDATA[36] relative to clock(s) main
Related violations: <none>

TIMING-18#61 Warning
Missing input or output delay  
An input delay is missing on SD_AXIS_TDATA[37] relative to clock(s) main
Related violations: <none>

TIMING-18#62 Warning
Missing input or output delay  
An input delay is missing on SD_AXIS_TDATA[38] relative to clock(s) main
Related violations: <none>

TIMING-18#63 Warning
Missing input or output delay  
An input delay is missing on SD_AXIS_TDATA[39] relative to clock(s) main
Related violations: <none>

TIMING-18#64 Warning
Missing input or output delay  
An input delay is missing on SD_AXIS_TDATA[3] relative to clock(s) main
Related violations: <none>

TIMING-18#65 Warning
Missing input or output delay  
An input delay is missing on SD_AXIS_TDATA[40] relative to clock(s) main
Related violations: <none>

TIMING-18#66 Warning
Missing input or output delay  
An input delay is missing on SD_AXIS_TDATA[41] relative to clock(s) main
Related violations: <none>

TIMING-18#67 Warning
Missing input or output delay  
An input delay is missing on SD_AXIS_TDATA[42] relative to clock(s) main
Related violations: <none>

TIMING-18#68 Warning
Missing input or output delay  
An input delay is missing on SD_AXIS_TDATA[43] relative to clock(s) main
Related violations: <none>

TIMING-18#69 Warning
Missing input or output delay  
An input delay is missing on SD_AXIS_TDATA[44] relative to clock(s) main
Related violations: <none>

TIMING-18#70 Warning
Missing input or output delay  
An input delay is missing on SD_AXIS_TDATA[45] relative to clock(s) main
Related violations: <none>

TIMING-18#71 Warning
Missing input or output delay  
An input delay is missing on SD_AXIS_TDATA[46] relative to clock(s) main
Related violations: <none>

TIMING-18#72 Warning
Missing input or output delay  
An input delay is missing on SD_AXIS_TDATA[47] relative to clock(s) main
Related violations: <none>

TIMING-18#73 Warning
Missing input or output delay  
An input delay is missing on SD_AXIS_TDATA[48] relative to clock(s) main
Related violations: <none>

TIMING-18#74 Warning
Missing input or output delay  
An input delay is missing on SD_AXIS_TDATA[49] relative to clock(s) main
Related violations: <none>

TIMING-18#75 Warning
Missing input or output delay  
An input delay is missing on SD_AXIS_TDATA[4] relative to clock(s) main
Related violations: <none>

TIMING-18#76 Warning
Missing input or output delay  
An input delay is missing on SD_AXIS_TDATA[50] relative to clock(s) main
Related violations: <none>

TIMING-18#77 Warning
Missing input or output delay  
An input delay is missing on SD_AXIS_TDATA[51] relative to clock(s) main
Related violations: <none>

TIMING-18#78 Warning
Missing input or output delay  
An input delay is missing on SD_AXIS_TDATA[52] relative to clock(s) main
Related violations: <none>

TIMING-18#79 Warning
Missing input or output delay  
An input delay is missing on SD_AXIS_TDATA[53] relative to clock(s) main
Related violations: <none>

TIMING-18#80 Warning
Missing input or output delay  
An input delay is missing on SD_AXIS_TDATA[54] relative to clock(s) main
Related violations: <none>

TIMING-18#81 Warning
Missing input or output delay  
An input delay is missing on SD_AXIS_TDATA[55] relative to clock(s) main
Related violations: <none>

TIMING-18#82 Warning
Missing input or output delay  
An input delay is missing on SD_AXIS_TDATA[56] relative to clock(s) main
Related violations: <none>

TIMING-18#83 Warning
Missing input or output delay  
An input delay is missing on SD_AXIS_TDATA[57] relative to clock(s) main
Related violations: <none>

TIMING-18#84 Warning
Missing input or output delay  
An input delay is missing on SD_AXIS_TDATA[58] relative to clock(s) main
Related violations: <none>

TIMING-18#85 Warning
Missing input or output delay  
An input delay is missing on SD_AXIS_TDATA[59] relative to clock(s) main
Related violations: <none>

TIMING-18#86 Warning
Missing input or output delay  
An input delay is missing on SD_AXIS_TDATA[5] relative to clock(s) main
Related violations: <none>

TIMING-18#87 Warning
Missing input or output delay  
An input delay is missing on SD_AXIS_TDATA[60] relative to clock(s) main
Related violations: <none>

TIMING-18#88 Warning
Missing input or output delay  
An input delay is missing on SD_AXIS_TDATA[61] relative to clock(s) main
Related violations: <none>

TIMING-18#89 Warning
Missing input or output delay  
An input delay is missing on SD_AXIS_TDATA[62] relative to clock(s) main
Related violations: <none>

TIMING-18#90 Warning
Missing input or output delay  
An input delay is missing on SD_AXIS_TDATA[63] relative to clock(s) main
Related violations: <none>

TIMING-18#91 Warning
Missing input or output delay  
An input delay is missing on SD_AXIS_TDATA[64] relative to clock(s) main
Related violations: <none>

TIMING-18#92 Warning
Missing input or output delay  
An input delay is missing on SD_AXIS_TDATA[65] relative to clock(s) main
Related violations: <none>

TIMING-18#93 Warning
Missing input or output delay  
An input delay is missing on SD_AXIS_TDATA[66] relative to clock(s) main
Related violations: <none>

TIMING-18#94 Warning
Missing input or output delay  
An input delay is missing on SD_AXIS_TDATA[67] relative to clock(s) main
Related violations: <none>

TIMING-18#95 Warning
Missing input or output delay  
An input delay is missing on SD_AXIS_TDATA[68] relative to clock(s) main
Related violations: <none>

TIMING-18#96 Warning
Missing input or output delay  
An input delay is missing on SD_AXIS_TDATA[69] relative to clock(s) main
Related violations: <none>

TIMING-18#97 Warning
Missing input or output delay  
An input delay is missing on SD_AXIS_TDATA[6] relative to clock(s) main
Related violations: <none>

TIMING-18#98 Warning
Missing input or output delay  
An input delay is missing on SD_AXIS_TDATA[70] relative to clock(s) main
Related violations: <none>

TIMING-18#99 Warning
Missing input or output delay  
An input delay is missing on SD_AXIS_TDATA[71] relative to clock(s) main
Related violations: <none>

TIMING-18#100 Warning
Missing input or output delay  
An input delay is missing on SD_AXIS_TDATA[72] relative to clock(s) main
Related violations: <none>

TIMING-18#101 Warning
Missing input or output delay  
An input delay is missing on SD_AXIS_TDATA[73] relative to clock(s) main
Related violations: <none>

TIMING-18#102 Warning
Missing input or output delay  
An input delay is missing on SD_AXIS_TDATA[74] relative to clock(s) main
Related violations: <none>

TIMING-18#103 Warning
Missing input or output delay  
An input delay is missing on SD_AXIS_TDATA[75] relative to clock(s) main
Related violations: <none>

TIMING-18#104 Warning
Missing input or output delay  
An input delay is missing on SD_AXIS_TDATA[76] relative to clock(s) main
Related violations: <none>

TIMING-18#105 Warning
Missing input or output delay  
An input delay is missing on SD_AXIS_TDATA[77] relative to clock(s) main
Related violations: <none>

TIMING-18#106 Warning
Missing input or output delay  
An input delay is missing on SD_AXIS_TDATA[78] relative to clock(s) main
Related violations: <none>

TIMING-18#107 Warning
Missing input or output delay  
An input delay is missing on SD_AXIS_TDATA[79] relative to clock(s) main
Related violations: <none>

TIMING-18#108 Warning
Missing input or output delay  
An input delay is missing on SD_AXIS_TDATA[7] relative to clock(s) main
Related violations: <none>

TIMING-18#109 Warning
Missing input or output delay  
An input delay is missing on SD_AXIS_TDATA[80] relative to clock(s) main
Related violations: <none>

TIMING-18#110 Warning
Missing input or output delay  
An input delay is missing on SD_AXIS_TDATA[81] relative to clock(s) main
Related violations: <none>

TIMING-18#111 Warning
Missing input or output delay  
An input delay is missing on SD_AXIS_TDATA[82] relative to clock(s) main
Related violations: <none>

TIMING-18#112 Warning
Missing input or output delay  
An input delay is missing on SD_AXIS_TDATA[83] relative to clock(s) main
Related violations: <none>

TIMING-18#113 Warning
Missing input or output delay  
An input delay is missing on SD_AXIS_TDATA[84] relative to clock(s) main
Related violations: <none>

TIMING-18#114 Warning
Missing input or output delay  
An input delay is missing on SD_AXIS_TDATA[85] relative to clock(s) main
Related violations: <none>

TIMING-18#115 Warning
Missing input or output delay  
An input delay is missing on SD_AXIS_TDATA[86] relative to clock(s) main
Related violations: <none>

TIMING-18#116 Warning
Missing input or output delay  
An input delay is missing on SD_AXIS_TDATA[87] relative to clock(s) main
Related violations: <none>

TIMING-18#117 Warning
Missing input or output delay  
An input delay is missing on SD_AXIS_TDATA[88] relative to clock(s) main
Related violations: <none>

TIMING-18#118 Warning
Missing input or output delay  
An input delay is missing on SD_AXIS_TDATA[89] relative to clock(s) main
Related violations: <none>

TIMING-18#119 Warning
Missing input or output delay  
An input delay is missing on SD_AXIS_TDATA[8] relative to clock(s) main
Related violations: <none>

TIMING-18#120 Warning
Missing input or output delay  
An input delay is missing on SD_AXIS_TDATA[90] relative to clock(s) main
Related violations: <none>

TIMING-18#121 Warning
Missing input or output delay  
An input delay is missing on SD_AXIS_TDATA[91] relative to clock(s) main
Related violations: <none>

TIMING-18#122 Warning
Missing input or output delay  
An input delay is missing on SD_AXIS_TDATA[92] relative to clock(s) main
Related violations: <none>

TIMING-18#123 Warning
Missing input or output delay  
An input delay is missing on SD_AXIS_TDATA[93] relative to clock(s) main
Related violations: <none>

TIMING-18#124 Warning
Missing input or output delay  
An input delay is missing on SD_AXIS_TDATA[94] relative to clock(s) main
Related violations: <none>

TIMING-18#125 Warning
Missing input or output delay  
An input delay is missing on SD_AXIS_TDATA[95] relative to clock(s) main
Related violations: <none>

TIMING-18#126 Warning
Missing input or output delay  
An input delay is missing on SD_AXIS_TDATA[96] relative to clock(s) main
Related violations: <none>

TIMING-18#127 Warning
Missing input or output delay  
An input delay is missing on SD_AXIS_TDATA[97] relative to clock(s) main
Related violations: <none>

TIMING-18#128 Warning
Missing input or output delay  
An input delay is missing on SD_AXIS_TDATA[98] relative to clock(s) main
Related violations: <none>

TIMING-18#129 Warning
Missing input or output delay  
An input delay is missing on SD_AXIS_TDATA[99] relative to clock(s) main
Related violations: <none>

TIMING-18#130 Warning
Missing input or output delay  
An input delay is missing on SD_AXIS_TDATA[9] relative to clock(s) main
Related violations: <none>

TIMING-18#131 Warning
Missing input or output delay  
An input delay is missing on SD_AXIS_TID[0] relative to clock(s) main
Related violations: <none>

TIMING-18#132 Warning
Missing input or output delay  
An input delay is missing on SD_AXIS_TID[1] relative to clock(s) main
Related violations: <none>

TIMING-18#133 Warning
Missing input or output delay  
An input delay is missing on SD_AXIS_TID[2] relative to clock(s) main
Related violations: <none>

TIMING-18#134 Warning
Missing input or output delay  
An input delay is missing on SD_AXIS_TID[3] relative to clock(s) main
Related violations: <none>

TIMING-18#135 Warning
Missing input or output delay  
An input delay is missing on SD_AXIS_TID[4] relative to clock(s) main
Related violations: <none>

TIMING-18#136 Warning
Missing input or output delay  
An input delay is missing on SD_AXIS_TID[5] relative to clock(s) main
Related violations: <none>

TIMING-18#137 Warning
Missing input or output delay  
An input delay is missing on SD_AXIS_TID[6] relative to clock(s) main
Related violations: <none>

TIMING-18#138 Warning
Missing input or output delay  
An input delay is missing on SD_AXIS_TID[7] relative to clock(s) main
Related violations: <none>

TIMING-18#139 Warning
Missing input or output delay  
An input delay is missing on SD_AXIS_TLAST relative to clock(s) main
Related violations: <none>

TIMING-18#140 Warning
Missing input or output delay  
An input delay is missing on SD_AXIS_TUSER relative to clock(s) main
Related violations: <none>

TIMING-18#141 Warning
Missing input or output delay  
An input delay is missing on SD_AXIS_TVALID relative to clock(s) main
Related violations: <none>

TIMING-18#142 Warning
Missing input or output delay  
An output delay is missing on MO_AXIS_TDATA[0] relative to clock(s) main
Related violations: <none>

TIMING-18#143 Warning
Missing input or output delay  
An output delay is missing on MO_AXIS_TDATA[10] relative to clock(s) main
Related violations: <none>

TIMING-18#144 Warning
Missing input or output delay  
An output delay is missing on MO_AXIS_TDATA[11] relative to clock(s) main
Related violations: <none>

TIMING-18#145 Warning
Missing input or output delay  
An output delay is missing on MO_AXIS_TDATA[12] relative to clock(s) main
Related violations: <none>

TIMING-18#146 Warning
Missing input or output delay  
An output delay is missing on MO_AXIS_TDATA[13] relative to clock(s) main
Related violations: <none>

TIMING-18#147 Warning
Missing input or output delay  
An output delay is missing on MO_AXIS_TDATA[14] relative to clock(s) main
Related violations: <none>

TIMING-18#148 Warning
Missing input or output delay  
An output delay is missing on MO_AXIS_TDATA[15] relative to clock(s) main
Related violations: <none>

TIMING-18#149 Warning
Missing input or output delay  
An output delay is missing on MO_AXIS_TDATA[1] relative to clock(s) main
Related violations: <none>

TIMING-18#150 Warning
Missing input or output delay  
An output delay is missing on MO_AXIS_TDATA[2] relative to clock(s) main
Related violations: <none>

TIMING-18#151 Warning
Missing input or output delay  
An output delay is missing on MO_AXIS_TDATA[3] relative to clock(s) main
Related violations: <none>

TIMING-18#152 Warning
Missing input or output delay  
An output delay is missing on MO_AXIS_TDATA[4] relative to clock(s) main
Related violations: <none>

TIMING-18#153 Warning
Missing input or output delay  
An output delay is missing on MO_AXIS_TDATA[5] relative to clock(s) main
Related violations: <none>

TIMING-18#154 Warning
Missing input or output delay  
An output delay is missing on MO_AXIS_TDATA[6] relative to clock(s) main
Related violations: <none>

TIMING-18#155 Warning
Missing input or output delay  
An output delay is missing on MO_AXIS_TDATA[7] relative to clock(s) main
Related violations: <none>

TIMING-18#156 Warning
Missing input or output delay  
An output delay is missing on MO_AXIS_TDATA[8] relative to clock(s) main
Related violations: <none>

TIMING-18#157 Warning
Missing input or output delay  
An output delay is missing on MO_AXIS_TDATA[9] relative to clock(s) main
Related violations: <none>

TIMING-18#158 Warning
Missing input or output delay  
An output delay is missing on MO_AXIS_TID[0] relative to clock(s) main
Related violations: <none>

TIMING-18#159 Warning
Missing input or output delay  
An output delay is missing on MO_AXIS_TID[1] relative to clock(s) main
Related violations: <none>

TIMING-18#160 Warning
Missing input or output delay  
An output delay is missing on MO_AXIS_TID[2] relative to clock(s) main
Related violations: <none>

TIMING-18#161 Warning
Missing input or output delay  
An output delay is missing on MO_AXIS_TID[3] relative to clock(s) main
Related violations: <none>

TIMING-18#162 Warning
Missing input or output delay  
An output delay is missing on MO_AXIS_TID[4] relative to clock(s) main
Related violations: <none>

TIMING-18#163 Warning
Missing input or output delay  
An output delay is missing on MO_AXIS_TID[5] relative to clock(s) main
Related violations: <none>

TIMING-18#164 Warning
Missing input or output delay  
An output delay is missing on MO_AXIS_TID[6] relative to clock(s) main
Related violations: <none>

TIMING-18#165 Warning
Missing input or output delay  
An output delay is missing on MO_AXIS_TID[7] relative to clock(s) main
Related violations: <none>

TIMING-18#166 Warning
Missing input or output delay  
An output delay is missing on MO_AXIS_TLAST relative to clock(s) main
Related violations: <none>

TIMING-18#167 Warning
Missing input or output delay  
An output delay is missing on MO_AXIS_TVALID relative to clock(s) main
Related violations: <none>


